[ 2017-06-18T16:25:21+08:00 ] 127.0.0.1 /Home/Cart/cart_update
INFO: [ app_begin ] --START--
INFO: Run Behavior\ReadHtmlCacheBehavior [ RunTime:0.000400s ]
INFO: [ app_begin ] --END-- [ RunTime:0.000770s ]
INFO: [ app_end ] --START--
INFO: Run Behavior\ShowPageTraceBehavior [ RunTime:0.000425s ]
INFO: [ app_end ] --END-- [ RunTime:0.000527s ]

[ 2017-06-18T16:25:22+08:00 ] 127.0.0.1 /Home/Cart/cart_update
INFO: [ app_begin ] --START--
INFO: Run Behavior\ReadHtmlCacheBehavior [ RunTime:0.000395s ]
INFO: [ app_begin ] --END-- [ RunTime:0.000754s ]
INFO: [ app_end ] --START--
INFO: Run Behavior\ShowPageTraceBehavior [ RunTime:0.000398s ]
INFO: [ app_end ] --END-- [ RunTime:0.000501s ]

[ 2017-06-18T16:25:23+08:00 ] 127.0.0.1 /Home/Cart/cart_update
INFO: [ app_begin ] --START--
INFO: Run Behavior\ReadHtmlCacheBehavior [ RunTime:0.000421s ]
INFO: [ app_begin ] --END-- [ RunTime:0.000769s ]
INFO: [ app_end ] --START--
INFO: Run Behavior\ShowPageTraceBehavior [ RunTime:0.000425s ]
INFO: [ app_end ] --END-- [ RunTime:0.000528s ]

[ 2017-06-18T16:25:23+08:00 ] 127.0.0.1 /Home/Cart/cart_update
INFO: [ app_begin ] --START--
INFO: Run Behavior\ReadHtmlCacheBehavior [ RunTime:0.000396s ]
INFO: [ app_begin ] --END-- [ RunTime:0.000759s ]
INFO: [ app_end ] --START--
INFO: Run Behavior\ShowPageTraceBehavior [ RunTime:0.000448s ]
INFO: [ app_end ] --END-- [ RunTime:0.000561s ]

[ 2017-06-18T16:25:24+08:00 ] 127.0.0.1 /Home/Cart/cart_update
INFO: [ app_begin ] --START--
INFO: Run Behavior\ReadHtmlCacheBehavior [ RunTime:0.000393s ]
INFO: [ app_begin ] --END-- [ RunTime:0.000755s ]
INFO: [ app_end ] --START--
INFO: Run Behavior\ShowPageTraceBehavior [ RunTime:0.000430s ]
INFO: [ app_end ] --END-- [ RunTime:0.000533s ]

[ 2017-06-18T16:25:25+08:00 ] 127.0.0.1 /Home/Cart/cart_update
INFO: [ app_begin ] --START--
INFO: Run Behavior\ReadHtmlCacheBehavior [ RunTime:0.000398s ]
INFO: [ app_begin ] --END-- [ RunTime:0.000737s ]
INFO: [ app_end ] --START--
INFO: Run Behavior\ShowPageTraceBehavior [ RunTime:0.000396s ]
INFO: [ app_end ] --END-- [ RunTime:0.000498s ]

[ 2017-06-18T16:25:25+08:00 ] 127.0.0.1 /Home/Cart/cart_update
INFO: [ app_begin ] --START--
INFO: Run Behavior\ReadHtmlCacheBehavior [ RunTime:0.000399s ]
INFO: [ app_begin ] --END-- [ RunTime:0.000759s ]
INFO: [ app_end ] --START--
INFO: Run Behavior\ShowPageTraceBehavior [ RunTime:0.000415s ]
INFO: [ app_end ] --END-- [ RunTime:0.000520s ]

[ 2017-06-18T16:25:27+08:00 ] 127.0.0.1 /Home/Cart/cart_update
INFO: [ app_begin ] --START--
INFO: Run Behavior\ReadHtmlCacheBehavior [ RunTime:0.000394s ]
INFO: [ app_begin ] --END-- [ RunTime:0.000752s ]
INFO: [ app_end ] --START--
INFO: Run Behavior\ShowPageTraceBehavior [ RunTime:0.000922s ]
INFO: [ app_end ] --END-- [ RunTime:0.001059s ]

[ 2017-06-18T16:25:28+08:00 ] 127.0.0.1 /Home/Cart/cart_update
INFO: [ app_begin ] --START--
INFO: Run Behavior\ReadHtmlCacheBehavior [ RunTime:0.000393s ]
INFO: [ app_begin ] --END-- [ RunTime:0.000728s ]
INFO: [ app_end ] --START--
INFO: Run Behavior\ShowPageTraceBehavior [ RunTime:0.000602s ]
INFO: [ app_end ] --END-- [ RunTime:0.000800s ]

[ 2017-06-18T16:25:28+08:00 ] 127.0.0.1 /Home/Cart/cart_update
INFO: [ app_begin ] --START--
INFO: Run Behavior\ReadHtmlCacheBehavior [ RunTime:0.000573s ]
INFO: [ app_begin ] --END-- [ RunTime:0.000951s ]
INFO: [ app_end ] --START--
INFO: Run Behavior\ShowPageTraceBehavior [ RunTime:0.000411s ]
INFO: [ app_end ] --END-- [ RunTime:0.000518s ]

[ 2017-06-18T16:25:28+08:00 ] 127.0.0.1 /Home/Cart/cart_update
INFO: [ app_begin ] --START--
INFO: Run Behavior\ReadHtmlCacheBehavior [ RunTime:0.000417s ]
INFO: [ app_begin ] --END-- [ RunTime:0.000774s ]
INFO: [ app_end ] --START--
INFO: Run Behavior\ShowPageTraceBehavior [ RunTime:0.001130s ]
INFO: [ app_end ] --END-- [ RunTime:0.001258s ]

[ 2017-06-18T16:25:28+08:00 ] 127.0.0.1 /Home/Cart/cart_update
INFO: [ app_begin ] --START--
INFO: Run Behavior\ReadHtmlCacheBehavior [ RunTime:0.000579s ]
INFO: [ app_begin ] --END-- [ RunTime:0.000950s ]
INFO: [ app_end ] --START--
INFO: Run Behavior\ShowPageTraceBehavior [ RunTime:0.000399s ]
INFO: [ app_end ] --END-- [ RunTime:0.000503s ]

[ 2017-06-18T16:25:28+08:00 ] 127.0.0.1 /Home/Cart/cart_update
INFO: [ app_begin ] --START--
INFO: Run Behavior\ReadHtmlCacheBehavior [ RunTime:0.000393s ]
INFO: [ app_begin ] --END-- [ RunTime:0.000752s ]
INFO: [ app_end ] --START--
INFO: Run Behavior\ShowPageTraceBehavior [ RunTime:0.000420s ]
INFO: [ app_end ] --END-- [ RunTime:0.000523s ]

[ 2017-06-18T16:25:29+08:00 ] 127.0.0.1 /Home/Cart/cart_update
INFO: [ app_begin ] --START--
INFO: Run Behavior\ReadHtmlCacheBehavior [ RunTime:0.000408s ]
INFO: [ app_begin ] --END-- [ RunTime:0.000795s ]
INFO: [ app_end ] --START--
INFO: Run Behavior\ShowPageTraceBehavior [ RunTime:0.000401s ]
INFO: [ app_end ] --END-- [ RunTime:0.000503s ]

[ 2017-06-18T16:25:29+08:00 ] 127.0.0.1 /Home/Cart/cart_update
INFO: [ app_begin ] --START--
INFO: Run Behavior\ReadHtmlCacheBehavior [ RunTime:0.000421s ]
INFO: [ app_begin ] --END-- [ RunTime:0.001131s ]
INFO: [ app_end ] --START--
INFO: Run Behavior\ShowPageTraceBehavior [ RunTime:0.000428s ]
INFO: [ app_end ] --END-- [ RunTime:0.000544s ]

[ 2017-06-18T16:26:14+08:00 ] 127.0.0.1 /Home/Cart/cart_del
INFO: [ app_begin ] --START--
INFO: Run Behavior\ReadHtmlCacheBehavior [ RunTime:0.000425s ]
INFO: [ app_begin ] --END-- [ RunTime:0.000763s ]

[ 2017-06-18T16:32:59+08:00 ] 127.0.0.1 /Home/Login/login.html
INFO: [ app_begin ] --START--
INFO: Run Behavior\ReadHtmlCacheBehavior [ RunTime:0.001396s ]
INFO: [ app_begin ] --END-- [ RunTime:0.002569s ]
SQL: SHOW COLUMNS FROM `tp_user` [ RunTime:0.0923s ]
SQL: SELECT * FROM `tp_user` WHERE `user_name` = 'xiaoxiao' AND `email_status` = 1 LIMIT 1   [ RunTime:0.0014s ]
SQL: SELECT * FROM `tp_user` WHERE `user_name` = 'xiaoxiao' AND `user_password` = '016f2b230960c26e9cbbde8fc8f10261' LIMIT 1   [ RunTime:0.0008s ]

[ 2017-06-18T16:33:11+08:00 ] 127.0.0.1 /Home/Login/login.html
INFO: [ app_begin ] --START--
INFO: Run Behavior\ReadHtmlCacheBehavior [ RunTime:0.000471s ]
INFO: [ app_begin ] --END-- [ RunTime:0.000810s ]
SQL: SHOW COLUMNS FROM `tp_user` [ RunTime:0.0287s ]
SQL: SELECT * FROM `tp_user` WHERE `user_name` = 'xiaoxiao' AND `email_status` = 1 LIMIT 1   [ RunTime:0.0006s ]
SQL: SELECT * FROM `tp_user` WHERE `user_name` = 'xiaoxiao' AND `user_password` = '33a1cd102fe76c63411cd97bc6be59ab' LIMIT 1   [ RunTime:0.0005s ]
NOTIC: [8] Undefined index: remember D:\wwwtp\Application\Home\Controller\LoginController.class.php 第 44 行.
SQL: SELECT * FROM `tp_user` WHERE `id` = 10 LIMIT 1   [ RunTime:0.0014s ]
SQL: UPDATE `tp_user` SET `user_lasttime`='1497276641' WHERE `id` = 10 [ RunTime:0.0005s ]

[ 2017-06-18T17:24:14+08:00 ] 127.0.0.1 /Home/Login/login.html
INFO: [ app_begin ] --START--
INFO: Run Behavior\ReadHtmlCacheBehavior [ RunTime:0.000597s ]
INFO: [ app_begin ] --END-- [ RunTime:0.001047s ]
SQL: SHOW COLUMNS FROM `tp_user` [ RunTime:0.0273s ]
SQL: SELECT * FROM `tp_user` WHERE `user_name` = 'xiaoxiao' AND `email_status` = 1 LIMIT 1   [ RunTime:0.0008s ]
SQL: SELECT * FROM `tp_user` WHERE `user_name` = 'xiaoxiao' AND `user_password` = '33a1cd102fe76c63411cd97bc6be59ab' LIMIT 1   [ RunTime:0.0005s ]
NOTIC: [8] Undefined index: remember D:\wwwtp\Application\Home\Controller\LoginController.class.php 第 44 行.
SQL: SELECT * FROM `tp_user` WHERE `id` = 10 LIMIT 1   [ RunTime:0.0005s ]
SQL: UPDATE `tp_user` SET `user_lasttime`='1497276641' WHERE `id` = 10 [ RunTime:0.0003s ]

[ 2017-06-18T17:32:28+08:00 ] 127.0.0.1 /Home/Login/login.html
INFO: [ app_begin ] --START--
INFO: Run Behavior\ReadHtmlCacheBehavior [ RunTime:0.000446s ]
INFO: [ app_begin ] --END-- [ RunTime:0.000787s ]
SQL: SHOW COLUMNS FROM `tp_user` [ RunTime:0.0239s ]
SQL: SELECT * FROM `tp_user` WHERE `user_name` = 'xioaxiao' AND `email_status` = 1 LIMIT 1   [ RunTime:0.0006s ]

[ 2017-06-18T17:32:33+08:00 ] 127.0.0.1 /Home/Login/login.html
INFO: [ app_begin ] --START--
INFO: Run Behavior\ReadHtmlCacheBehavior [ RunTime:0.000442s ]
INFO: [ app_begin ] --END-- [ RunTime:0.000807s ]
SQL: SHOW COLUMNS FROM `tp_user` [ RunTime:0.0375s ]
SQL: SELECT * FROM `tp_user` WHERE `user_name` = 'xioaxiao' AND `email_status` = 1 LIMIT 1   [ RunTime:0.0011s ]

[ 2017-06-18T17:32:34+08:00 ] 127.0.0.1 /Home/Login/login.html
INFO: [ app_begin ] --START--
INFO: Run Behavior\ReadHtmlCacheBehavior [ RunTime:0.000757s ]
INFO: [ app_begin ] --END-- [ RunTime:0.001249s ]
SQL: SHOW COLUMNS FROM `tp_user` [ RunTime:0.0154s ]
SQL: SELECT * FROM `tp_user` WHERE `user_name` = 'xioaxiao' AND `email_status` = 1 LIMIT 1   [ RunTime:0.0004s ]

[ 2017-06-18T17:35:07+08:00 ] 127.0.0.1 /Home/Login/login.html
INFO: [ app_begin ] --START--
INFO: Run Behavior\ReadHtmlCacheBehavior [ RunTime:0.000698s ]
INFO: [ app_begin ] --END-- [ RunTime:0.001073s ]
SQL: SHOW COLUMNS FROM `tp_user` [ RunTime:0.0277s ]
SQL: SELECT * FROM `tp_user` WHERE `user_name` = 'xiaoxiao' AND `user_password` = 'f4390331b4663fa7ce9e2878eb071ebf' LIMIT 1   [ RunTime:0.0006s ]

[ 2017-06-18T17:35:18+08:00 ] 127.0.0.1 /Home/Login/login.html
INFO: [ app_begin ] --START--
INFO: Run Behavior\ReadHtmlCacheBehavior [ RunTime:0.000403s ]
INFO: [ app_begin ] --END-- [ RunTime:0.000765s ]
SQL: SHOW COLUMNS FROM `tp_user` [ RunTime:0.0187s ]
SQL: SELECT * FROM `tp_user` WHERE `user_name` = 'xiaoxiao' AND `user_password` = '33a1cd102fe76c63411cd97bc6be59ab' LIMIT 1   [ RunTime:0.0006s ]
SQL: SELECT * FROM `tp_user` WHERE `user_name` = 'xiaoxiao' AND `email_status` = 1 LIMIT 1   [ RunTime:0.0004s ]
NOTIC: [8] Undefined index: remember D:\wwwtp\Application\Home\Controller\LoginController.class.php 第 41 行.
SQL: SELECT * FROM `tp_user` WHERE `id` = 10 LIMIT 1   [ RunTime:0.0019s ]
SQL: UPDATE `tp_user` SET `user_lasttime`='1497276641' WHERE `id` = 10 [ RunTime:0.0011s ]

[ 2017-06-18T18:51:10+08:00 ] 127.0.0.1 /Home/Cart/cart_update
INFO: [ app_begin ] --START--
INFO: Run Behavior\ReadHtmlCacheBehavior [ RunTime:0.000495s ]
INFO: [ app_begin ] --END-- [ RunTime:0.000883s ]
INFO: [ app_end ] --START--
INFO: Run Behavior\ShowPageTraceBehavior [ RunTime:0.000446s ]
INFO: [ app_end ] --END-- [ RunTime:0.000549s ]

[ 2017-06-18T18:52:07+08:00 ] 127.0.0.1 /Home/Cart/cart_update
INFO: [ app_begin ] --START--
INFO: Run Behavior\ReadHtmlCacheBehavior [ RunTime:0.000418s ]
INFO: [ app_begin ] --END-- [ RunTime:0.000756s ]
INFO: [ app_end ] --START--
INFO: Run Behavior\ShowPageTraceBehavior [ RunTime:0.000423s ]
INFO: [ app_end ] --END-- [ RunTime:0.000524s ]

[ 2017-06-18T18:52:08+08:00 ] 127.0.0.1 /Home/Cart/cart_update
INFO: [ app_begin ] --START--
INFO: Run Behavior\ReadHtmlCacheBehavior [ RunTime:0.000397s ]
INFO: [ app_begin ] --END-- [ RunTime:0.000783s ]
INFO: [ app_end ] --START--
INFO: Run Behavior\ShowPageTraceBehavior [ RunTime:0.000446s ]
INFO: [ app_end ] --END-- [ RunTime:0.000552s ]

[ 2017-06-18T18:52:08+08:00 ] 127.0.0.1 /Home/Cart/cart_update
INFO: [ app_begin ] --START--
INFO: Run Behavior\ReadHtmlCacheBehavior [ RunTime:0.000410s ]
INFO: [ app_begin ] --END-- [ RunTime:0.000768s ]
INFO: [ app_end ] --START--
INFO: Run Behavior\ShowPageTraceBehavior [ RunTime:0.000408s ]
INFO: [ app_end ] --END-- [ RunTime:0.000509s ]

[ 2017-06-18T18:52:09+08:00 ] 127.0.0.1 /Home/Cart/cart_update
INFO: [ app_begin ] --START--
INFO: Run Behavior\ReadHtmlCacheBehavior [ RunTime:0.000420s ]
INFO: [ app_begin ] --END-- [ RunTime:0.000806s ]
INFO: [ app_end ] --START--
INFO: Run Behavior\ShowPageTraceBehavior [ RunTime:0.000712s ]
INFO: [ app_end ] --END-- [ RunTime:0.000864s ]

[ 2017-06-18T18:52:09+08:00 ] 127.0.0.1 /Home/Cart/cart_update
INFO: [ app_begin ] --START--
INFO: Run Behavior\ReadHtmlCacheBehavior [ RunTime:0.000472s ]
INFO: [ app_begin ] --END-- [ RunTime:0.001181s ]
INFO: [ app_end ] --START--
INFO: Run Behavior\ShowPageTraceBehavior [ RunTime:0.000707s ]
INFO: [ app_end ] --END-- [ RunTime:0.000876s ]

[ 2017-06-18T18:52:10+08:00 ] 127.0.0.1 /Home/Cart/cart_update
INFO: [ app_begin ] --START--
INFO: Run Behavior\ReadHtmlCacheBehavior [ RunTime:0.000422s ]
INFO: [ app_begin ] --END-- [ RunTime:0.000782s ]
INFO: [ app_end ] --START--
INFO: Run Behavior\ShowPageTraceBehavior [ RunTime:0.000610s ]
INFO: [ app_end ] --END-- [ RunTime:0.000750s ]

[ 2017-06-18T18:52:11+08:00 ] 127.0.0.1 /Home/Cart/cart_update
INFO: [ app_begin ] --START--
INFO: Run Behavior\ReadHtmlCacheBehavior [ RunTime:0.000414s ]
INFO: [ app_begin ] --END-- [ RunTime:0.000784s ]
INFO: [ app_end ] --START--
INFO: Run Behavior\ShowPageTraceBehavior [ RunTime:0.000449s ]
INFO: [ app_end ] --END-- [ RunTime:0.000564s ]

[ 2017-06-18T18:52:13+08:00 ] 127.0.0.1 /Home/Cart/cart_update
INFO: [ app_begin ] --START--
INFO: Run Behavior\ReadHtmlCacheBehavior [ RunTime:0.000431s ]
INFO: [ app_begin ] --END-- [ RunTime:0.000828s ]
INFO: [ app_end ] --START--
INFO: Run Behavior\ShowPageTraceBehavior [ RunTime:0.000428s ]
INFO: [ app_end ] --END-- [ RunTime:0.000528s ]

[ 2017-06-18T18:52:15+08:00 ] 127.0.0.1 /Home/Cart/cart_update
INFO: [ app_begin ] --START--
INFO: Run Behavior\ReadHtmlCacheBehavior [ RunTime:0.001690s ]
INFO: [ app_begin ] --END-- [ RunTime:0.002310s ]
INFO: [ app_end ] --START--
INFO: Run Behavior\ShowPageTraceBehavior [ RunTime:0.000415s ]
INFO: [ app_end ] --END-- [ RunTime:0.000556s ]

[ 2017-06-18T18:57:50+08:00 ] 127.0.0.1 /Home/Cart/cart_update
INFO: [ app_begin ] --START--
INFO: Run Behavior\ReadHtmlCacheBehavior [ RunTime:0.000570s ]
INFO: [ app_begin ] --END-- [ RunTime:0.001533s ]
INFO: [ app_end ] --START--
INFO: Run Behavior\ShowPageTraceBehavior [ RunTime:0.000507s ]
INFO: [ app_end ] --END-- [ RunTime:0.000643s ]

[ 2017-06-18T18:57:53+08:00 ] 127.0.0.1 /Home/Cart/cart_update
INFO: [ app_begin ] --START--
INFO: Run Behavior\ReadHtmlCacheBehavior [ RunTime:0.000421s ]
INFO: [ app_begin ] --END-- [ RunTime:0.000762s ]
INFO: [ app_end ] --START--
INFO: Run Behavior\ShowPageTraceBehavior [ RunTime:0.000476s ]
INFO: [ app_end ] --END-- [ RunTime:0.000593s ]

[ 2017-06-18T19:36:18+08:00 ] 127.0.0.1 /Home/Cart/cart_del
INFO: [ app_begin ] --START--
INFO: Run Behavior\ReadHtmlCacheBehavior [ RunTime:0.000447s ]
INFO: [ app_begin ] --END-- [ RunTime:0.000872s ]

[ 2017-06-18T19:36:21+08:00 ] 127.0.0.1 /Home/Cart/cart_del
INFO: [ app_begin ] --START--
INFO: Run Behavior\ReadHtmlCacheBehavior [ RunTime:0.000424s ]
INFO: [ app_begin ] --END-- [ RunTime:0.000790s ]

[ 2017-06-18T19:36:23+08:00 ] 127.0.0.1 /Home/Cart/cart_del
INFO: [ app_begin ] --START--
INFO: Run Behavior\ReadHtmlCacheBehavior [ RunTime:0.000424s ]
INFO: [ app_begin ] --END-- [ RunTime:0.000791s ]

[ 2017-06-18T19:36:24+08:00 ] 127.0.0.1 /Home/Cart/cart_del
INFO: [ app_begin ] --START--
INFO: Run Behavior\ReadHtmlCacheBehavior [ RunTime:0.000534s ]
INFO: [ app_begin ] --END-- [ RunTime:0.000981s ]

[ 2017-06-18T19:45:47+08:00 ] 127.0.0.1 /Home/Cart/cart_update
INFO: [ app_begin ] --START--
INFO: Run Behavior\ReadHtmlCacheBehavior [ RunTime:0.000682s ]
INFO: [ app_begin ] --END-- [ RunTime:0.001388s ]

[ 2017-06-18T19:47:11+08:00 ] 127.0.0.1 /Home/Cart/cart_update
INFO: [ app_begin ] --START--
INFO: Run Behavior\ReadHtmlCacheBehavior [ RunTime:0.000405s ]
INFO: [ app_begin ] --END-- [ RunTime:0.000801s ]
INFO: [ app_end ] --START--
INFO: Run Behavior\ShowPageTraceBehavior [ RunTime:0.000423s ]
INFO: [ app_end ] --END-- [ RunTime:0.000527s ]

[ 2017-06-18T19:47:17+08:00 ] 127.0.0.1 /Home/Cart/cart_update
INFO: [ app_begin ] --START--
INFO: Run Behavior\ReadHtmlCacheBehavior [ RunTime:0.000428s ]
INFO: [ app_begin ] --END-- [ RunTime:0.000772s ]
INFO: [ app_end ] --START--
INFO: Run Behavior\ShowPageTraceBehavior [ RunTime:0.000463s ]
INFO: [ app_end ] --END-- [ RunTime:0.000574s ]

[ 2017-06-18T19:47:18+08:00 ] 127.0.0.1 /Home/Cart/cart_update
INFO: [ app_begin ] --START--
INFO: Run Behavior\ReadHtmlCacheBehavior [ RunTime:0.000579s ]
INFO: [ app_begin ] --END-- [ RunTime:0.000935s ]
INFO: [ app_end ] --START--
INFO: Run Behavior\ShowPageTraceBehavior [ RunTime:0.000678s ]
INFO: [ app_end ] --END-- [ RunTime:0.000823s ]

[ 2017-06-18T19:47:20+08:00 ] 127.0.0.1 /Home/Cart/cart_update
INFO: [ app_begin ] --START--
INFO: Run Behavior\ReadHtmlCacheBehavior [ RunTime:0.000442s ]
INFO: [ app_begin ] --END-- [ RunTime:0.000785s ]
INFO: [ app_end ] --START--
INFO: Run Behavior\ShowPageTraceBehavior [ RunTime:0.001092s ]
INFO: [ app_end ] --END-- [ RunTime:0.001247s ]

[ 2017-06-18T19:47:22+08:00 ] 127.0.0.1 /Home/Cart/cart_update
INFO: [ app_begin ] --START--
INFO: Run Behavior\ReadHtmlCacheBehavior [ RunTime:0.000441s ]
INFO: [ app_begin ] --END-- [ RunTime:0.000969s ]
INFO: [ app_end ] --START--
INFO: Run Behavior\ShowPageTraceBehavior [ RunTime:0.000419s ]
INFO: [ app_end ] --END-- [ RunTime:0.000522s ]

[ 2017-06-18T19:47:22+08:00 ] 127.0.0.1 /Home/Cart/cart_update
INFO: [ app_begin ] --START--
INFO: Run Behavior\ReadHtmlCacheBehavior [ RunTime:0.000600s ]
INFO: [ app_begin ] --END-- [ RunTime:0.001128s ]
INFO: [ app_end ] --START--
INFO: Run Behavior\ShowPageTraceBehavior [ RunTime:0.000658s ]
INFO: [ app_end ] --END-- [ RunTime:0.000833s ]

[ 2017-06-18T19:47:42+08:00 ] 127.0.0.1 /Home/Cart/cart_update
INFO: [ app_begin ] --START--
INFO: Run Behavior\ReadHtmlCacheBehavior [ RunTime:0.000406s ]
INFO: [ app_begin ] --END-- [ RunTime:0.000761s ]
INFO: [ app_end ] --START--
INFO: Run Behavior\ShowPageTraceBehavior [ RunTime:0.000422s ]
INFO: [ app_end ] --END-- [ RunTime:0.000531s ]

[ 2017-06-18T19:51:48+08:00 ] 127.0.0.1 /Home/Cart/cart_update
INFO: [ app_begin ] --START--
INFO: Run Behavior\ReadHtmlCacheBehavior [ RunTime:0.000422s ]
INFO: [ app_begin ] --END-- [ RunTime:0.000769s ]
INFO: [ view_parse ] --START--
INFO: [ template_filter ] --START--
INFO: Run Behavior\ContentReplaceBehavior [ RunTime:0.000231s ]
INFO: [ template_filter ] --END-- [ RunTime:0.000339s ]
NOTIC: [8] Undefined variable: cart_data D:\wwwtp\Application\Runtime\Cache\Home\d087df7d8d4478b6007ee2dec7bd8a93.php 第 129 行.
NOTIC: [8] Undefined variable: totals D:\wwwtp\Application\Runtime\Cache\Home\d087df7d8d4478b6007ee2dec7bd8a93.php 第 157 行.
NOTIC: [8] Undefined variable: mtotals D:\wwwtp\Application\Runtime\Cache\Home\d087df7d8d4478b6007ee2dec7bd8a93.php 第 157 行.
NOTIC: [8] Undefined variable: totals D:\wwwtp\Application\Runtime\Cache\Home\d087df7d8d4478b6007ee2dec7bd8a93.php 第 157 行.
NOTIC: [8] Undefined variable: mtotals D:\wwwtp\Application\Runtime\Cache\Home\d087df7d8d4478b6007ee2dec7bd8a93.php 第 157 行.
INFO: Run Behavior\ParseTemplateBehavior [ RunTime:0.078932s ]
INFO: [ view_parse ] --END-- [ RunTime:0.079034s ]
INFO: [ view_filter ] --START--
INFO: Run Behavior\WriteHtmlCacheBehavior [ RunTime:0.000261s ]
INFO: [ view_filter ] --END-- [ RunTime:0.000355s ]
INFO: [ app_end ] --START--
INFO: Run Behavior\ShowPageTraceBehavior [ RunTime:0.000826s ]
INFO: [ app_end ] --END-- [ RunTime:0.001095s ]

[ 2017-06-18T19:51:50+08:00 ] 127.0.0.1 /Home/Cart/cart_update
INFO: [ app_begin ] --START--
INFO: Run Behavior\ReadHtmlCacheBehavior [ RunTime:0.000430s ]
INFO: [ app_begin ] --END-- [ RunTime:0.000809s ]
INFO: [ view_parse ] --START--
INFO: [ template_filter ] --START--
INFO: Run Behavior\ContentReplaceBehavior [ RunTime:0.000219s ]
INFO: [ template_filter ] --END-- [ RunTime:0.000353s ]
NOTIC: [8] Undefined variable: cart_data D:\wwwtp\Application\Runtime\Cache\Home\d087df7d8d4478b6007ee2dec7bd8a93.php 第 129 行.
NOTIC: [8] Undefined variable: totals D:\wwwtp\Application\Runtime\Cache\Home\d087df7d8d4478b6007ee2dec7bd8a93.php 第 157 行.
NOTIC: [8] Undefined variable: mtotals D:\wwwtp\Application\Runtime\Cache\Home\d087df7d8d4478b6007ee2dec7bd8a93.php 第 157 行.
NOTIC: [8] Undefined variable: totals D:\wwwtp\Application\Runtime\Cache\Home\d087df7d8d4478b6007ee2dec7bd8a93.php 第 157 行.
NOTIC: [8] Undefined variable: mtotals D:\wwwtp\Application\Runtime\Cache\Home\d087df7d8d4478b6007ee2dec7bd8a93.php 第 157 行.
INFO: Run Behavior\ParseTemplateBehavior [ RunTime:0.076492s ]
INFO: [ view_parse ] --END-- [ RunTime:0.076605s ]
INFO: [ view_filter ] --START--
INFO: Run Behavior\WriteHtmlCacheBehavior [ RunTime:0.000309s ]
INFO: [ view_filter ] --END-- [ RunTime:0.000399s ]
INFO: [ app_end ] --START--
INFO: Run Behavior\ShowPageTraceBehavior [ RunTime:0.000659s ]
INFO: [ app_end ] --END-- [ RunTime:0.000829s ]

[ 2017-06-18T19:51:53+08:00 ] 127.0.0.1 /Home/Cart/cart_update
INFO: [ app_begin ] --START--
INFO: Run Behavior\ReadHtmlCacheBehavior [ RunTime:0.000433s ]
INFO: [ app_begin ] --END-- [ RunTime:0.000808s ]
INFO: [ view_parse ] --START--
INFO: [ template_filter ] --START--
INFO: Run Behavior\ContentReplaceBehavior [ RunTime:0.000206s ]
INFO: [ template_filter ] --END-- [ RunTime:0.000315s ]
NOTIC: [8] Undefined variable: cart_data D:\wwwtp\Application\Runtime\Cache\Home\d087df7d8d4478b6007ee2dec7bd8a93.php 第 129 行.
NOTIC: [8] Undefined variable: totals D:\wwwtp\Application\Runtime\Cache\Home\d087df7d8d4478b6007ee2dec7bd8a93.php 第 157 行.
NOTIC: [8] Undefined variable: mtotals D:\wwwtp\Application\Runtime\Cache\Home\d087df7d8d4478b6007ee2dec7bd8a93.php 第 157 行.
NOTIC: [8] Undefined variable: totals D:\wwwtp\Application\Runtime\Cache\Home\d087df7d8d4478b6007ee2dec7bd8a93.php 第 157 行.
NOTIC: [8] Undefined variable: mtotals D:\wwwtp\Application\Runtime\Cache\Home\d087df7d8d4478b6007ee2dec7bd8a93.php 第 157 行.
INFO: Run Behavior\ParseTemplateBehavior [ RunTime:0.077468s ]
INFO: [ view_parse ] --END-- [ RunTime:0.077596s ]
INFO: [ view_filter ] --START--
INFO: Run Behavior\WriteHtmlCacheBehavior [ RunTime:0.000306s ]
INFO: [ view_filter ] --END-- [ RunTime:0.000396s ]
INFO: [ app_end ] --START--
INFO: Run Behavior\ShowPageTraceBehavior [ RunTime:0.000673s ]
INFO: [ app_end ] --END-- [ RunTime:0.000821s ]

[ 2017-06-18T19:51:54+08:00 ] 127.0.0.1 /Home/Cart/cart_update
INFO: [ app_begin ] --START--
INFO: Run Behavior\ReadHtmlCacheBehavior [ RunTime:0.000407s ]
INFO: [ app_begin ] --END-- [ RunTime:0.000762s ]
INFO: [ view_parse ] --START--
INFO: [ template_filter ] --START--
INFO: Run Behavior\ContentReplaceBehavior [ RunTime:0.000205s ]
INFO: [ template_filter ] --END-- [ RunTime:0.000321s ]
NOTIC: [8] Undefined variable: cart_data D:\wwwtp\Application\Runtime\Cache\Home\d087df7d8d4478b6007ee2dec7bd8a93.php 第 129 行.
NOTIC: [8] Undefined variable: totals D:\wwwtp\Application\Runtime\Cache\Home\d087df7d8d4478b6007ee2dec7bd8a93.php 第 157 行.
NOTIC: [8] Undefined variable: mtotals D:\wwwtp\Application\Runtime\Cache\Home\d087df7d8d4478b6007ee2dec7bd8a93.php 第 157 行.
NOTIC: [8] Undefined variable: totals D:\wwwtp\Application\Runtime\Cache\Home\d087df7d8d4478b6007ee2dec7bd8a93.php 第 157 行.
NOTIC: [8] Undefined variable: mtotals D:\wwwtp\Application\Runtime\Cache\Home\d087df7d8d4478b6007ee2dec7bd8a93.php 第 157 行.
INFO: Run Behavior\ParseTemplateBehavior [ RunTime:0.096537s ]
INFO: [ view_parse ] --END-- [ RunTime:0.096674s ]
INFO: [ view_filter ] --START--
INFO: Run Behavior\WriteHtmlCacheBehavior [ RunTime:0.000459s ]
INFO: [ view_filter ] --END-- [ RunTime:0.000584s ]
INFO: [ app_end ] --START--
INFO: Run Behavior\ShowPageTraceBehavior [ RunTime:0.000941s ]
INFO: [ app_end ] --END-- [ RunTime:0.001074s ]

[ 2017-06-18T19:51:54+08:00 ] 127.0.0.1 /Home/Cart/cart_update
INFO: [ app_begin ] --START--
INFO: Run Behavior\ReadHtmlCacheBehavior [ RunTime:0.000434s ]
INFO: [ app_begin ] --END-- [ RunTime:0.000868s ]
INFO: [ view_parse ] --START--
INFO: [ template_filter ] --START--
INFO: Run Behavior\ContentReplaceBehavior [ RunTime:0.000205s ]
INFO: [ template_filter ] --END-- [ RunTime:0.000337s ]
NOTIC: [8] Undefined variable: cart_data D:\wwwtp\Application\Runtime\Cache\Home\d087df7d8d4478b6007ee2dec7bd8a93.php 第 129 行.
NOTIC: [8] Undefined variable: totals D:\wwwtp\Application\Runtime\Cache\Home\d087df7d8d4478b6007ee2dec7bd8a93.php 第 157 行.
NOTIC: [8] Undefined variable: mtotals D:\wwwtp\Application\Runtime\Cache\Home\d087df7d8d4478b6007ee2dec7bd8a93.php 第 157 行.
NOTIC: [8] Undefined variable: totals D:\wwwtp\Application\Runtime\Cache\Home\d087df7d8d4478b6007ee2dec7bd8a93.php 第 157 行.
NOTIC: [8] Undefined variable: mtotals D:\wwwtp\Application\Runtime\Cache\Home\d087df7d8d4478b6007ee2dec7bd8a93.php 第 157 行.
INFO: Run Behavior\ParseTemplateBehavior [ RunTime:0.077631s ]
INFO: [ view_parse ] --END-- [ RunTime:0.077735s ]
INFO: [ view_filter ] --START--
INFO: Run Behavior\WriteHtmlCacheBehavior [ RunTime:0.000323s ]
INFO: [ view_filter ] --END-- [ RunTime:0.000414s ]
INFO: [ app_end ] --START--
INFO: Run Behavior\ShowPageTraceBehavior [ RunTime:0.000699s ]
INFO: [ app_end ] --END-- [ RunTime:0.000928s ]

[ 2017-06-18T19:51:54+08:00 ] 127.0.0.1 /Home/Cart/cart_update
INFO: [ app_begin ] --START--
INFO: Run Behavior\ReadHtmlCacheBehavior [ RunTime:0.000447s ]
INFO: [ app_begin ] --END-- [ RunTime:0.000862s ]
INFO: [ view_parse ] --START--
INFO: [ template_filter ] --START--
INFO: Run Behavior\ContentReplaceBehavior [ RunTime:0.000228s ]
INFO: [ template_filter ] --END-- [ RunTime:0.000331s ]
NOTIC: [8] Undefined variable: cart_data D:\wwwtp\Application\Runtime\Cache\Home\d087df7d8d4478b6007ee2dec7bd8a93.php 第 129 行.
NOTIC: [8] Undefined variable: totals D:\wwwtp\Application\Runtime\Cache\Home\d087df7d8d4478b6007ee2dec7bd8a93.php 第 157 行.
NOTIC: [8] Undefined variable: mtotals D:\wwwtp\Application\Runtime\Cache\Home\d087df7d8d4478b6007ee2dec7bd8a93.php 第 157 行.
NOTIC: [8] Undefined variable: totals D:\wwwtp\Application\Runtime\Cache\Home\d087df7d8d4478b6007ee2dec7bd8a93.php 第 157 行.
NOTIC: [8] Undefined variable: mtotals D:\wwwtp\Application\Runtime\Cache\Home\d087df7d8d4478b6007ee2dec7bd8a93.php 第 157 行.
INFO: Run Behavior\ParseTemplateBehavior [ RunTime:0.074203s ]
INFO: [ view_parse ] --END-- [ RunTime:0.074305s ]
INFO: [ view_filter ] --START--
INFO: Run Behavior\WriteHtmlCacheBehavior [ RunTime:0.000273s ]
INFO: [ view_filter ] --END-- [ RunTime:0.000387s ]
INFO: [ app_end ] --START--
INFO: Run Behavior\ShowPageTraceBehavior [ RunTime:0.000656s ]
INFO: [ app_end ] --END-- [ RunTime:0.000809s ]

[ 2017-06-18T19:51:59+08:00 ] 127.0.0.1 /Home/Cart/cart_update
INFO: [ app_begin ] --START--
INFO: Run Behavior\ReadHtmlCacheBehavior [ RunTime:0.000440s ]
INFO: [ app_begin ] --END-- [ RunTime:0.000831s ]
INFO: [ view_parse ] --START--
INFO: [ template_filter ] --START--
INFO: Run Behavior\ContentReplaceBehavior [ RunTime:0.000248s ]
INFO: [ template_filter ] --END-- [ RunTime:0.000361s ]
NOTIC: [8] Undefined variable: cart_data D:\wwwtp\Application\Runtime\Cache\Home\d087df7d8d4478b6007ee2dec7bd8a93.php 第 129 行.
NOTIC: [8] Undefined variable: totals D:\wwwtp\Application\Runtime\Cache\Home\d087df7d8d4478b6007ee2dec7bd8a93.php 第 157 行.
NOTIC: [8] Undefined variable: mtotals D:\wwwtp\Application\Runtime\Cache\Home\d087df7d8d4478b6007ee2dec7bd8a93.php 第 157 行.
NOTIC: [8] Undefined variable: totals D:\wwwtp\Application\Runtime\Cache\Home\d087df7d8d4478b6007ee2dec7bd8a93.php 第 157 行.
NOTIC: [8] Undefined variable: mtotals D:\wwwtp\Application\Runtime\Cache\Home\d087df7d8d4478b6007ee2dec7bd8a93.php 第 157 行.
INFO: Run Behavior\ParseTemplateBehavior [ RunTime:0.074982s ]
INFO: [ view_parse ] --END-- [ RunTime:0.075088s ]
INFO: [ view_filter ] --START--
INFO: Run Behavior\WriteHtmlCacheBehavior [ RunTime:0.000308s ]
INFO: [ view_filter ] --END-- [ RunTime:0.000415s ]
INFO: [ app_end ] --START--
INFO: Run Behavior\ShowPageTraceBehavior [ RunTime:0.001184s ]
INFO: [ app_end ] --END-- [ RunTime:0.001485s ]

[ 2017-06-18T19:51:59+08:00 ] 127.0.0.1 /Home/Cart/cart_update
INFO: [ app_begin ] --START--
INFO: Run Behavior\ReadHtmlCacheBehavior [ RunTime:0.000407s ]
INFO: [ app_begin ] --END-- [ RunTime:0.000757s ]
INFO: [ view_parse ] --START--
INFO: [ template_filter ] --START--
INFO: Run Behavior\ContentReplaceBehavior [ RunTime:0.000224s ]
INFO: [ template_filter ] --END-- [ RunTime:0.000334s ]
NOTIC: [8] Undefined variable: cart_data D:\wwwtp\Application\Runtime\Cache\Home\d087df7d8d4478b6007ee2dec7bd8a93.php 第 129 行.
NOTIC: [8] Undefined variable: totals D:\wwwtp\Application\Runtime\Cache\Home\d087df7d8d4478b6007ee2dec7bd8a93.php 第 157 行.
NOTIC: [8] Undefined variable: mtotals D:\wwwtp\Application\Runtime\Cache\Home\d087df7d8d4478b6007ee2dec7bd8a93.php 第 157 行.
NOTIC: [8] Undefined variable: totals D:\wwwtp\Application\Runtime\Cache\Home\d087df7d8d4478b6007ee2dec7bd8a93.php 第 157 行.
NOTIC: [8] Undefined variable: mtotals D:\wwwtp\Application\Runtime\Cache\Home\d087df7d8d4478b6007ee2dec7bd8a93.php 第 157 行.
INFO: Run Behavior\ParseTemplateBehavior [ RunTime:0.076210s ]
INFO: [ view_parse ] --END-- [ RunTime:0.076312s ]
INFO: [ view_filter ] --START--
INFO: Run Behavior\WriteHtmlCacheBehavior [ RunTime:0.000281s ]
INFO: [ view_filter ] --END-- [ RunTime:0.000371s ]
INFO: [ app_end ] --START--
INFO: Run Behavior\ShowPageTraceBehavior [ RunTime:0.000612s ]
INFO: [ app_end ] --END-- [ RunTime:0.000758s ]

[ 2017-06-18T20:01:05+08:00 ] 127.0.0.1 /Home/Cart/cart_update
INFO: [ app_begin ] --START--
INFO: Run Behavior\ReadHtmlCacheBehavior [ RunTime:0.000407s ]
INFO: [ app_begin ] --END-- [ RunTime:0.000788s ]
INFO: [ view_parse ] --START--
INFO: [ template_filter ] --START--
INFO: Run Behavior\ContentReplaceBehavior [ RunTime:0.000205s ]
INFO: [ template_filter ] --END-- [ RunTime:0.000309s ]
NOTIC: [8] Undefined variable: cart_data D:\wwwtp\Application\Runtime\Cache\Home\d087df7d8d4478b6007ee2dec7bd8a93.php 第 129 行.
NOTIC: [8] Undefined variable: totals D:\wwwtp\Application\Runtime\Cache\Home\d087df7d8d4478b6007ee2dec7bd8a93.php 第 157 行.
NOTIC: [8] Undefined variable: mtotals D:\wwwtp\Application\Runtime\Cache\Home\d087df7d8d4478b6007ee2dec7bd8a93.php 第 157 行.
NOTIC: [8] Undefined variable: totals D:\wwwtp\Application\Runtime\Cache\Home\d087df7d8d4478b6007ee2dec7bd8a93.php 第 157 行.
NOTIC: [8] Undefined variable: mtotals D:\wwwtp\Application\Runtime\Cache\Home\d087df7d8d4478b6007ee2dec7bd8a93.php 第 157 行.
INFO: Run Behavior\ParseTemplateBehavior [ RunTime:0.075529s ]
INFO: [ view_parse ] --END-- [ RunTime:0.075646s ]
INFO: [ view_filter ] --START--
INFO: Run Behavior\WriteHtmlCacheBehavior [ RunTime:0.000259s ]
INFO: [ view_filter ] --END-- [ RunTime:0.000370s ]
INFO: [ app_end ] --START--
INFO: Run Behavior\ShowPageTraceBehavior [ RunTime:0.000873s ]
INFO: [ app_end ] --END-- [ RunTime:0.001036s ]

[ 2017-06-18T20:01:06+08:00 ] 127.0.0.1 /Home/Cart/cart_update
INFO: [ app_begin ] --START--
INFO: Run Behavior\ReadHtmlCacheBehavior [ RunTime:0.000408s ]
INFO: [ app_begin ] --END-- [ RunTime:0.000797s ]
INFO: [ view_parse ] --START--
INFO: [ template_filter ] --START--
INFO: Run Behavior\ContentReplaceBehavior [ RunTime:0.000206s ]
INFO: [ template_filter ] --END-- [ RunTime:0.000309s ]
NOTIC: [8] Undefined variable: cart_data D:\wwwtp\Application\Runtime\Cache\Home\d087df7d8d4478b6007ee2dec7bd8a93.php 第 129 行.
NOTIC: [8] Undefined variable: totals D:\wwwtp\Application\Runtime\Cache\Home\d087df7d8d4478b6007ee2dec7bd8a93.php 第 157 行.
NOTIC: [8] Undefined variable: mtotals D:\wwwtp\Application\Runtime\Cache\Home\d087df7d8d4478b6007ee2dec7bd8a93.php 第 157 行.
NOTIC: [8] Undefined variable: totals D:\wwwtp\Application\Runtime\Cache\Home\d087df7d8d4478b6007ee2dec7bd8a93.php 第 157 行.
NOTIC: [8] Undefined variable: mtotals D:\wwwtp\Application\Runtime\Cache\Home\d087df7d8d4478b6007ee2dec7bd8a93.php 第 157 行.
INFO: Run Behavior\ParseTemplateBehavior [ RunTime:0.075459s ]
INFO: [ view_parse ] --END-- [ RunTime:0.075640s ]
INFO: [ view_filter ] --START--
INFO: Run Behavior\WriteHtmlCacheBehavior [ RunTime:0.000255s ]
INFO: [ view_filter ] --END-- [ RunTime:0.000346s ]
INFO: [ app_end ] --START--
INFO: Run Behavior\ShowPageTraceBehavior [ RunTime:0.000654s ]
INFO: [ app_end ] --END-- [ RunTime:0.000824s ]

[ 2017-06-18T20:01:07+08:00 ] 127.0.0.1 /Home/Cart/cart_update
INFO: [ app_begin ] --START--
INFO: Run Behavior\ReadHtmlCacheBehavior [ RunTime:0.001081s ]
INFO: [ app_begin ] --END-- [ RunTime:0.001528s ]
INFO: [ view_parse ] --START--
INFO: [ template_filter ] --START--
INFO: Run Behavior\ContentReplaceBehavior [ RunTime:0.000204s ]
INFO: [ template_filter ] --END-- [ RunTime:0.000319s ]
NOTIC: [8] Undefined variable: cart_data D:\wwwtp\Application\Runtime\Cache\Home\d087df7d8d4478b6007ee2dec7bd8a93.php 第 129 行.
NOTIC: [8] Undefined variable: totals D:\wwwtp\Application\Runtime\Cache\Home\d087df7d8d4478b6007ee2dec7bd8a93.php 第 157 行.
NOTIC: [8] Undefined variable: mtotals D:\wwwtp\Application\Runtime\Cache\Home\d087df7d8d4478b6007ee2dec7bd8a93.php 第 157 行.
NOTIC: [8] Undefined variable: totals D:\wwwtp\Application\Runtime\Cache\Home\d087df7d8d4478b6007ee2dec7bd8a93.php 第 157 行.
NOTIC: [8] Undefined variable: mtotals D:\wwwtp\Application\Runtime\Cache\Home\d087df7d8d4478b6007ee2dec7bd8a93.php 第 157 行.
INFO: Run Behavior\ParseTemplateBehavior [ RunTime:0.074668s ]
INFO: [ view_parse ] --END-- [ RunTime:0.074769s ]
INFO: [ view_filter ] --START--
INFO: Run Behavior\WriteHtmlCacheBehavior [ RunTime:0.000261s ]
INFO: [ view_filter ] --END-- [ RunTime:0.000351s ]
INFO: [ app_end ] --START--
INFO: Run Behavior\ShowPageTraceBehavior [ RunTime:0.001206s ]
INFO: [ app_end ] --END-- [ RunTime:0.001455s ]

[ 2017-06-18T20:01:08+08:00 ] 127.0.0.1 /Home/Cart/cart_update
INFO: [ app_begin ] --START--
INFO: Run Behavior\ReadHtmlCacheBehavior [ RunTime:0.000427s ]
INFO: [ app_begin ] --END-- [ RunTime:0.000798s ]
INFO: [ view_parse ] --START--
INFO: [ template_filter ] --START--
INFO: Run Behavior\ContentReplaceBehavior [ RunTime:0.000206s ]
INFO: [ template_filter ] --END-- [ RunTime:0.000308s ]
NOTIC: [8] Undefined variable: cart_data D:\wwwtp\Application\Runtime\Cache\Home\d087df7d8d4478b6007ee2dec7bd8a93.php 第 129 行.
NOTIC: [8] Undefined variable: totals D:\wwwtp\Application\Runtime\Cache\Home\d087df7d8d4478b6007ee2dec7bd8a93.php 第 157 行.
NOTIC: [8] Undefined variable: mtotals D:\wwwtp\Application\Runtime\Cache\Home\d087df7d8d4478b6007ee2dec7bd8a93.php 第 157 行.
NOTIC: [8] Undefined variable: totals D:\wwwtp\Application\Runtime\Cache\Home\d087df7d8d4478b6007ee2dec7bd8a93.php 第 157 行.
NOTIC: [8] Undefined variable: mtotals D:\wwwtp\Application\Runtime\Cache\Home\d087df7d8d4478b6007ee2dec7bd8a93.php 第 157 行.
INFO: Run Behavior\ParseTemplateBehavior [ RunTime:0.076449s ]
INFO: [ view_parse ] --END-- [ RunTime:0.076568s ]
INFO: [ view_filter ] --START--
INFO: Run Behavior\WriteHtmlCacheBehavior [ RunTime:0.000321s ]
INFO: [ view_filter ] --END-- [ RunTime:0.000411s ]
INFO: [ app_end ] --START--
INFO: Run Behavior\ShowPageTraceBehavior [ RunTime:0.000680s ]
INFO: [ app_end ] --END-- [ RunTime:0.000864s ]

[ 2017-06-18T20:01:09+08:00 ] 127.0.0.1 /Home/Cart/cart_update
INFO: [ app_begin ] --START--
INFO: Run Behavior\ReadHtmlCacheBehavior [ RunTime:0.000543s ]
INFO: [ app_begin ] --END-- [ RunTime:0.000964s ]
INFO: [ view_parse ] --START--
INFO: [ template_filter ] --START--
INFO: Run Behavior\ContentReplaceBehavior [ RunTime:0.000252s ]
INFO: [ template_filter ] --END-- [ RunTime:0.000363s ]
NOTIC: [8] Undefined variable: cart_data D:\wwwtp\Application\Runtime\Cache\Home\d087df7d8d4478b6007ee2dec7bd8a93.php 第 129 行.
NOTIC: [8] Undefined variable: totals D:\wwwtp\Application\Runtime\Cache\Home\d087df7d8d4478b6007ee2dec7bd8a93.php 第 157 行.
NOTIC: [8] Undefined variable: mtotals D:\wwwtp\Application\Runtime\Cache\Home\d087df7d8d4478b6007ee2dec7bd8a93.php 第 157 行.
NOTIC: [8] Undefined variable: totals D:\wwwtp\Application\Runtime\Cache\Home\d087df7d8d4478b6007ee2dec7bd8a93.php 第 157 行.
NOTIC: [8] Undefined variable: mtotals D:\wwwtp\Application\Runtime\Cache\Home\d087df7d8d4478b6007ee2dec7bd8a93.php 第 157 行.
INFO: Run Behavior\ParseTemplateBehavior [ RunTime:0.074608s ]
INFO: [ view_parse ] --END-- [ RunTime:0.074726s ]
INFO: [ view_filter ] --START--
INFO: Run Behavior\WriteHtmlCacheBehavior [ RunTime:0.000298s ]
INFO: [ view_filter ] --END-- [ RunTime:0.000393s ]
INFO: [ app_end ] --START--
INFO: Run Behavior\ShowPageTraceBehavior [ RunTime:0.000672s ]
INFO: [ app_end ] --END-- [ RunTime:0.000818s ]

[ 2017-06-18T20:01:09+08:00 ] 127.0.0.1 /Home/Cart/cart_update
INFO: [ app_begin ] --START--
INFO: Run Behavior\ReadHtmlCacheBehavior [ RunTime:0.000402s ]
INFO: [ app_begin ] --END-- [ RunTime:0.000795s ]
INFO: [ view_parse ] --START--
INFO: [ template_filter ] --START--
INFO: Run Behavior\ContentReplaceBehavior [ RunTime:0.000204s ]
INFO: [ template_filter ] --END-- [ RunTime:0.000305s ]
NOTIC: [8] Undefined variable: cart_data D:\wwwtp\Application\Runtime\Cache\Home\d087df7d8d4478b6007ee2dec7bd8a93.php 第 129 行.
NOTIC: [8] Undefined variable: totals D:\wwwtp\Application\Runtime\Cache\Home\d087df7d8d4478b6007ee2dec7bd8a93.php 第 157 行.
NOTIC: [8] Undefined variable: mtotals D:\wwwtp\Application\Runtime\Cache\Home\d087df7d8d4478b6007ee2dec7bd8a93.php 第 157 行.
NOTIC: [8] Undefined variable: totals D:\wwwtp\Application\Runtime\Cache\Home\d087df7d8d4478b6007ee2dec7bd8a93.php 第 157 行.
NOTIC: [8] Undefined variable: mtotals D:\wwwtp\Application\Runtime\Cache\Home\d087df7d8d4478b6007ee2dec7bd8a93.php 第 157 行.
INFO: Run Behavior\ParseTemplateBehavior [ RunTime:0.078881s ]
INFO: [ view_parse ] --END-- [ RunTime:0.079016s ]
INFO: [ view_filter ] --START--
INFO: Run Behavior\WriteHtmlCacheBehavior [ RunTime:0.000308s ]
INFO: [ view_filter ] --END-- [ RunTime:0.000418s ]
INFO: [ app_end ] --START--
INFO: Run Behavior\ShowPageTraceBehavior [ RunTime:0.000661s ]
INFO: [ app_end ] --END-- [ RunTime:0.000813s ]

[ 2017-06-18T20:01:09+08:00 ] 127.0.0.1 /Home/Cart/cart_update
INFO: [ app_begin ] --START--
INFO: Run Behavior\ReadHtmlCacheBehavior [ RunTime:0.000471s ]
INFO: [ app_begin ] --END-- [ RunTime:0.000915s ]
INFO: [ view_parse ] --START--
INFO: [ template_filter ] --START--
INFO: Run Behavior\ContentReplaceBehavior [ RunTime:0.000296s ]
INFO: [ template_filter ] --END-- [ RunTime:0.000418s ]
NOTIC: [8] Undefined variable: cart_data D:\wwwtp\Application\Runtime\Cache\Home\d087df7d8d4478b6007ee2dec7bd8a93.php 第 129 行.
NOTIC: [8] Undefined variable: totals D:\wwwtp\Application\Runtime\Cache\Home\d087df7d8d4478b6007ee2dec7bd8a93.php 第 157 行.
NOTIC: [8] Undefined variable: mtotals D:\wwwtp\Application\Runtime\Cache\Home\d087df7d8d4478b6007ee2dec7bd8a93.php 第 157 行.
NOTIC: [8] Undefined variable: totals D:\wwwtp\Application\Runtime\Cache\Home\d087df7d8d4478b6007ee2dec7bd8a93.php 第 157 行.
NOTIC: [8] Undefined variable: mtotals D:\wwwtp\Application\Runtime\Cache\Home\d087df7d8d4478b6007ee2dec7bd8a93.php 第 157 行.
INFO: Run Behavior\ParseTemplateBehavior [ RunTime:0.125642s ]
INFO: [ view_parse ] --END-- [ RunTime:0.125792s ]
INFO: [ view_filter ] --START--
INFO: Run Behavior\WriteHtmlCacheBehavior [ RunTime:0.000345s ]
INFO: [ view_filter ] --END-- [ RunTime:0.000449s ]
INFO: [ app_end ] --START--
INFO: Run Behavior\ShowPageTraceBehavior [ RunTime:0.000898s ]
INFO: [ app_end ] --END-- [ RunTime:0.001068s ]

[ 2017-06-18T20:01:10+08:00 ] 127.0.0.1 /Home/Cart/cart_update
INFO: [ app_begin ] --START--
INFO: Run Behavior\ReadHtmlCacheBehavior [ RunTime:0.000858s ]
INFO: [ app_begin ] --END-- [ RunTime:0.001643s ]
INFO: [ view_parse ] --START--
INFO: [ template_filter ] --START--
INFO: Run Behavior\ContentReplaceBehavior [ RunTime:0.000394s ]
INFO: [ template_filter ] --END-- [ RunTime:0.000603s ]
NOTIC: [8] Undefined variable: cart_data D:\wwwtp\Application\Runtime\Cache\Home\d087df7d8d4478b6007ee2dec7bd8a93.php 第 129 行.
NOTIC: [8] Undefined variable: totals D:\wwwtp\Application\Runtime\Cache\Home\d087df7d8d4478b6007ee2dec7bd8a93.php 第 157 行.
NOTIC: [8] Undefined variable: mtotals D:\wwwtp\Application\Runtime\Cache\Home\d087df7d8d4478b6007ee2dec7bd8a93.php 第 157 行.
NOTIC: [8] Undefined variable: totals D:\wwwtp\Application\Runtime\Cache\Home\d087df7d8d4478b6007ee2dec7bd8a93.php 第 157 行.
NOTIC: [8] Undefined variable: mtotals D:\wwwtp\Application\Runtime\Cache\Home\d087df7d8d4478b6007ee2dec7bd8a93.php 第 157 行.
INFO: Run Behavior\ParseTemplateBehavior [ RunTime:0.110062s ]
INFO: [ view_parse ] --END-- [ RunTime:0.110220s ]
INFO: [ view_filter ] --START--
INFO: Run Behavior\WriteHtmlCacheBehavior [ RunTime:0.000348s ]
INFO: [ view_filter ] --END-- [ RunTime:0.000448s ]
INFO: [ app_end ] --START--
INFO: Run Behavior\ShowPageTraceBehavior [ RunTime:0.000903s ]
INFO: [ app_end ] --END-- [ RunTime:0.001112s ]

[ 2017-06-18T20:01:10+08:00 ] 127.0.0.1 /Home/Cart/cart_update
INFO: [ app_begin ] --START--
INFO: Run Behavior\ReadHtmlCacheBehavior [ RunTime:0.000448s ]
INFO: [ app_begin ] --END-- [ RunTime:0.000914s ]
INFO: [ view_parse ] --START--
INFO: [ template_filter ] --START--
INFO: Run Behavior\ContentReplaceBehavior [ RunTime:0.000391s ]
INFO: [ template_filter ] --END-- [ RunTime:0.000591s ]
NOTIC: [8] Undefined variable: cart_data D:\wwwtp\Application\Runtime\Cache\Home\d087df7d8d4478b6007ee2dec7bd8a93.php 第 129 行.
NOTIC: [8] Undefined variable: totals D:\wwwtp\Application\Runtime\Cache\Home\d087df7d8d4478b6007ee2dec7bd8a93.php 第 157 行.
NOTIC: [8] Undefined variable: mtotals D:\wwwtp\Application\Runtime\Cache\Home\d087df7d8d4478b6007ee2dec7bd8a93.php 第 157 行.
NOTIC: [8] Undefined variable: totals D:\wwwtp\Application\Runtime\Cache\Home\d087df7d8d4478b6007ee2dec7bd8a93.php 第 157 行.
NOTIC: [8] Undefined variable: mtotals D:\wwwtp\Application\Runtime\Cache\Home\d087df7d8d4478b6007ee2dec7bd8a93.php 第 157 行.
INFO: Run Behavior\ParseTemplateBehavior [ RunTime:0.087819s ]
INFO: [ view_parse ] --END-- [ RunTime:0.087935s ]
INFO: [ view_filter ] --START--
INFO: Run Behavior\WriteHtmlCacheBehavior [ RunTime:0.000278s ]
INFO: [ view_filter ] --END-- [ RunTime:0.000378s ]
INFO: [ app_end ] --START--
INFO: Run Behavior\ShowPageTraceBehavior [ RunTime:0.000653s ]
INFO: [ app_end ] --END-- [ RunTime:0.000808s ]

[ 2017-06-18T20:01:11+08:00 ] 127.0.0.1 /Home/Cart/cart_update
INFO: [ app_begin ] --START--
INFO: Run Behavior\ReadHtmlCacheBehavior [ RunTime:0.000439s ]
INFO: [ app_begin ] --END-- [ RunTime:0.000788s ]
INFO: [ view_parse ] --START--
INFO: [ template_filter ] --START--
INFO: Run Behavior\ContentReplaceBehavior [ RunTime:0.000206s ]
INFO: [ template_filter ] --END-- [ RunTime:0.000309s ]
NOTIC: [8] Undefined variable: cart_data D:\wwwtp\Application\Runtime\Cache\Home\d087df7d8d4478b6007ee2dec7bd8a93.php 第 129 行.
NOTIC: [8] Undefined variable: totals D:\wwwtp\Application\Runtime\Cache\Home\d087df7d8d4478b6007ee2dec7bd8a93.php 第 157 行.
NOTIC: [8] Undefined variable: mtotals D:\wwwtp\Application\Runtime\Cache\Home\d087df7d8d4478b6007ee2dec7bd8a93.php 第 157 行.
NOTIC: [8] Undefined variable: totals D:\wwwtp\Application\Runtime\Cache\Home\d087df7d8d4478b6007ee2dec7bd8a93.php 第 157 行.
NOTIC: [8] Undefined variable: mtotals D:\wwwtp\Application\Runtime\Cache\Home\d087df7d8d4478b6007ee2dec7bd8a93.php 第 157 行.
INFO: Run Behavior\ParseTemplateBehavior [ RunTime:0.076140s ]
INFO: [ view_parse ] --END-- [ RunTime:0.076240s ]
INFO: [ view_filter ] --START--
INFO: Run Behavior\WriteHtmlCacheBehavior [ RunTime:0.000271s ]
INFO: [ view_filter ] --END-- [ RunTime:0.000359s ]
INFO: [ app_end ] --START--
INFO: Run Behavior\ShowPageTraceBehavior [ RunTime:0.000593s ]
INFO: [ app_end ] --END-- [ RunTime:0.000752s ]

[ 2017-06-18T20:01:11+08:00 ] 127.0.0.1 /Home/Cart/cart_update
INFO: [ app_begin ] --START--
INFO: Run Behavior\ReadHtmlCacheBehavior [ RunTime:0.001431s ]
INFO: [ app_begin ] --END-- [ RunTime:0.001917s ]
INFO: [ view_parse ] --START--
INFO: [ template_filter ] --START--
INFO: Run Behavior\ContentReplaceBehavior [ RunTime:0.000229s ]
INFO: [ template_filter ] --END-- [ RunTime:0.000332s ]
NOTIC: [8] Undefined variable: cart_data D:\wwwtp\Application\Runtime\Cache\Home\d087df7d8d4478b6007ee2dec7bd8a93.php 第 129 行.
NOTIC: [8] Undefined variable: totals D:\wwwtp\Application\Runtime\Cache\Home\d087df7d8d4478b6007ee2dec7bd8a93.php 第 157 行.
NOTIC: [8] Undefined variable: mtotals D:\wwwtp\Application\Runtime\Cache\Home\d087df7d8d4478b6007ee2dec7bd8a93.php 第 157 行.
NOTIC: [8] Undefined variable: totals D:\wwwtp\Application\Runtime\Cache\Home\d087df7d8d4478b6007ee2dec7bd8a93.php 第 157 行.
NOTIC: [8] Undefined variable: mtotals D:\wwwtp\Application\Runtime\Cache\Home\d087df7d8d4478b6007ee2dec7bd8a93.php 第 157 行.
INFO: Run Behavior\ParseTemplateBehavior [ RunTime:0.078496s ]
INFO: [ view_parse ] --END-- [ RunTime:0.078597s ]
INFO: [ view_filter ] --START--
INFO: Run Behavior\WriteHtmlCacheBehavior [ RunTime:0.000260s ]
INFO: [ view_filter ] --END-- [ RunTime:0.000348s ]
INFO: [ app_end ] --START--
INFO: Run Behavior\ShowPageTraceBehavior [ RunTime:0.000896s ]
INFO: [ app_end ] --END-- [ RunTime:0.001071s ]

[ 2017-06-18T20:01:12+08:00 ] 127.0.0.1 /Home/Cart/cart_update
INFO: [ app_begin ] --START--
INFO: Run Behavior\ReadHtmlCacheBehavior [ RunTime:0.001192s ]
INFO: [ app_begin ] --END-- [ RunTime:0.001625s ]
INFO: [ view_parse ] --START--
INFO: [ template_filter ] --START--
INFO: Run Behavior\ContentReplaceBehavior [ RunTime:0.000205s ]
INFO: [ template_filter ] --END-- [ RunTime:0.000306s ]
NOTIC: [8] Undefined variable: cart_data D:\wwwtp\Application\Runtime\Cache\Home\d087df7d8d4478b6007ee2dec7bd8a93.php 第 129 行.
NOTIC: [8] Undefined variable: totals D:\wwwtp\Application\Runtime\Cache\Home\d087df7d8d4478b6007ee2dec7bd8a93.php 第 157 行.
NOTIC: [8] Undefined variable: mtotals D:\wwwtp\Application\Runtime\Cache\Home\d087df7d8d4478b6007ee2dec7bd8a93.php 第 157 行.
NOTIC: [8] Undefined variable: totals D:\wwwtp\Application\Runtime\Cache\Home\d087df7d8d4478b6007ee2dec7bd8a93.php 第 157 行.
NOTIC: [8] Undefined variable: mtotals D:\wwwtp\Application\Runtime\Cache\Home\d087df7d8d4478b6007ee2dec7bd8a93.php 第 157 行.
INFO: Run Behavior\ParseTemplateBehavior [ RunTime:0.083135s ]
INFO: [ view_parse ] --END-- [ RunTime:0.083257s ]
INFO: [ view_filter ] --START--
INFO: Run Behavior\WriteHtmlCacheBehavior [ RunTime:0.000302s ]
INFO: [ view_filter ] --END-- [ RunTime:0.000399s ]
INFO: [ app_end ] --START--
INFO: Run Behavior\ShowPageTraceBehavior [ RunTime:0.000770s ]
INFO: [ app_end ] --END-- [ RunTime:0.000953s ]

[ 2017-06-18T20:01:13+08:00 ] 127.0.0.1 /Home/Cart/cart_update
INFO: [ app_begin ] --START--
INFO: Run Behavior\ReadHtmlCacheBehavior [ RunTime:0.001192s ]
INFO: [ app_begin ] --END-- [ RunTime:0.001678s ]
INFO: [ view_parse ] --START--
INFO: [ template_filter ] --START--
INFO: Run Behavior\ContentReplaceBehavior [ RunTime:0.000202s ]
INFO: [ template_filter ] --END-- [ RunTime:0.000366s ]
NOTIC: [8] Undefined variable: cart_data D:\wwwtp\Application\Runtime\Cache\Home\d087df7d8d4478b6007ee2dec7bd8a93.php 第 129 行.
NOTIC: [8] Undefined variable: totals D:\wwwtp\Application\Runtime\Cache\Home\d087df7d8d4478b6007ee2dec7bd8a93.php 第 157 行.
NOTIC: [8] Undefined variable: mtotals D:\wwwtp\Application\Runtime\Cache\Home\d087df7d8d4478b6007ee2dec7bd8a93.php 第 157 行.
NOTIC: [8] Undefined variable: totals D:\wwwtp\Application\Runtime\Cache\Home\d087df7d8d4478b6007ee2dec7bd8a93.php 第 157 行.
NOTIC: [8] Undefined variable: mtotals D:\wwwtp\Application\Runtime\Cache\Home\d087df7d8d4478b6007ee2dec7bd8a93.php 第 157 行.
INFO: Run Behavior\ParseTemplateBehavior [ RunTime:0.075588s ]
INFO: [ view_parse ] --END-- [ RunTime:0.075689s ]
INFO: [ view_filter ] --START--
INFO: Run Behavior\WriteHtmlCacheBehavior [ RunTime:0.000313s ]
INFO: [ view_filter ] --END-- [ RunTime:0.000403s ]
INFO: [ app_end ] --START--
INFO: Run Behavior\ShowPageTraceBehavior [ RunTime:0.000585s ]
INFO: [ app_end ] --END-- [ RunTime:0.000761s ]

[ 2017-06-18T20:01:13+08:00 ] 127.0.0.1 /Home/Cart/cart_update
INFO: [ app_begin ] --START--
INFO: Run Behavior\ReadHtmlCacheBehavior [ RunTime:0.000638s ]
INFO: [ app_begin ] --END-- [ RunTime:0.001281s ]
INFO: [ view_parse ] --START--
INFO: [ template_filter ] --START--
INFO: Run Behavior\ContentReplaceBehavior [ RunTime:0.000229s ]
INFO: [ template_filter ] --END-- [ RunTime:0.000330s ]
NOTIC: [8] Undefined variable: cart_data D:\wwwtp\Application\Runtime\Cache\Home\d087df7d8d4478b6007ee2dec7bd8a93.php 第 129 行.
NOTIC: [8] Undefined variable: totals D:\wwwtp\Application\Runtime\Cache\Home\d087df7d8d4478b6007ee2dec7bd8a93.php 第 157 行.
NOTIC: [8] Undefined variable: mtotals D:\wwwtp\Application\Runtime\Cache\Home\d087df7d8d4478b6007ee2dec7bd8a93.php 第 157 行.
NOTIC: [8] Undefined variable: totals D:\wwwtp\Application\Runtime\Cache\Home\d087df7d8d4478b6007ee2dec7bd8a93.php 第 157 行.
NOTIC: [8] Undefined variable: mtotals D:\wwwtp\Application\Runtime\Cache\Home\d087df7d8d4478b6007ee2dec7bd8a93.php 第 157 行.
INFO: Run Behavior\ParseTemplateBehavior [ RunTime:0.075239s ]
INFO: [ view_parse ] --END-- [ RunTime:0.075354s ]
INFO: [ view_filter ] --START--
INFO: Run Behavior\WriteHtmlCacheBehavior [ RunTime:0.000278s ]
INFO: [ view_filter ] --END-- [ RunTime:0.000368s ]
INFO: [ app_end ] --START--
INFO: Run Behavior\ShowPageTraceBehavior [ RunTime:0.000765s ]
INFO: [ app_end ] --END-- [ RunTime:0.000898s ]

[ 2017-06-18T20:01:14+08:00 ] 127.0.0.1 /Home/Cart/cart_update
INFO: [ app_begin ] --START--
INFO: Run Behavior\ReadHtmlCacheBehavior [ RunTime:0.000870s ]
INFO: [ app_begin ] --END-- [ RunTime:0.001650s ]
INFO: [ view_parse ] --START--
INFO: [ template_filter ] --START--
INFO: Run Behavior\ContentReplaceBehavior [ RunTime:0.000402s ]
INFO: [ template_filter ] --END-- [ RunTime:0.000677s ]
NOTIC: [8] Undefined variable: cart_data D:\wwwtp\Application\Runtime\Cache\Home\d087df7d8d4478b6007ee2dec7bd8a93.php 第 129 行.
NOTIC: [8] Undefined variable: totals D:\wwwtp\Application\Runtime\Cache\Home\d087df7d8d4478b6007ee2dec7bd8a93.php 第 157 行.
NOTIC: [8] Undefined variable: mtotals D:\wwwtp\Application\Runtime\Cache\Home\d087df7d8d4478b6007ee2dec7bd8a93.php 第 157 行.
NOTIC: [8] Undefined variable: totals D:\wwwtp\Application\Runtime\Cache\Home\d087df7d8d4478b6007ee2dec7bd8a93.php 第 157 行.
NOTIC: [8] Undefined variable: mtotals D:\wwwtp\Application\Runtime\Cache\Home\d087df7d8d4478b6007ee2dec7bd8a93.php 第 157 行.
INFO: Run Behavior\ParseTemplateBehavior [ RunTime:0.078029s ]
INFO: [ view_parse ] --END-- [ RunTime:0.078132s ]
INFO: [ view_filter ] --START--
INFO: Run Behavior\WriteHtmlCacheBehavior [ RunTime:0.000317s ]
INFO: [ view_filter ] --END-- [ RunTime:0.000408s ]
INFO: [ app_end ] --START--
INFO: Run Behavior\ShowPageTraceBehavior [ RunTime:0.000586s ]
INFO: [ app_end ] --END-- [ RunTime:0.000756s ]

[ 2017-06-18T20:01:15+08:00 ] 127.0.0.1 /Home/Cart/cart_update
INFO: [ app_begin ] --START--
INFO: Run Behavior\ReadHtmlCacheBehavior [ RunTime:0.000409s ]
INFO: [ app_begin ] --END-- [ RunTime:0.000794s ]
INFO: [ view_parse ] --START--
INFO: [ template_filter ] --START--
INFO: Run Behavior\ContentReplaceBehavior [ RunTime:0.000210s ]
INFO: [ template_filter ] --END-- [ RunTime:0.000314s ]
NOTIC: [8] Undefined variable: cart_data D:\wwwtp\Application\Runtime\Cache\Home\d087df7d8d4478b6007ee2dec7bd8a93.php 第 129 行.
NOTIC: [8] Undefined variable: totals D:\wwwtp\Application\Runtime\Cache\Home\d087df7d8d4478b6007ee2dec7bd8a93.php 第 157 行.
NOTIC: [8] Undefined variable: mtotals D:\wwwtp\Application\Runtime\Cache\Home\d087df7d8d4478b6007ee2dec7bd8a93.php 第 157 行.
NOTIC: [8] Undefined variable: totals D:\wwwtp\Application\Runtime\Cache\Home\d087df7d8d4478b6007ee2dec7bd8a93.php 第 157 行.
NOTIC: [8] Undefined variable: mtotals D:\wwwtp\Application\Runtime\Cache\Home\d087df7d8d4478b6007ee2dec7bd8a93.php 第 157 行.
INFO: Run Behavior\ParseTemplateBehavior [ RunTime:0.079945s ]
INFO: [ view_parse ] --END-- [ RunTime:0.080046s ]
INFO: [ view_filter ] --START--
INFO: Run Behavior\WriteHtmlCacheBehavior [ RunTime:0.000298s ]
INFO: [ view_filter ] --END-- [ RunTime:0.000397s ]
INFO: [ app_end ] --START--
INFO: Run Behavior\ShowPageTraceBehavior [ RunTime:0.000831s ]
INFO: [ app_end ] --END-- [ RunTime:0.000954s ]

[ 2017-06-18T20:01:16+08:00 ] 127.0.0.1 /Home/Cart/cart_update
INFO: [ app_begin ] --START--
INFO: Run Behavior\ReadHtmlCacheBehavior [ RunTime:0.000436s ]
INFO: [ app_begin ] --END-- [ RunTime:0.000843s ]
INFO: [ view_parse ] --START--
INFO: [ template_filter ] --START--
INFO: Run Behavior\ContentReplaceBehavior [ RunTime:0.000204s ]
INFO: [ template_filter ] --END-- [ RunTime:0.000308s ]
NOTIC: [8] Undefined variable: cart_data D:\wwwtp\Application\Runtime\Cache\Home\d087df7d8d4478b6007ee2dec7bd8a93.php 第 129 行.
NOTIC: [8] Undefined variable: totals D:\wwwtp\Application\Runtime\Cache\Home\d087df7d8d4478b6007ee2dec7bd8a93.php 第 157 行.
NOTIC: [8] Undefined variable: mtotals D:\wwwtp\Application\Runtime\Cache\Home\d087df7d8d4478b6007ee2dec7bd8a93.php 第 157 行.
NOTIC: [8] Undefined variable: totals D:\wwwtp\Application\Runtime\Cache\Home\d087df7d8d4478b6007ee2dec7bd8a93.php 第 157 行.
NOTIC: [8] Undefined variable: mtotals D:\wwwtp\Application\Runtime\Cache\Home\d087df7d8d4478b6007ee2dec7bd8a93.php 第 157 行.
INFO: Run Behavior\ParseTemplateBehavior [ RunTime:0.077728s ]
INFO: [ view_parse ] --END-- [ RunTime:0.077830s ]
INFO: [ view_filter ] --START--
INFO: Run Behavior\WriteHtmlCacheBehavior [ RunTime:0.000288s ]
INFO: [ view_filter ] --END-- [ RunTime:0.000381s ]
INFO: [ app_end ] --START--
INFO: Run Behavior\ShowPageTraceBehavior [ RunTime:0.000805s ]
INFO: [ app_end ] --END-- [ RunTime:0.000989s ]

[ 2017-06-18T20:01:16+08:00 ] 127.0.0.1 /Home/Cart/cart_update
INFO: [ app_begin ] --START--
INFO: Run Behavior\ReadHtmlCacheBehavior [ RunTime:0.000428s ]
INFO: [ app_begin ] --END-- [ RunTime:0.000804s ]
INFO: [ view_parse ] --START--
INFO: [ template_filter ] --START--
INFO: Run Behavior\ContentReplaceBehavior [ RunTime:0.000347s ]
INFO: [ template_filter ] --END-- [ RunTime:0.000545s ]
NOTIC: [8] Undefined variable: cart_data D:\wwwtp\Application\Runtime\Cache\Home\d087df7d8d4478b6007ee2dec7bd8a93.php 第 129 行.
NOTIC: [8] Undefined variable: totals D:\wwwtp\Application\Runtime\Cache\Home\d087df7d8d4478b6007ee2dec7bd8a93.php 第 157 行.
NOTIC: [8] Undefined variable: mtotals D:\wwwtp\Application\Runtime\Cache\Home\d087df7d8d4478b6007ee2dec7bd8a93.php 第 157 行.
NOTIC: [8] Undefined variable: totals D:\wwwtp\Application\Runtime\Cache\Home\d087df7d8d4478b6007ee2dec7bd8a93.php 第 157 行.
NOTIC: [8] Undefined variable: mtotals D:\wwwtp\Application\Runtime\Cache\Home\d087df7d8d4478b6007ee2dec7bd8a93.php 第 157 行.
INFO: Run Behavior\ParseTemplateBehavior [ RunTime:0.081284s ]
INFO: [ view_parse ] --END-- [ RunTime:0.081393s ]
INFO: [ view_filter ] --START--
INFO: Run Behavior\WriteHtmlCacheBehavior [ RunTime:0.000274s ]
INFO: [ view_filter ] --END-- [ RunTime:0.000377s ]
INFO: [ app_end ] --START--
INFO: Run Behavior\ShowPageTraceBehavior [ RunTime:0.000670s ]
INFO: [ app_end ] --END-- [ RunTime:0.000832s ]

[ 2017-06-18T20:01:17+08:00 ] 127.0.0.1 /Home/Cart/cart_update
INFO: [ app_begin ] --START--
INFO: Run Behavior\ReadHtmlCacheBehavior [ RunTime:0.000446s ]
INFO: [ app_begin ] --END-- [ RunTime:0.000867s ]
INFO: [ view_parse ] --START--
INFO: [ template_filter ] --START--
INFO: Run Behavior\ContentReplaceBehavior [ RunTime:0.000229s ]
INFO: [ template_filter ] --END-- [ RunTime:0.000331s ]
NOTIC: [8] Undefined variable: cart_data D:\wwwtp\Application\Runtime\Cache\Home\d087df7d8d4478b6007ee2dec7bd8a93.php 第 129 行.
NOTIC: [8] Undefined variable: totals D:\wwwtp\Application\Runtime\Cache\Home\d087df7d8d4478b6007ee2dec7bd8a93.php 第 157 行.
NOTIC: [8] Undefined variable: mtotals D:\wwwtp\Application\Runtime\Cache\Home\d087df7d8d4478b6007ee2dec7bd8a93.php 第 157 行.
NOTIC: [8] Undefined variable: totals D:\wwwtp\Application\Runtime\Cache\Home\d087df7d8d4478b6007ee2dec7bd8a93.php 第 157 行.
NOTIC: [8] Undefined variable: mtotals D:\wwwtp\Application\Runtime\Cache\Home\d087df7d8d4478b6007ee2dec7bd8a93.php 第 157 行.
INFO: Run Behavior\ParseTemplateBehavior [ RunTime:0.075949s ]
INFO: [ view_parse ] --END-- [ RunTime:0.076056s ]
INFO: [ view_filter ] --START--
INFO: Run Behavior\WriteHtmlCacheBehavior [ RunTime:0.000285s ]
INFO: [ view_filter ] --END-- [ RunTime:0.000376s ]
INFO: [ app_end ] --START--
INFO: Run Behavior\ShowPageTraceBehavior [ RunTime:0.001034s ]
INFO: [ app_end ] --END-- [ RunTime:0.001282s ]

[ 2017-06-18T20:01:20+08:00 ] 127.0.0.1 /Home/Cart/cart_update
INFO: [ app_begin ] --START--
INFO: Run Behavior\ReadHtmlCacheBehavior [ RunTime:0.000553s ]
INFO: [ app_begin ] --END-- [ RunTime:0.001024s ]
INFO: [ view_parse ] --START--
INFO: [ template_filter ] --START--
INFO: Run Behavior\ContentReplaceBehavior [ RunTime:0.000231s ]
INFO: [ template_filter ] --END-- [ RunTime:0.000333s ]
NOTIC: [8] Undefined variable: cart_data D:\wwwtp\Application\Runtime\Cache\Home\d087df7d8d4478b6007ee2dec7bd8a93.php 第 129 行.
NOTIC: [8] Undefined variable: totals D:\wwwtp\Application\Runtime\Cache\Home\d087df7d8d4478b6007ee2dec7bd8a93.php 第 157 行.
NOTIC: [8] Undefined variable: mtotals D:\wwwtp\Application\Runtime\Cache\Home\d087df7d8d4478b6007ee2dec7bd8a93.php 第 157 行.
NOTIC: [8] Undefined variable: totals D:\wwwtp\Application\Runtime\Cache\Home\d087df7d8d4478b6007ee2dec7bd8a93.php 第 157 行.
NOTIC: [8] Undefined variable: mtotals D:\wwwtp\Application\Runtime\Cache\Home\d087df7d8d4478b6007ee2dec7bd8a93.php 第 157 行.
INFO: Run Behavior\ParseTemplateBehavior [ RunTime:0.077336s ]
INFO: [ view_parse ] --END-- [ RunTime:0.077438s ]
INFO: [ view_filter ] --START--
INFO: Run Behavior\WriteHtmlCacheBehavior [ RunTime:0.000283s ]
INFO: [ view_filter ] --END-- [ RunTime:0.000381s ]
INFO: [ app_end ] --START--
INFO: Run Behavior\ShowPageTraceBehavior [ RunTime:0.000613s ]
INFO: [ app_end ] --END-- [ RunTime:0.000776s ]

[ 2017-06-18T20:01:25+08:00 ] 127.0.0.1 /Home/Cart/cart_update
INFO: [ app_begin ] --START--
INFO: Run Behavior\ReadHtmlCacheBehavior [ RunTime:0.000822s ]
INFO: [ app_begin ] --END-- [ RunTime:0.001542s ]
INFO: [ view_parse ] --START--
INFO: [ template_filter ] --START--
INFO: Run Behavior\ContentReplaceBehavior [ RunTime:0.000219s ]
INFO: [ template_filter ] --END-- [ RunTime:0.000334s ]
NOTIC: [8] Undefined variable: cart_data D:\wwwtp\Application\Runtime\Cache\Home\d087df7d8d4478b6007ee2dec7bd8a93.php 第 129 行.
NOTIC: [8] Undefined variable: totals D:\wwwtp\Application\Runtime\Cache\Home\d087df7d8d4478b6007ee2dec7bd8a93.php 第 157 行.
NOTIC: [8] Undefined variable: mtotals D:\wwwtp\Application\Runtime\Cache\Home\d087df7d8d4478b6007ee2dec7bd8a93.php 第 157 行.
NOTIC: [8] Undefined variable: totals D:\wwwtp\Application\Runtime\Cache\Home\d087df7d8d4478b6007ee2dec7bd8a93.php 第 157 行.
NOTIC: [8] Undefined variable: mtotals D:\wwwtp\Application\Runtime\Cache\Home\d087df7d8d4478b6007ee2dec7bd8a93.php 第 157 行.
INFO: Run Behavior\ParseTemplateBehavior [ RunTime:0.077716s ]
INFO: [ view_parse ] --END-- [ RunTime:0.077832s ]
INFO: [ view_filter ] --START--
INFO: Run Behavior\WriteHtmlCacheBehavior [ RunTime:0.000265s ]
INFO: [ view_filter ] --END-- [ RunTime:0.000359s ]
INFO: [ app_end ] --START--
INFO: Run Behavior\ShowPageTraceBehavior [ RunTime:0.001025s ]
INFO: [ app_end ] --END-- [ RunTime:0.001270s ]

[ 2017-06-18T20:01:53+08:00 ] 127.0.0.1 /Home/Cart/cart_update
INFO: [ app_begin ] --START--
INFO: Run Behavior\ReadHtmlCacheBehavior [ RunTime:0.000447s ]
INFO: [ app_begin ] --END-- [ RunTime:0.000843s ]
INFO: [ view_parse ] --START--
INFO: [ template_filter ] --START--
INFO: Run Behavior\ContentReplaceBehavior [ RunTime:0.000215s ]
INFO: [ template_filter ] --END-- [ RunTime:0.000322s ]
NOTIC: [8] Undefined variable: cart_data D:\wwwtp\Application\Runtime\Cache\Home\d087df7d8d4478b6007ee2dec7bd8a93.php 第 129 行.
NOTIC: [8] Undefined variable: totals D:\wwwtp\Application\Runtime\Cache\Home\d087df7d8d4478b6007ee2dec7bd8a93.php 第 157 行.
NOTIC: [8] Undefined variable: mtotals D:\wwwtp\Application\Runtime\Cache\Home\d087df7d8d4478b6007ee2dec7bd8a93.php 第 157 行.
NOTIC: [8] Undefined variable: totals D:\wwwtp\Application\Runtime\Cache\Home\d087df7d8d4478b6007ee2dec7bd8a93.php 第 157 行.
NOTIC: [8] Undefined variable: mtotals D:\wwwtp\Application\Runtime\Cache\Home\d087df7d8d4478b6007ee2dec7bd8a93.php 第 157 行.
INFO: Run Behavior\ParseTemplateBehavior [ RunTime:0.076013s ]
INFO: [ view_parse ] --END-- [ RunTime:0.076112s ]
INFO: [ view_filter ] --START--
INFO: Run Behavior\WriteHtmlCacheBehavior [ RunTime:0.000248s ]
INFO: [ view_filter ] --END-- [ RunTime:0.000340s ]
INFO: [ app_end ] --START--
INFO: Run Behavior\ShowPageTraceBehavior [ RunTime:0.000646s ]
INFO: [ app_end ] --END-- [ RunTime:0.000824s ]

[ 2017-06-18T20:01:54+08:00 ] 127.0.0.1 /Home/Cart/cart_update
INFO: [ app_begin ] --START--
INFO: Run Behavior\ReadHtmlCacheBehavior [ RunTime:0.000954s ]
INFO: [ app_begin ] --END-- [ RunTime:0.001485s ]
INFO: [ view_parse ] --START--
INFO: [ template_filter ] --START--
INFO: Run Behavior\ContentReplaceBehavior [ RunTime:0.000225s ]
INFO: [ template_filter ] --END-- [ RunTime:0.000325s ]
NOTIC: [8] Undefined variable: cart_data D:\wwwtp\Application\Runtime\Cache\Home\d087df7d8d4478b6007ee2dec7bd8a93.php 第 129 行.
NOTIC: [8] Undefined variable: totals D:\wwwtp\Application\Runtime\Cache\Home\d087df7d8d4478b6007ee2dec7bd8a93.php 第 157 行.
NOTIC: [8] Undefined variable: mtotals D:\wwwtp\Application\Runtime\Cache\Home\d087df7d8d4478b6007ee2dec7bd8a93.php 第 157 行.
NOTIC: [8] Undefined variable: totals D:\wwwtp\Application\Runtime\Cache\Home\d087df7d8d4478b6007ee2dec7bd8a93.php 第 157 行.
NOTIC: [8] Undefined variable: mtotals D:\wwwtp\Application\Runtime\Cache\Home\d087df7d8d4478b6007ee2dec7bd8a93.php 第 157 行.
INFO: Run Behavior\ParseTemplateBehavior [ RunTime:0.077698s ]
INFO: [ view_parse ] --END-- [ RunTime:0.077802s ]
INFO: [ view_filter ] --START--
INFO: Run Behavior\WriteHtmlCacheBehavior [ RunTime:0.000271s ]
INFO: [ view_filter ] --END-- [ RunTime:0.000370s ]
INFO: [ app_end ] --START--
INFO: Run Behavior\ShowPageTraceBehavior [ RunTime:0.000706s ]
INFO: [ app_end ] --END-- [ RunTime:0.000859s ]

[ 2017-06-18T20:01:54+08:00 ] 127.0.0.1 /Home/Cart/cart_update
INFO: [ app_begin ] --START--
INFO: Run Behavior\ReadHtmlCacheBehavior [ RunTime:0.000442s ]
INFO: [ app_begin ] --END-- [ RunTime:0.000818s ]
INFO: [ view_parse ] --START--
INFO: [ template_filter ] --START--
INFO: Run Behavior\ContentReplaceBehavior [ RunTime:0.000207s ]
INFO: [ template_filter ] --END-- [ RunTime:0.000310s ]
NOTIC: [8] Undefined variable: cart_data D:\wwwtp\Application\Runtime\Cache\Home\d087df7d8d4478b6007ee2dec7bd8a93.php 第 129 行.
NOTIC: [8] Undefined variable: totals D:\wwwtp\Application\Runtime\Cache\Home\d087df7d8d4478b6007ee2dec7bd8a93.php 第 157 行.
NOTIC: [8] Undefined variable: mtotals D:\wwwtp\Application\Runtime\Cache\Home\d087df7d8d4478b6007ee2dec7bd8a93.php 第 157 行.
NOTIC: [8] Undefined variable: totals D:\wwwtp\Application\Runtime\Cache\Home\d087df7d8d4478b6007ee2dec7bd8a93.php 第 157 行.
NOTIC: [8] Undefined variable: mtotals D:\wwwtp\Application\Runtime\Cache\Home\d087df7d8d4478b6007ee2dec7bd8a93.php 第 157 行.
INFO: Run Behavior\ParseTemplateBehavior [ RunTime:0.076900s ]
INFO: [ view_parse ] --END-- [ RunTime:0.077000s ]
INFO: [ view_filter ] --START--
INFO: Run Behavior\WriteHtmlCacheBehavior [ RunTime:0.000268s ]
INFO: [ view_filter ] --END-- [ RunTime:0.000358s ]
INFO: [ app_end ] --START--
INFO: Run Behavior\ShowPageTraceBehavior [ RunTime:0.000635s ]
INFO: [ app_end ] --END-- [ RunTime:0.000792s ]

[ 2017-06-18T20:01:55+08:00 ] 127.0.0.1 /Home/Cart/cart_update
INFO: [ app_begin ] --START--
INFO: Run Behavior\ReadHtmlCacheBehavior [ RunTime:0.000426s ]
INFO: [ app_begin ] --END-- [ RunTime:0.000777s ]
INFO: [ view_parse ] --START--
INFO: [ template_filter ] --START--
INFO: Run Behavior\ContentReplaceBehavior [ RunTime:0.000208s ]
INFO: [ template_filter ] --END-- [ RunTime:0.000312s ]
NOTIC: [8] Undefined variable: cart_data D:\wwwtp\Application\Runtime\Cache\Home\d087df7d8d4478b6007ee2dec7bd8a93.php 第 129 行.
NOTIC: [8] Undefined variable: totals D:\wwwtp\Application\Runtime\Cache\Home\d087df7d8d4478b6007ee2dec7bd8a93.php 第 157 行.
NOTIC: [8] Undefined variable: mtotals D:\wwwtp\Application\Runtime\Cache\Home\d087df7d8d4478b6007ee2dec7bd8a93.php 第 157 行.
NOTIC: [8] Undefined variable: totals D:\wwwtp\Application\Runtime\Cache\Home\d087df7d8d4478b6007ee2dec7bd8a93.php 第 157 行.
NOTIC: [8] Undefined variable: mtotals D:\wwwtp\Application\Runtime\Cache\Home\d087df7d8d4478b6007ee2dec7bd8a93.php 第 157 行.
INFO: Run Behavior\ParseTemplateBehavior [ RunTime:0.078834s ]
INFO: [ view_parse ] --END-- [ RunTime:0.078941s ]
INFO: [ view_filter ] --START--
INFO: Run Behavior\WriteHtmlCacheBehavior [ RunTime:0.000361s ]
INFO: [ view_filter ] --END-- [ RunTime:0.000492s ]
INFO: [ app_end ] --START--
INFO: Run Behavior\ShowPageTraceBehavior [ RunTime:0.000714s ]
INFO: [ app_end ] --END-- [ RunTime:0.000939s ]

[ 2017-06-18T20:01:55+08:00 ] 127.0.0.1 /Home/Cart/cart_update
INFO: [ app_begin ] --START--
INFO: Run Behavior\ReadHtmlCacheBehavior [ RunTime:0.000496s ]
INFO: [ app_begin ] --END-- [ RunTime:0.000902s ]
INFO: [ view_parse ] --START--
INFO: [ template_filter ] --START--
INFO: Run Behavior\ContentReplaceBehavior [ RunTime:0.000206s ]
INFO: [ template_filter ] --END-- [ RunTime:0.000318s ]
NOTIC: [8] Undefined variable: cart_data D:\wwwtp\Application\Runtime\Cache\Home\d087df7d8d4478b6007ee2dec7bd8a93.php 第 129 行.
NOTIC: [8] Undefined variable: totals D:\wwwtp\Application\Runtime\Cache\Home\d087df7d8d4478b6007ee2dec7bd8a93.php 第 157 行.
NOTIC: [8] Undefined variable: mtotals D:\wwwtp\Application\Runtime\Cache\Home\d087df7d8d4478b6007ee2dec7bd8a93.php 第 157 行.
NOTIC: [8] Undefined variable: totals D:\wwwtp\Application\Runtime\Cache\Home\d087df7d8d4478b6007ee2dec7bd8a93.php 第 157 行.
NOTIC: [8] Undefined variable: mtotals D:\wwwtp\Application\Runtime\Cache\Home\d087df7d8d4478b6007ee2dec7bd8a93.php 第 157 行.
INFO: Run Behavior\ParseTemplateBehavior [ RunTime:0.074610s ]
INFO: [ view_parse ] --END-- [ RunTime:0.074709s ]
INFO: [ view_filter ] --START--
INFO: Run Behavior\WriteHtmlCacheBehavior [ RunTime:0.000273s ]
INFO: [ view_filter ] --END-- [ RunTime:0.000370s ]
INFO: [ app_end ] --START--
INFO: Run Behavior\ShowPageTraceBehavior [ RunTime:0.000785s ]
INFO: [ app_end ] --END-- [ RunTime:0.000928s ]

[ 2017-06-18T20:01:57+08:00 ] 127.0.0.1 /Home/Cart/cart_update
INFO: [ app_begin ] --START--
INFO: Run Behavior\ReadHtmlCacheBehavior [ RunTime:0.000666s ]
INFO: [ app_begin ] --END-- [ RunTime:0.001257s ]
INFO: [ view_parse ] --START--
INFO: [ template_filter ] --START--
INFO: Run Behavior\ContentReplaceBehavior [ RunTime:0.000243s ]
INFO: [ template_filter ] --END-- [ RunTime:0.000398s ]
NOTIC: [8] Undefined variable: cart_data D:\wwwtp\Application\Runtime\Cache\Home\d087df7d8d4478b6007ee2dec7bd8a93.php 第 129 行.
NOTIC: [8] Undefined variable: totals D:\wwwtp\Application\Runtime\Cache\Home\d087df7d8d4478b6007ee2dec7bd8a93.php 第 157 行.
NOTIC: [8] Undefined variable: mtotals D:\wwwtp\Application\Runtime\Cache\Home\d087df7d8d4478b6007ee2dec7bd8a93.php 第 157 行.
NOTIC: [8] Undefined variable: totals D:\wwwtp\Application\Runtime\Cache\Home\d087df7d8d4478b6007ee2dec7bd8a93.php 第 157 行.
NOTIC: [8] Undefined variable: mtotals D:\wwwtp\Application\Runtime\Cache\Home\d087df7d8d4478b6007ee2dec7bd8a93.php 第 157 行.
INFO: Run Behavior\ParseTemplateBehavior [ RunTime:0.077085s ]
INFO: [ view_parse ] --END-- [ RunTime:0.077191s ]
INFO: [ view_filter ] --START--
INFO: Run Behavior\WriteHtmlCacheBehavior [ RunTime:0.000277s ]
INFO: [ view_filter ] --END-- [ RunTime:0.000366s ]
INFO: [ app_end ] --START--
INFO: Run Behavior\ShowPageTraceBehavior [ RunTime:0.000947s ]
INFO: [ app_end ] --END-- [ RunTime:0.001155s ]

[ 2017-06-18T20:01:57+08:00 ] 127.0.0.1 /Home/Cart/cart_update
INFO: [ app_begin ] --START--
INFO: Run Behavior\ReadHtmlCacheBehavior [ RunTime:0.000444s ]
INFO: [ app_begin ] --END-- [ RunTime:0.000843s ]
INFO: [ view_parse ] --START--
INFO: [ template_filter ] --START--
INFO: Run Behavior\ContentReplaceBehavior [ RunTime:0.000206s ]
INFO: [ template_filter ] --END-- [ RunTime:0.000309s ]
NOTIC: [8] Undefined variable: cart_data D:\wwwtp\Application\Runtime\Cache\Home\d087df7d8d4478b6007ee2dec7bd8a93.php 第 129 行.
NOTIC: [8] Undefined variable: totals D:\wwwtp\Application\Runtime\Cache\Home\d087df7d8d4478b6007ee2dec7bd8a93.php 第 157 行.
NOTIC: [8] Undefined variable: mtotals D:\wwwtp\Application\Runtime\Cache\Home\d087df7d8d4478b6007ee2dec7bd8a93.php 第 157 行.
NOTIC: [8] Undefined variable: totals D:\wwwtp\Application\Runtime\Cache\Home\d087df7d8d4478b6007ee2dec7bd8a93.php 第 157 行.
NOTIC: [8] Undefined variable: mtotals D:\wwwtp\Application\Runtime\Cache\Home\d087df7d8d4478b6007ee2dec7bd8a93.php 第 157 行.
INFO: Run Behavior\ParseTemplateBehavior [ RunTime:0.077449s ]
INFO: [ view_parse ] --END-- [ RunTime:0.077549s ]
INFO: [ view_filter ] --START--
INFO: Run Behavior\WriteHtmlCacheBehavior [ RunTime:0.000288s ]
INFO: [ view_filter ] --END-- [ RunTime:0.000401s ]
INFO: [ app_end ] --START--
INFO: Run Behavior\ShowPageTraceBehavior [ RunTime:0.000683s ]
INFO: [ app_end ] --END-- [ RunTime:0.000893s ]

[ 2017-06-18T20:02:23+08:00 ] 127.0.0.1 /Home/Cart/cart_update
INFO: [ app_begin ] --START--
INFO: Run Behavior\ReadHtmlCacheBehavior [ RunTime:0.000415s ]
INFO: [ app_begin ] --END-- [ RunTime:0.000808s ]
INFO: [ view_parse ] --START--
INFO: [ template_filter ] --START--
INFO: Run Behavior\ContentReplaceBehavior [ RunTime:0.000204s ]
INFO: [ template_filter ] --END-- [ RunTime:0.000310s ]
NOTIC: [8] Undefined variable: cart_data D:\wwwtp\Application\Runtime\Cache\Home\d087df7d8d4478b6007ee2dec7bd8a93.php 第 129 行.
NOTIC: [8] Undefined variable: totals D:\wwwtp\Application\Runtime\Cache\Home\d087df7d8d4478b6007ee2dec7bd8a93.php 第 157 行.
NOTIC: [8] Undefined variable: mtotals D:\wwwtp\Application\Runtime\Cache\Home\d087df7d8d4478b6007ee2dec7bd8a93.php 第 157 行.
NOTIC: [8] Undefined variable: totals D:\wwwtp\Application\Runtime\Cache\Home\d087df7d8d4478b6007ee2dec7bd8a93.php 第 157 行.
NOTIC: [8] Undefined variable: mtotals D:\wwwtp\Application\Runtime\Cache\Home\d087df7d8d4478b6007ee2dec7bd8a93.php 第 157 行.
INFO: Run Behavior\ParseTemplateBehavior [ RunTime:0.108282s ]
INFO: [ view_parse ] --END-- [ RunTime:0.108439s ]
INFO: [ view_filter ] --START--
INFO: Run Behavior\WriteHtmlCacheBehavior [ RunTime:0.000546s ]
INFO: [ view_filter ] --END-- [ RunTime:0.001114s ]
INFO: [ app_end ] --START--
INFO: Run Behavior\ShowPageTraceBehavior [ RunTime:0.001321s ]
INFO: [ app_end ] --END-- [ RunTime:0.001691s ]

[ 2017-06-18T20:02:25+08:00 ] 127.0.0.1 /Home/Cart/cart_update
INFO: [ app_begin ] --START--
INFO: Run Behavior\ReadHtmlCacheBehavior [ RunTime:0.000736s ]
INFO: [ app_begin ] --END-- [ RunTime:0.001561s ]
INFO: [ view_parse ] --START--
INFO: [ template_filter ] --START--
INFO: Run Behavior\ContentReplaceBehavior [ RunTime:0.000222s ]
INFO: [ template_filter ] --END-- [ RunTime:0.000333s ]
NOTIC: [8] Undefined variable: cart_data D:\wwwtp\Application\Runtime\Cache\Home\d087df7d8d4478b6007ee2dec7bd8a93.php 第 129 行.
NOTIC: [8] Undefined variable: totals D:\wwwtp\Application\Runtime\Cache\Home\d087df7d8d4478b6007ee2dec7bd8a93.php 第 157 行.
NOTIC: [8] Undefined variable: mtotals D:\wwwtp\Application\Runtime\Cache\Home\d087df7d8d4478b6007ee2dec7bd8a93.php 第 157 行.
NOTIC: [8] Undefined variable: totals D:\wwwtp\Application\Runtime\Cache\Home\d087df7d8d4478b6007ee2dec7bd8a93.php 第 157 行.
NOTIC: [8] Undefined variable: mtotals D:\wwwtp\Application\Runtime\Cache\Home\d087df7d8d4478b6007ee2dec7bd8a93.php 第 157 行.
INFO: Run Behavior\ParseTemplateBehavior [ RunTime:0.103703s ]
INFO: [ view_parse ] --END-- [ RunTime:0.103856s ]
INFO: [ view_filter ] --START--
INFO: Run Behavior\WriteHtmlCacheBehavior [ RunTime:0.000286s ]
INFO: [ view_filter ] --END-- [ RunTime:0.000383s ]
INFO: [ app_end ] --START--
INFO: Run Behavior\ShowPageTraceBehavior [ RunTime:0.000645s ]
INFO: [ app_end ] --END-- [ RunTime:0.000812s ]

[ 2017-06-18T20:02:26+08:00 ] 127.0.0.1 /Home/Cart/cart_update
INFO: [ app_begin ] --START--
INFO: Run Behavior\ReadHtmlCacheBehavior [ RunTime:0.001477s ]
INFO: [ app_begin ] --END-- [ RunTime:0.002565s ]
INFO: [ view_parse ] --START--
INFO: [ template_filter ] --START--
INFO: Run Behavior\ContentReplaceBehavior [ RunTime:0.000245s ]
INFO: [ template_filter ] --END-- [ RunTime:0.000401s ]
NOTIC: [8] Undefined variable: cart_data D:\wwwtp\Application\Runtime\Cache\Home\d087df7d8d4478b6007ee2dec7bd8a93.php 第 129 行.
NOTIC: [8] Undefined variable: totals D:\wwwtp\Application\Runtime\Cache\Home\d087df7d8d4478b6007ee2dec7bd8a93.php 第 157 行.
NOTIC: [8] Undefined variable: mtotals D:\wwwtp\Application\Runtime\Cache\Home\d087df7d8d4478b6007ee2dec7bd8a93.php 第 157 行.
NOTIC: [8] Undefined variable: totals D:\wwwtp\Application\Runtime\Cache\Home\d087df7d8d4478b6007ee2dec7bd8a93.php 第 157 行.
NOTIC: [8] Undefined variable: mtotals D:\wwwtp\Application\Runtime\Cache\Home\d087df7d8d4478b6007ee2dec7bd8a93.php 第 157 行.
INFO: Run Behavior\ParseTemplateBehavior [ RunTime:0.102274s ]
INFO: [ view_parse ] --END-- [ RunTime:0.102430s ]
INFO: [ view_filter ] --START--
INFO: Run Behavior\WriteHtmlCacheBehavior [ RunTime:0.000315s ]
INFO: [ view_filter ] --END-- [ RunTime:0.000440s ]
INFO: [ app_end ] --START--
INFO: Run Behavior\ShowPageTraceBehavior [ RunTime:0.000593s ]
INFO: [ app_end ] --END-- [ RunTime:0.000756s ]

[ 2017-06-18T20:04:32+08:00 ] 127.0.0.1 /Home/Cart/cart_update
INFO: [ app_begin ] --START--
INFO: Run Behavior\ReadHtmlCacheBehavior [ RunTime:0.000542s ]
INFO: [ app_begin ] --END-- [ RunTime:0.000975s ]
SQL: SHOW COLUMNS FROM `tp_cart` [ RunTime:0.0142s ]
SQL: UPDATE `tp_cart` SET `number`='2' WHERE `user_id` = 10 AND `goods_id` = 83 [ RunTime:0.0005s ]
INFO: [ app_end ] --START--
INFO: Run Behavior\ShowPageTraceBehavior [ RunTime:0.000556s ]
INFO: [ app_end ] --END-- [ RunTime:0.000668s ]

[ 2017-06-18T20:04:34+08:00 ] 127.0.0.1 /Home/Cart/cart_update
INFO: [ app_begin ] --START--
INFO: Run Behavior\ReadHtmlCacheBehavior [ RunTime:0.000598s ]
INFO: [ app_begin ] --END-- [ RunTime:0.000981s ]
SQL: SHOW COLUMNS FROM `tp_cart` [ RunTime:0.0131s ]
SQL: UPDATE `tp_cart` SET `number`='2' WHERE `user_id` = 10 AND `goods_id` = 84 [ RunTime:0.0003s ]
INFO: [ app_end ] --START--
INFO: Run Behavior\ShowPageTraceBehavior [ RunTime:0.000497s ]
INFO: [ app_end ] --END-- [ RunTime:0.000594s ]

[ 2017-06-18T20:27:22+08:00 ] 127.0.0.1 /Home/user/city.html
INFO: [ app_begin ] --START--
INFO: Run Behavior\ReadHtmlCacheBehavior [ RunTime:0.001112s ]
INFO: [ app_begin ] --END-- [ RunTime:0.002626s ]
SQL: SHOW COLUMNS FROM `tp_city` [ RunTime:0.0382s ]
SQL: SELECT * FROM `tp_city` WHERE ( pid=0 )  [ RunTime:0.0011s ]
INFO: [ app_end ] --START--
INFO: Run Behavior\ShowPageTraceBehavior [ RunTime:0.000596s ]
INFO: [ app_end ] --END-- [ RunTime:0.000729s ]

[ 2017-06-18T20:28:18+08:00 ] 127.0.0.1 /Home/user/city.html
INFO: [ app_begin ] --START--
INFO: Run Behavior\ReadHtmlCacheBehavior [ RunTime:0.000431s ]
INFO: [ app_begin ] --END-- [ RunTime:0.000796s ]
SQL: SHOW COLUMNS FROM `tp_city` [ RunTime:0.0125s ]
SQL: SELECT * FROM `tp_city` WHERE ( pid=0 )  [ RunTime:0.0012s ]
INFO: [ app_end ] --START--
INFO: Run Behavior\ShowPageTraceBehavior [ RunTime:0.000498s ]
INFO: [ app_end ] --END-- [ RunTime:0.000610s ]

[ 2017-06-18T20:37:37+08:00 ] 127.0.0.1 /Home/Cart/cart_update
INFO: [ app_begin ] --START--
INFO: Run Behavior\ReadHtmlCacheBehavior [ RunTime:0.000400s ]
INFO: [ app_begin ] --END-- [ RunTime:0.000778s ]
SQL: SHOW COLUMNS FROM `tp_cart` [ RunTime:0.0294s ]
SQL: UPDATE `tp_cart` SET `number`='2' WHERE `user_id` = 10 AND `goods_id` = 83 [ RunTime:0.0004s ]
INFO: [ app_end ] --START--
INFO: Run Behavior\ShowPageTraceBehavior [ RunTime:0.000530s ]
INFO: [ app_end ] --END-- [ RunTime:0.000636s ]

[ 2017-06-18T20:37:39+08:00 ] 127.0.0.1 /Home/Cart/cart_update
INFO: [ app_begin ] --START--
INFO: Run Behavior\ReadHtmlCacheBehavior [ RunTime:0.000424s ]
INFO: [ app_begin ] --END-- [ RunTime:0.000792s ]
SQL: SHOW COLUMNS FROM `tp_cart` [ RunTime:0.0162s ]
SQL: UPDATE `tp_cart` SET `number`='3' WHERE `user_id` = 10 AND `goods_id` = 83 [ RunTime:0.0004s ]
INFO: [ app_end ] --START--
INFO: Run Behavior\ShowPageTraceBehavior [ RunTime:0.000509s ]
INFO: [ app_end ] --END-- [ RunTime:0.000617s ]

[ 2017-06-18T20:37:40+08:00 ] 127.0.0.1 /Home/Cart/cart_update
INFO: [ app_begin ] --START--
INFO: Run Behavior\ReadHtmlCacheBehavior [ RunTime:0.000452s ]
INFO: [ app_begin ] --END-- [ RunTime:0.000814s ]
SQL: SHOW COLUMNS FROM `tp_cart` [ RunTime:0.0142s ]
SQL: UPDATE `tp_cart` SET `number`='4' WHERE `user_id` = 10 AND `goods_id` = 83 [ RunTime:0.0004s ]
INFO: [ app_end ] --START--
INFO: Run Behavior\ShowPageTraceBehavior [ RunTime:0.000491s ]
INFO: [ app_end ] --END-- [ RunTime:0.000599s ]

[ 2017-06-18T20:37:41+08:00 ] 127.0.0.1 /Home/Cart/cart_update
INFO: [ app_begin ] --START--
INFO: Run Behavior\ReadHtmlCacheBehavior [ RunTime:0.000423s ]
INFO: [ app_begin ] --END-- [ RunTime:0.000785s ]
SQL: SHOW COLUMNS FROM `tp_cart` [ RunTime:0.0149s ]
SQL: UPDATE `tp_cart` SET `number`='5' WHERE `user_id` = 10 AND `goods_id` = 83 [ RunTime:0.0003s ]
INFO: [ app_end ] --START--
INFO: Run Behavior\ShowPageTraceBehavior [ RunTime:0.000511s ]
INFO: [ app_end ] --END-- [ RunTime:0.000611s ]

[ 2017-06-18T21:43:40+08:00 ] 127.0.0.1 /Home/Cart/cart_del
INFO: [ app_begin ] --START--
INFO: Run Behavior\ReadHtmlCacheBehavior [ RunTime:0.000395s ]
INFO: [ app_begin ] --END-- [ RunTime:0.000757s ]
SQL: SHOW COLUMNS FROM `tp_cart` [ RunTime:0.0125s ]
SQL: DELETE FROM `tp_cart` WHERE `goods_id` = 84 AND `user_id` = 10 [ RunTime:0.0004s ]

[ 2017-06-18T21:43:41+08:00 ] 127.0.0.1 /Home/Cart/cart_del
INFO: [ app_begin ] --START--
INFO: Run Behavior\ReadHtmlCacheBehavior [ RunTime:0.000499s ]
INFO: [ app_begin ] --END-- [ RunTime:0.000870s ]
SQL: SHOW COLUMNS FROM `tp_cart` [ RunTime:0.0121s ]
SQL: DELETE FROM `tp_cart` WHERE `goods_id` = 83 AND `user_id` = 10 [ RunTime:0.0004s ]

[ 2017-06-18T21:43:41+08:00 ] 127.0.0.1 /Home/Cart/cart_del
INFO: [ app_begin ] --START--
INFO: Run Behavior\ReadHtmlCacheBehavior [ RunTime:0.000398s ]
INFO: [ app_begin ] --END-- [ RunTime:0.000761s ]
SQL: SHOW COLUMNS FROM `tp_cart` [ RunTime:0.0115s ]
SQL: DELETE FROM `tp_cart` WHERE `goods_id` = 83 AND `user_id` = 10 [ RunTime:0.0003s ]
INFO: [ app_end ] --START--
INFO: Run Behavior\ShowPageTraceBehavior [ RunTime:0.000557s ]
INFO: [ app_end ] --END-- [ RunTime:0.000668s ]

[ 2017-06-18T21:43:42+08:00 ] 127.0.0.1 /Home/Cart/cart_del
INFO: [ app_begin ] --START--
INFO: Run Behavior\ReadHtmlCacheBehavior [ RunTime:0.000497s ]
INFO: [ app_begin ] --END-- [ RunTime:0.000882s ]
SQL: SHOW COLUMNS FROM `tp_cart` [ RunTime:0.0128s ]
SQL: DELETE FROM `tp_cart` WHERE `goods_id` = 83 AND `user_id` = 10 [ RunTime:0.0002s ]
INFO: [ app_end ] --START--
INFO: Run Behavior\ShowPageTraceBehavior [ RunTime:0.000487s ]
INFO: [ app_end ] --END-- [ RunTime:0.000596s ]

[ 2017-06-18T21:43:42+08:00 ] 127.0.0.1 /Home/Cart/cart_del
INFO: [ app_begin ] --START--
INFO: Run Behavior\ReadHtmlCacheBehavior [ RunTime:0.000394s ]
INFO: [ app_begin ] --END-- [ RunTime:0.000754s ]
SQL: SHOW COLUMNS FROM `tp_cart` [ RunTime:0.0063s ]
SQL: DELETE FROM `tp_cart` WHERE `goods_id` = 83 AND `user_id` = 10 [ RunTime:0.0002s ]
INFO: [ app_end ] --START--
INFO: Run Behavior\ShowPageTraceBehavior [ RunTime:0.000462s ]
INFO: [ app_end ] --END-- [ RunTime:0.000570s ]

[ 2017-06-18T21:43:42+08:00 ] 127.0.0.1 /Home/Cart/cart_del
INFO: [ app_begin ] --START--
INFO: Run Behavior\ReadHtmlCacheBehavior [ RunTime:0.000395s ]
INFO: [ app_begin ] --END-- [ RunTime:0.000759s ]
SQL: SHOW COLUMNS FROM `tp_cart` [ RunTime:0.0067s ]
SQL: DELETE FROM `tp_cart` WHERE `goods_id` = 83 AND `user_id` = 10 [ RunTime:0.0002s ]
INFO: [ app_end ] --START--
INFO: Run Behavior\ShowPageTraceBehavior [ RunTime:0.000467s ]
INFO: [ app_end ] --END-- [ RunTime:0.000574s ]

[ 2017-06-18T21:43:43+08:00 ] 127.0.0.1 /Home/Cart/cart_del
INFO: [ app_begin ] --START--
INFO: Run Behavior\ReadHtmlCacheBehavior [ RunTime:0.000463s ]
INFO: [ app_begin ] --END-- [ RunTime:0.000861s ]
SQL: SHOW COLUMNS FROM `tp_cart` [ RunTime:0.0117s ]
SQL: DELETE FROM `tp_cart` WHERE `goods_id` = 85 AND `user_id` = 10 [ RunTime:0.0003s ]

[ 2017-06-18T21:43:44+08:00 ] 127.0.0.1 /Home/Cart/cart_del
INFO: [ app_begin ] --START--
INFO: Run Behavior\ReadHtmlCacheBehavior [ RunTime:0.000437s ]
INFO: [ app_begin ] --END-- [ RunTime:0.000825s ]
SQL: SHOW COLUMNS FROM `tp_cart` [ RunTime:0.0215s ]
SQL: DELETE FROM `tp_cart` WHERE `goods_id` = 83 AND `user_id` = 10 [ RunTime:0.0002s ]
INFO: [ app_end ] --START--
INFO: Run Behavior\ShowPageTraceBehavior [ RunTime:0.000531s ]
INFO: [ app_end ] --END-- [ RunTime:0.000651s ]

[ 2017-06-18T21:43:45+08:00 ] 127.0.0.1 /Home/Cart/cart_del
INFO: [ app_begin ] --START--
INFO: Run Behavior\ReadHtmlCacheBehavior [ RunTime:0.000422s ]
INFO: [ app_begin ] --END-- [ RunTime:0.000761s ]
SQL: SHOW COLUMNS FROM `tp_cart` [ RunTime:0.0119s ]
SQL: DELETE FROM `tp_cart` WHERE `goods_id` = 83 AND `user_id` = 10 [ RunTime:0.0003s ]
INFO: [ app_end ] --START--
INFO: Run Behavior\ShowPageTraceBehavior [ RunTime:0.000460s ]
INFO: [ app_end ] --END-- [ RunTime:0.000569s ]

[ 2017-06-18T21:43:45+08:00 ] 127.0.0.1 /Home/Cart/cart_del
INFO: [ app_begin ] --START--
INFO: Run Behavior\ReadHtmlCacheBehavior [ RunTime:0.000394s ]
INFO: [ app_begin ] --END-- [ RunTime:0.000731s ]
SQL: SHOW COLUMNS FROM `tp_cart` [ RunTime:0.0075s ]
SQL: DELETE FROM `tp_cart` WHERE `goods_id` = 83 AND `user_id` = 10 [ RunTime:0.0002s ]
INFO: [ app_end ] --START--
INFO: Run Behavior\ShowPageTraceBehavior [ RunTime:0.000469s ]
INFO: [ app_end ] --END-- [ RunTime:0.000577s ]

[ 2017-06-18T21:43:45+08:00 ] 127.0.0.1 /Home/Cart/cart_del
INFO: [ app_begin ] --START--
INFO: Run Behavior\ReadHtmlCacheBehavior [ RunTime:0.000422s ]
INFO: [ app_begin ] --END-- [ RunTime:0.000759s ]
SQL: SHOW COLUMNS FROM `tp_cart` [ RunTime:0.0063s ]
SQL: DELETE FROM `tp_cart` WHERE `goods_id` = 83 AND `user_id` = 10 [ RunTime:0.0002s ]
INFO: [ app_end ] --START--
INFO: Run Behavior\ShowPageTraceBehavior [ RunTime:0.000461s ]
INFO: [ app_end ] --END-- [ RunTime:0.000568s ]

[ 2017-06-18T21:43:46+08:00 ] 127.0.0.1 /Home/Cart/cart_del
INFO: [ app_begin ] --START--
INFO: Run Behavior\ReadHtmlCacheBehavior [ RunTime:0.000506s ]
INFO: [ app_begin ] --END-- [ RunTime:0.000911s ]
SQL: SHOW COLUMNS FROM `tp_cart` [ RunTime:0.0120s ]
SQL: DELETE FROM `tp_cart` WHERE `goods_id` = 83 AND `user_id` = 10 [ RunTime:0.0003s ]
INFO: [ app_end ] --START--
INFO: Run Behavior\ShowPageTraceBehavior [ RunTime:0.000464s ]
INFO: [ app_end ] --END-- [ RunTime:0.000572s ]

[ 2017-06-18T21:43:49+08:00 ] 127.0.0.1 /Home/Cart/cart_del
INFO: [ app_begin ] --START--
INFO: Run Behavior\ReadHtmlCacheBehavior [ RunTime:0.000411s ]
INFO: [ app_begin ] --END-- [ RunTime:0.000770s ]
SQL: SHOW COLUMNS FROM `tp_cart` [ RunTime:0.0120s ]
SQL: DELETE FROM `tp_cart` WHERE `goods_id` = 83 AND `user_id` = 10 [ RunTime:0.0003s ]
INFO: [ app_end ] --START--
INFO: Run Behavior\ShowPageTraceBehavior [ RunTime:0.000462s ]
INFO: [ app_end ] --END-- [ RunTime:0.000571s ]

[ 2017-06-18T21:43:49+08:00 ] 127.0.0.1 /Home/Cart/cart_del
INFO: [ app_begin ] --START--
INFO: Run Behavior\ReadHtmlCacheBehavior [ RunTime:0.000397s ]
INFO: [ app_begin ] --END-- [ RunTime:0.000759s ]
SQL: SHOW COLUMNS FROM `tp_cart` [ RunTime:0.0062s ]
SQL: DELETE FROM `tp_cart` WHERE `goods_id` = 83 AND `user_id` = 10 [ RunTime:0.0003s ]
INFO: [ app_end ] --START--
INFO: Run Behavior\ShowPageTraceBehavior [ RunTime:0.000489s ]
INFO: [ app_end ] --END-- [ RunTime:0.000598s ]

[ 2017-06-18T21:43:50+08:00 ] 127.0.0.1 /Home/Cart/cart_del
INFO: [ app_begin ] --START--
INFO: Run Behavior\ReadHtmlCacheBehavior [ RunTime:0.000398s ]
INFO: [ app_begin ] --END-- [ RunTime:0.000767s ]
SQL: SHOW COLUMNS FROM `tp_cart` [ RunTime:0.0116s ]
SQL: DELETE FROM `tp_cart` WHERE `goods_id` = 84 AND `user_id` = 10 [ RunTime:0.0002s ]
INFO: [ app_end ] --START--
INFO: Run Behavior\ShowPageTraceBehavior [ RunTime:0.000462s ]
INFO: [ app_end ] --END-- [ RunTime:0.000569s ]

[ 2017-06-18T21:43:51+08:00 ] 127.0.0.1 /Home/Cart/cart_del
INFO: [ app_begin ] --START--
INFO: Run Behavior\ReadHtmlCacheBehavior [ RunTime:0.000465s ]
INFO: [ app_begin ] --END-- [ RunTime:0.000874s ]
SQL: SHOW COLUMNS FROM `tp_cart` [ RunTime:0.0112s ]
SQL: DELETE FROM `tp_cart` WHERE `goods_id` = 83 AND `user_id` = 10 [ RunTime:0.0003s ]
INFO: [ app_end ] --START--
INFO: Run Behavior\ShowPageTraceBehavior [ RunTime:0.000531s ]
INFO: [ app_end ] --END-- [ RunTime:0.000651s ]

[ 2017-06-18T21:43:51+08:00 ] 127.0.0.1 /Home/Cart/cart_del
INFO: [ app_begin ] --START--
INFO: Run Behavior\ReadHtmlCacheBehavior [ RunTime:0.000395s ]
INFO: [ app_begin ] --END-- [ RunTime:0.000734s ]
SQL: SHOW COLUMNS FROM `tp_cart` [ RunTime:0.0062s ]
SQL: DELETE FROM `tp_cart` WHERE `goods_id` = 83 AND `user_id` = 10 [ RunTime:0.0002s ]
INFO: [ app_end ] --START--
INFO: Run Behavior\ShowPageTraceBehavior [ RunTime:0.000491s ]
INFO: [ app_end ] --END-- [ RunTime:0.000598s ]

[ 2017-06-18T21:43:52+08:00 ] 127.0.0.1 /Home/Cart/cart_del
INFO: [ app_begin ] --START--
INFO: Run Behavior\ReadHtmlCacheBehavior [ RunTime:0.000391s ]
INFO: [ app_begin ] --END-- [ RunTime:0.000729s ]
SQL: SHOW COLUMNS FROM `tp_cart` [ RunTime:0.0122s ]
SQL: DELETE FROM `tp_cart` WHERE `goods_id` = 83 AND `user_id` = 10 [ RunTime:0.0003s ]
INFO: [ app_end ] --START--
INFO: Run Behavior\ShowPageTraceBehavior [ RunTime:0.000462s ]
INFO: [ app_end ] --END-- [ RunTime:0.000569s ]

[ 2017-06-18T21:43:52+08:00 ] 127.0.0.1 /Home/Cart/cart_del
INFO: [ app_begin ] --START--
INFO: Run Behavior\ReadHtmlCacheBehavior [ RunTime:0.000394s ]
INFO: [ app_begin ] --END-- [ RunTime:0.000757s ]
SQL: SHOW COLUMNS FROM `tp_cart` [ RunTime:0.0069s ]
SQL: DELETE FROM `tp_cart` WHERE `goods_id` = 83 AND `user_id` = 10 [ RunTime:0.0003s ]
INFO: [ app_end ] --START--
INFO: Run Behavior\ShowPageTraceBehavior [ RunTime:0.000462s ]
INFO: [ app_end ] --END-- [ RunTime:0.000570s ]

[ 2017-06-18T21:45:50+08:00 ] 127.0.0.1 /Home/Cart/cart_del
INFO: [ app_begin ] --START--
INFO: Run Behavior\ReadHtmlCacheBehavior [ RunTime:0.000415s ]
INFO: [ app_begin ] --END-- [ RunTime:0.000752s ]
SQL: SHOW COLUMNS FROM `tp_cart` [ RunTime:0.0125s ]
SQL: DELETE FROM `tp_cart` WHERE `goods_id` = 83 AND `user_id` = 10 [ RunTime:0.0003s ]

[ 2017-06-18T21:46:45+08:00 ] 127.0.0.1 /Home/Cart/cart_del
INFO: [ app_begin ] --START--
INFO: Run Behavior\ReadHtmlCacheBehavior [ RunTime:0.000398s ]
INFO: [ app_begin ] --END-- [ RunTime:0.000740s ]
SQL: SHOW COLUMNS FROM `tp_cart` [ RunTime:0.0123s ]
SQL: DELETE FROM `tp_cart` WHERE `goods_id` = 83 AND `user_id` = 10 [ RunTime:0.0002s ]
INFO: [ app_end ] --START--
INFO: Run Behavior\ShowPageTraceBehavior [ RunTime:0.000507s ]
INFO: [ app_end ] --END-- [ RunTime:0.000621s ]

[ 2017-06-18T21:47:44+08:00 ] 127.0.0.1 /Home/Cart/cart_del
INFO: [ app_begin ] --START--
INFO: Run Behavior\ReadHtmlCacheBehavior [ RunTime:0.000418s ]
INFO: [ app_begin ] --END-- [ RunTime:0.000753s ]
SQL: SHOW COLUMNS FROM `tp_cart` [ RunTime:0.0122s ]
SQL: DELETE FROM `tp_cart` WHERE `goods_id` = 83 AND `user_id` = 10 [ RunTime:0.0003s ]

[ 2017-06-18T21:47:59+08:00 ] 127.0.0.1 /Home/Cart/cart_del
INFO: [ app_begin ] --START--
INFO: Run Behavior\ReadHtmlCacheBehavior [ RunTime:0.000401s ]
INFO: [ app_begin ] --END-- [ RunTime:0.000775s ]
SQL: SHOW COLUMNS FROM `tp_cart` [ RunTime:0.0135s ]
SQL: DELETE FROM `tp_cart` WHERE `goods_id` = 83 AND `user_id` = 10 [ RunTime:0.0004s ]

[ 2017-06-18T21:48:02+08:00 ] 127.0.0.1 /Home/Cart/cart_del
INFO: [ app_begin ] --START--
INFO: Run Behavior\ReadHtmlCacheBehavior [ RunTime:0.000400s ]
INFO: [ app_begin ] --END-- [ RunTime:0.000765s ]
SQL: SHOW COLUMNS FROM `tp_cart` [ RunTime:0.0128s ]
SQL: DELETE FROM `tp_cart` WHERE `goods_id` = 86 AND `user_id` = 10 [ RunTime:0.0003s ]

[ 2017-06-18T21:52:21+08:00 ] 127.0.0.1 /Home/Cart/cart_del
INFO: [ app_begin ] --START--
INFO: Run Behavior\ReadHtmlCacheBehavior [ RunTime:0.000445s ]
INFO: [ app_begin ] --END-- [ RunTime:0.000806s ]
SQL: SHOW COLUMNS FROM `tp_cart` [ RunTime:0.0127s ]
SQL: DELETE FROM `tp_cart` WHERE `goods_id` = 86 AND `user_id` = 10 [ RunTime:0.0003s ]

[ 2017-06-18T21:52:22+08:00 ] 127.0.0.1 /Home/Cart/cart_del
INFO: [ app_begin ] --START--
INFO: Run Behavior\ReadHtmlCacheBehavior [ RunTime:0.000426s ]
INFO: [ app_begin ] --END-- [ RunTime:0.000770s ]
SQL: SHOW COLUMNS FROM `tp_cart` [ RunTime:0.0792s ]
SQL: DELETE FROM `tp_cart` WHERE `goods_id` = 86 AND `user_id` = 10 [ RunTime:0.0004s ]
INFO: [ app_end ] --START--
INFO: Run Behavior\ShowPageTraceBehavior [ RunTime:0.000942s ]
INFO: [ app_end ] --END-- [ RunTime:0.001252s ]

[ 2017-06-18T21:52:23+08:00 ] 127.0.0.1 /Home/Cart/cart_del
INFO: [ app_begin ] --START--
INFO: Run Behavior\ReadHtmlCacheBehavior [ RunTime:0.000394s ]
INFO: [ app_begin ] --END-- [ RunTime:0.000733s ]
SQL: SHOW COLUMNS FROM `tp_cart` [ RunTime:0.0117s ]
SQL: DELETE FROM `tp_cart` WHERE `goods_id` = 86 AND `user_id` = 10 [ RunTime:0.0002s ]
INFO: [ app_end ] --START--
INFO: Run Behavior\ShowPageTraceBehavior [ RunTime:0.000480s ]
INFO: [ app_end ] --END-- [ RunTime:0.000589s ]

[ 2017-06-18T21:52:24+08:00 ] 127.0.0.1 /Home/Cart/cart_del
INFO: [ app_begin ] --START--
INFO: Run Behavior\ReadHtmlCacheBehavior [ RunTime:0.000403s ]
INFO: [ app_begin ] --END-- [ RunTime:0.000755s ]
SQL: SHOW COLUMNS FROM `tp_cart` [ RunTime:0.0119s ]
SQL: DELETE FROM `tp_cart` WHERE `goods_id` = 86 AND `user_id` = 10 [ RunTime:0.0003s ]
INFO: [ app_end ] --START--
INFO: Run Behavior\ShowPageTraceBehavior [ RunTime:0.000463s ]
INFO: [ app_end ] --END-- [ RunTime:0.000560s ]

[ 2017-06-18T21:52:31+08:00 ] 127.0.0.1 /Home/Cart/cart_del
INFO: [ app_begin ] --START--
INFO: Run Behavior\ReadHtmlCacheBehavior [ RunTime:0.000553s ]
INFO: [ app_begin ] --END-- [ RunTime:0.000972s ]
SQL: SHOW COLUMNS FROM `tp_cart` [ RunTime:0.0120s ]
SQL: DELETE FROM `tp_cart` WHERE `goods_id` = 86 AND `user_id` = 10 [ RunTime:0.0003s ]
INFO: [ app_end ] --START--
INFO: Run Behavior\ShowPageTraceBehavior [ RunTime:0.000464s ]
INFO: [ app_end ] --END-- [ RunTime:0.000560s ]

[ 2017-06-18T21:52:31+08:00 ] 127.0.0.1 /Home/Cart/cart_del
INFO: [ app_begin ] --START--
INFO: Run Behavior\ReadHtmlCacheBehavior [ RunTime:0.000397s ]
INFO: [ app_begin ] --END-- [ RunTime:0.000756s ]
SQL: SHOW COLUMNS FROM `tp_cart` [ RunTime:0.0064s ]
SQL: DELETE FROM `tp_cart` WHERE `goods_id` = 86 AND `user_id` = 10 [ RunTime:0.0003s ]
INFO: [ app_end ] --START--
INFO: Run Behavior\ShowPageTraceBehavior [ RunTime:0.000499s ]
INFO: [ app_end ] --END-- [ RunTime:0.000599s ]

[ 2017-06-18T21:52:32+08:00 ] 127.0.0.1 /Home/Cart/cart_del
INFO: [ app_begin ] --START--
INFO: Run Behavior\ReadHtmlCacheBehavior [ RunTime:0.000400s ]
INFO: [ app_begin ] --END-- [ RunTime:0.000737s ]
SQL: SHOW COLUMNS FROM `tp_cart` [ RunTime:0.0126s ]
SQL: DELETE FROM `tp_cart` WHERE `goods_id` = 86 AND `user_id` = 10 [ RunTime:0.0002s ]
INFO: [ app_end ] --START--
INFO: Run Behavior\ShowPageTraceBehavior [ RunTime:0.000462s ]
INFO: [ app_end ] --END-- [ RunTime:0.000558s ]

[ 2017-06-18T21:52:33+08:00 ] 127.0.0.1 /Home/Cart/cart_del
INFO: [ app_begin ] --START--
INFO: Run Behavior\ReadHtmlCacheBehavior [ RunTime:0.000664s ]
INFO: [ app_begin ] --END-- [ RunTime:0.001057s ]
SQL: SHOW COLUMNS FROM `tp_cart` [ RunTime:0.0127s ]
SQL: DELETE FROM `tp_cart` WHERE `goods_id` = 86 AND `user_id` = 10 [ RunTime:0.0002s ]
INFO: [ app_end ] --START--
INFO: Run Behavior\ShowPageTraceBehavior [ RunTime:0.000489s ]
INFO: [ app_end ] --END-- [ RunTime:0.000587s ]

[ 2017-06-18T21:52:54+08:00 ] 127.0.0.1 /Home/Cart/cart_update
INFO: [ app_begin ] --START--
INFO: Run Behavior\ReadHtmlCacheBehavior [ RunTime:0.000434s ]
INFO: [ app_begin ] --END-- [ RunTime:0.001368s ]
SQL: SHOW COLUMNS FROM `tp_cart` [ RunTime:0.0213s ]
SQL: UPDATE `tp_cart` SET `number`='2' WHERE `user_id` = 10 AND `goods_id` = 85 [ RunTime:0.0003s ]
INFO: [ app_end ] --START--
INFO: Run Behavior\ShowPageTraceBehavior [ RunTime:0.000490s ]
INFO: [ app_end ] --END-- [ RunTime:0.000593s ]

[ 2017-06-18T21:52:58+08:00 ] 127.0.0.1 /Home/Cart/cart_del
INFO: [ app_begin ] --START--
INFO: Run Behavior\ReadHtmlCacheBehavior [ RunTime:0.000415s ]
INFO: [ app_begin ] --END-- [ RunTime:0.000751s ]
SQL: SHOW COLUMNS FROM `tp_cart` [ RunTime:0.0120s ]
SQL: DELETE FROM `tp_cart` WHERE `goods_id` = 85 AND `user_id` = 10 [ RunTime:0.0004s ]

[ 2017-06-18T21:53:27+08:00 ] 127.0.0.1 /Home/Cart/cart_del
INFO: [ app_begin ] --START--
INFO: Run Behavior\ReadHtmlCacheBehavior [ RunTime:0.000395s ]
INFO: [ app_begin ] --END-- [ RunTime:0.000758s ]
SQL: SHOW COLUMNS FROM `tp_cart` [ RunTime:0.0130s ]
SQL: DELETE FROM `tp_cart` WHERE `goods_id` = 85 AND `user_id` = 10 [ RunTime:0.0003s ]

[ 2017-06-18T21:53:28+08:00 ] 127.0.0.1 /Home/Cart/cart_del
INFO: [ app_begin ] --START--
INFO: Run Behavior\ReadHtmlCacheBehavior [ RunTime:0.000396s ]
INFO: [ app_begin ] --END-- [ RunTime:0.000733s ]
SQL: SHOW COLUMNS FROM `tp_cart` [ RunTime:0.0114s ]
SQL: DELETE FROM `tp_cart` WHERE `goods_id` = 86 AND `user_id` = 10 [ RunTime:0.0003s ]

[ 2017-06-18T21:53:45+08:00 ] 127.0.0.1 /Home/Cart/cart_del
INFO: [ app_begin ] --START--
INFO: Run Behavior\ReadHtmlCacheBehavior [ RunTime:0.000571s ]
INFO: [ app_begin ] --END-- [ RunTime:0.001078s ]
SQL: SHOW COLUMNS FROM `tp_cart` [ RunTime:0.0716s ]
SQL: DELETE FROM `tp_cart` WHERE `goods_id` = 83 AND `user_id` = 10 [ RunTime:0.0004s ]

[ 2017-06-18T21:53:46+08:00 ] 127.0.0.1 /Home/Cart/cart_del
INFO: [ app_begin ] --START--
INFO: Run Behavior\ReadHtmlCacheBehavior [ RunTime:0.000397s ]
INFO: [ app_begin ] --END-- [ RunTime:0.000776s ]
SQL: SHOW COLUMNS FROM `tp_cart` [ RunTime:0.0122s ]
SQL: DELETE FROM `tp_cart` WHERE `goods_id` = 84 AND `user_id` = 10 [ RunTime:0.0003s ]

[ 2017-06-18T22:56:43+08:00 ] 127.0.0.1 /Home/Cart/cart_del
INFO: [ app_begin ] --START--
INFO: Run Behavior\ReadHtmlCacheBehavior [ RunTime:0.000489s ]
INFO: [ app_begin ] --END-- [ RunTime:0.000904s ]
SQL: SHOW COLUMNS FROM `tp_cart` [ RunTime:0.0138s ]
SQL: DELETE FROM `tp_cart` WHERE `goods_id` = 84 AND `user_id` = 10 [ RunTime:0.0003s ]

[ 2017-06-18T22:56:44+08:00 ] 127.0.0.1 /Home/Cart/cart_del
INFO: [ app_begin ] --START--
INFO: Run Behavior\ReadHtmlCacheBehavior [ RunTime:0.000543s ]
INFO: [ app_begin ] --END-- [ RunTime:0.000971s ]
SQL: SHOW COLUMNS FROM `tp_cart` [ RunTime:0.0275s ]
SQL: DELETE FROM `tp_cart` WHERE `goods_id` = 84 AND `user_id` = 10 [ RunTime:0.0003s ]
INFO: [ app_end ] --START--
INFO: Run Behavior\ShowPageTraceBehavior [ RunTime:0.000850s ]
INFO: [ app_end ] --END-- [ RunTime:0.001013s ]

[ 2017-06-18T22:56:44+08:00 ] 127.0.0.1 /Home/Cart/cart_del
INFO: [ app_begin ] --START--
INFO: Run Behavior\ReadHtmlCacheBehavior [ RunTime:0.000433s ]
INFO: [ app_begin ] --END-- [ RunTime:0.000789s ]
SQL: SHOW COLUMNS FROM `tp_cart` [ RunTime:0.0073s ]
SQL: DELETE FROM `tp_cart` WHERE `goods_id` = 86 AND `user_id` = 10 [ RunTime:0.0004s ]

[ 2017-06-18T22:56:44+08:00 ] 127.0.0.1 /Home/Cart/cart_del
INFO: [ app_begin ] --START--
INFO: Run Behavior\ReadHtmlCacheBehavior [ RunTime:0.000436s ]
INFO: [ app_begin ] --END-- [ RunTime:0.000829s ]
SQL: SHOW COLUMNS FROM `tp_cart` [ RunTime:0.0067s ]
SQL: DELETE FROM `tp_cart` WHERE `goods_id` = 83 AND `user_id` = 10 [ RunTime:0.0003s ]

[ 2017-06-18T22:56:44+08:00 ] 127.0.0.1 /Home/Cart/cart_del
INFO: [ app_begin ] --START--
INFO: Run Behavior\ReadHtmlCacheBehavior [ RunTime:0.000430s ]
INFO: [ app_begin ] --END-- [ RunTime:0.000807s ]
SQL: SHOW COLUMNS FROM `tp_cart` [ RunTime:0.0066s ]
SQL: DELETE FROM `tp_cart` WHERE `goods_id` = 85 AND `user_id` = 10 [ RunTime:0.0003s ]

[ 2017-06-18T23:43:47+08:00 ] 127.0.0.1 /Home/Cart/cart_all_delete
INFO: [ app_begin ] --START--
INFO: Run Behavior\ReadHtmlCacheBehavior [ RunTime:0.000609s ]
INFO: [ app_begin ] --END-- [ RunTime:0.001124s ]
SQL: SHOW COLUMNS FROM `tp_cart` [ RunTime:0.0082s ]
SQL: DELETE FROM `tp_cart` WHERE `user_id` = 10 [ RunTime:0.0005s ]
INFO: [ app_end ] --START--
INFO: Run Behavior\ShowPageTraceBehavior [ RunTime:0.000669s ]
INFO: [ app_end ] --END-- [ RunTime:0.000815s ]

[ 2017-06-18T23:46:45+08:00 ] 127.0.0.1 /Home/Cart/cart_all_delete
INFO: [ app_begin ] --START--
INFO: Run Behavior\ReadHtmlCacheBehavior [ RunTime:0.000454s ]
INFO: [ app_begin ] --END-- [ RunTime:0.000883s ]
INFO: [ app_end ] --START--
INFO: Run Behavior\ShowPageTraceBehavior [ RunTime:0.000575s ]
INFO: [ app_end ] --END-- [ RunTime:0.000716s ]

[ 2017-06-18T23:47:06+08:00 ] 127.0.0.1 /Home/Cart/cart_all_delete
INFO: [ app_begin ] --START--
INFO: Run Behavior\ReadHtmlCacheBehavior [ RunTime:0.000456s ]
INFO: [ app_begin ] --END-- [ RunTime:0.000835s ]
INFO: [ app_end ] --START--
INFO: Run Behavior\ShowPageTraceBehavior [ RunTime:0.000444s ]
INFO: [ app_end ] --END-- [ RunTime:0.000566s ]

