[ 2017-06-16T08:36:55+08:00 ] 127.0.0.1 /Home/user/city.html
INFO: [ app_begin ] --START--
INFO: Run Behavior\ReadHtmlCacheBehavior [ RunTime:0.000486s ]
INFO: [ app_begin ] --END-- [ RunTime:0.000983s ]
SQL: SHOW COLUMNS FROM `tp_city` [ RunTime:0.0843s ]
SQL: SELECT * FROM `tp_city` WHERE ( pid=0 )  [ RunTime:0.0011s ]
INFO: [ app_end ] --START--
INFO: Run Behavior\ShowPageTraceBehavior [ RunTime:0.000454s ]
INFO: [ app_end ] --END-- [ RunTime:0.000553s ]

[ 2017-06-16T08:37:04+08:00 ] 127.0.0.1 /Home/user/city.html
INFO: [ app_begin ] --START--
INFO: Run Behavior\ReadHtmlCacheBehavior [ RunTime:0.000807s ]
INFO: [ app_begin ] --END-- [ RunTime:0.001630s ]
SQL: SHOW COLUMNS FROM `tp_city` [ RunTime:0.0123s ]
SQL: SELECT * FROM `tp_city` WHERE ( pid=0 )  [ RunTime:0.0012s ]
INFO: [ app_end ] --START--
INFO: Run Behavior\ShowPageTraceBehavior [ RunTime:0.000517s ]
INFO: [ app_end ] --END-- [ RunTime:0.000638s ]

[ 2017-06-16T08:37:08+08:00 ] 127.0.0.1 /Home/user/city.html
INFO: [ app_begin ] --START--
INFO: Run Behavior\ReadHtmlCacheBehavior [ RunTime:0.000425s ]
INFO: [ app_begin ] --END-- [ RunTime:0.000856s ]
SQL: SHOW COLUMNS FROM `tp_city` [ RunTime:0.0174s ]
SQL: SELECT * FROM `tp_city` WHERE ( pid=0 )  [ RunTime:0.0011s ]
INFO: [ app_end ] --START--
INFO: Run Behavior\ShowPageTraceBehavior [ RunTime:0.000494s ]
INFO: [ app_end ] --END-- [ RunTime:0.000603s ]

