[ 2017-06-15T11:56:43+08:00 ] 127.0.0.1 /Home/user/city.html
INFO: [ app_begin ] --START--
INFO: Run Behavior\ReadHtmlCacheBehavior [ RunTime:0.000523s ]
INFO: [ app_begin ] --END-- [ RunTime:0.000895s ]
SQL: SHOW COLUMNS FROM `tp_city` [ RunTime:0.2966s ]
SQL: SELECT * FROM `tp_city` WHERE ( pid=0 )  [ RunTime:0.0023s ]
INFO: [ app_end ] --START--
INFO: Run Behavior\ShowPageTraceBehavior [ RunTime:0.001011s ]
INFO: [ app_end ] --END-- [ RunTime:0.001280s ]

[ 2017-06-15T11:56:52+08:00 ] 127.0.0.1 /Home/user/city.html
INFO: [ app_begin ] --START--
INFO: Run Behavior\ReadHtmlCacheBehavior [ RunTime:0.000397s ]
INFO: [ app_begin ] --END-- [ RunTime:0.000759s ]
SQL: SHOW COLUMNS FROM `tp_city` [ RunTime:0.0117s ]
SQL: SELECT * FROM `tp_city` WHERE ( pid=130000 )  [ RunTime:0.0010s ]
INFO: [ app_end ] --START--
INFO: Run Behavior\ShowPageTraceBehavior [ RunTime:0.000524s ]
INFO: [ app_end ] --END-- [ RunTime:0.000633s ]

[ 2017-06-15T11:56:53+08:00 ] 127.0.0.1 /Home/user/city.html
INFO: [ app_begin ] --START--
INFO: Run Behavior\ReadHtmlCacheBehavior [ RunTime:0.000400s ]
INFO: [ app_begin ] --END-- [ RunTime:0.000773s ]
SQL: SHOW COLUMNS FROM `tp_city` [ RunTime:0.0128s ]
SQL: SELECT * FROM `tp_city` WHERE ( pid=130200 )  [ RunTime:0.0010s ]
INFO: [ app_end ] --START--
INFO: Run Behavior\ShowPageTraceBehavior [ RunTime:0.000573s ]
INFO: [ app_end ] --END-- [ RunTime:0.000687s ]

[ 2017-06-15T11:57:26+08:00 ] 127.0.0.1 /Home/user/city.html
INFO: [ app_begin ] --START--
INFO: Run Behavior\ReadHtmlCacheBehavior [ RunTime:0.000621s ]
INFO: [ app_begin ] --END-- [ RunTime:0.001186s ]
SQL: SHOW COLUMNS FROM `tp_city` [ RunTime:0.0139s ]
SQL: SELECT * FROM `tp_city` WHERE ( pid=0 )  [ RunTime:0.0018s ]
INFO: [ app_end ] --START--
INFO: Run Behavior\ShowPageTraceBehavior [ RunTime:0.000572s ]
INFO: [ app_end ] --END-- [ RunTime:0.000698s ]

[ 2017-06-15T13:19:21+08:00 ] 127.0.0.1 /Home/user/city.html
INFO: [ app_begin ] --START--
INFO: Run Behavior\ReadHtmlCacheBehavior [ RunTime:0.000495s ]
INFO: [ app_begin ] --END-- [ RunTime:0.001100s ]
SQL: SHOW COLUMNS FROM `tp_city` [ RunTime:0.0349s ]
SQL: SELECT * FROM `tp_city` WHERE ( pid=0 )  [ RunTime:0.0211s ]
INFO: [ app_end ] --START--
INFO: Run Behavior\ShowPageTraceBehavior [ RunTime:0.000758s ]
INFO: [ app_end ] --END-- [ RunTime:0.000939s ]

[ 2017-06-15T13:25:51+08:00 ] 127.0.0.1 /Home/user/city.html
INFO: [ app_begin ] --START--
INFO: Run Behavior\ReadHtmlCacheBehavior [ RunTime:0.000815s ]
INFO: [ app_begin ] --END-- [ RunTime:0.002378s ]
SQL: SHOW COLUMNS FROM `tp_city` [ RunTime:0.0137s ]
SQL: SELECT * FROM `tp_city` WHERE ( pid=0 )  [ RunTime:0.0012s ]
INFO: [ app_end ] --START--
INFO: Run Behavior\ShowPageTraceBehavior [ RunTime:0.000743s ]
INFO: [ app_end ] --END-- [ RunTime:0.000857s ]

[ 2017-06-15T13:34:05+08:00 ] 127.0.0.1 /Home/user/city.html
INFO: [ app_begin ] --START--
INFO: Run Behavior\ReadHtmlCacheBehavior [ RunTime:0.000438s ]
INFO: [ app_begin ] --END-- [ RunTime:0.000906s ]
SQL: SHOW COLUMNS FROM `tp_city` [ RunTime:0.0117s ]
SQL: SELECT * FROM `tp_city` WHERE ( pid=0 )  [ RunTime:0.0011s ]
INFO: [ app_end ] --START--
INFO: Run Behavior\ShowPageTraceBehavior [ RunTime:0.000553s ]
INFO: [ app_end ] --END-- [ RunTime:0.000673s ]

[ 2017-06-15T13:34:09+08:00 ] 127.0.0.1 /Home/user/city.html
INFO: [ app_begin ] --START--
INFO: Run Behavior\ReadHtmlCacheBehavior [ RunTime:0.000404s ]
INFO: [ app_begin ] --END-- [ RunTime:0.000785s ]
SQL: SHOW COLUMNS FROM `tp_city` [ RunTime:0.0580s ]
SQL: SELECT * FROM `tp_city` WHERE ( pid=430000 )  [ RunTime:0.0010s ]
INFO: [ app_end ] --START--
INFO: Run Behavior\ShowPageTraceBehavior [ RunTime:0.000521s ]
INFO: [ app_end ] --END-- [ RunTime:0.000633s ]

[ 2017-06-15T13:34:11+08:00 ] 127.0.0.1 /Home/user/city.html
INFO: [ app_begin ] --START--
INFO: Run Behavior\ReadHtmlCacheBehavior [ RunTime:0.000401s ]
INFO: [ app_begin ] --END-- [ RunTime:0.000767s ]
SQL: SHOW COLUMNS FROM `tp_city` [ RunTime:0.0111s ]
SQL: SELECT * FROM `tp_city` WHERE ( pid=433100 )  [ RunTime:0.0010s ]
INFO: [ app_end ] --START--
INFO: Run Behavior\ShowPageTraceBehavior [ RunTime:0.000611s ]
INFO: [ app_end ] --END-- [ RunTime:0.000735s ]

[ 2017-06-15T13:36:01+08:00 ] 127.0.0.1 /Home/user/city.html
INFO: [ app_begin ] --START--
INFO: Run Behavior\ReadHtmlCacheBehavior [ RunTime:0.000613s ]
INFO: [ app_begin ] --END-- [ RunTime:0.001221s ]
SQL: SHOW COLUMNS FROM `tp_city` [ RunTime:0.0100s ]
SQL: SELECT * FROM `tp_city` WHERE ( pid=0 )  [ RunTime:0.0012s ]
INFO: [ app_end ] --START--
INFO: Run Behavior\ShowPageTraceBehavior [ RunTime:0.000702s ]
INFO: [ app_end ] --END-- [ RunTime:0.000880s ]

[ 2017-06-15T13:36:02+08:00 ] 127.0.0.1 /Home/user/city.html
INFO: [ app_begin ] --START--
INFO: Run Behavior\ReadHtmlCacheBehavior [ RunTime:0.000750s ]
INFO: [ app_begin ] --END-- [ RunTime:0.001428s ]
SQL: SHOW COLUMNS FROM `tp_city` [ RunTime:0.0616s ]
SQL: SELECT * FROM `tp_city` WHERE ( pid=0 )  [ RunTime:0.0011s ]
INFO: [ app_end ] --START--
INFO: Run Behavior\ShowPageTraceBehavior [ RunTime:0.000579s ]
INFO: [ app_end ] --END-- [ RunTime:0.000703s ]

[ 2017-06-15T13:37:16+08:00 ] 127.0.0.1 /Home/user/city.html
INFO: [ app_begin ] --START--
INFO: Run Behavior\ReadHtmlCacheBehavior [ RunTime:0.000567s ]
INFO: [ app_begin ] --END-- [ RunTime:0.000972s ]
SQL: SHOW COLUMNS FROM `tp_city` [ RunTime:0.0531s ]
SQL: SELECT * FROM `tp_city` WHERE ( pid=110000 )  [ RunTime:0.0019s ]
INFO: [ app_end ] --START--
INFO: Run Behavior\ShowPageTraceBehavior [ RunTime:0.000644s ]
INFO: [ app_end ] --END-- [ RunTime:0.000771s ]

[ 2017-06-15T13:37:17+08:00 ] 127.0.0.1 /Home/user/city.html
INFO: [ app_begin ] --START--
INFO: Run Behavior\ReadHtmlCacheBehavior [ RunTime:0.000416s ]
INFO: [ app_begin ] --END-- [ RunTime:0.000784s ]
SQL: SHOW COLUMNS FROM `tp_city` [ RunTime:0.0114s ]
SQL: SELECT * FROM `tp_city` WHERE ( pid=110500 )  [ RunTime:0.0009s ]
INFO: [ app_end ] --START--
INFO: Run Behavior\ShowPageTraceBehavior [ RunTime:0.000545s ]
INFO: [ app_end ] --END-- [ RunTime:0.000650s ]

[ 2017-06-15T13:37:20+08:00 ] 127.0.0.1 /Home/user/city.html
INFO: [ app_begin ] --START--
INFO: Run Behavior\ReadHtmlCacheBehavior [ RunTime:0.000481s ]
INFO: [ app_begin ] --END-- [ RunTime:0.000891s ]
SQL: SHOW COLUMNS FROM `tp_city` [ RunTime:0.0330s ]
SQL: SELECT * FROM `tp_city` WHERE ( pid=210000 )  [ RunTime:0.0010s ]
INFO: [ app_end ] --START--
INFO: Run Behavior\ShowPageTraceBehavior [ RunTime:0.000493s ]
INFO: [ app_end ] --END-- [ RunTime:0.000598s ]

[ 2017-06-15T13:37:21+08:00 ] 127.0.0.1 /Home/user/city.html
INFO: [ app_begin ] --START--
INFO: Run Behavior\ReadHtmlCacheBehavior [ RunTime:0.000937s ]
INFO: [ app_begin ] --END-- [ RunTime:0.001857s ]
SQL: SHOW COLUMNS FROM `tp_city` [ RunTime:0.0123s ]
SQL: SELECT * FROM `tp_city` WHERE ( pid=210300 )  [ RunTime:0.0010s ]
INFO: [ app_end ] --START--
INFO: Run Behavior\ShowPageTraceBehavior [ RunTime:0.000573s ]
INFO: [ app_end ] --END-- [ RunTime:0.000688s ]

[ 2017-06-15T15:03:47+08:00 ] 127.0.0.1 /Home/user/city.html
INFO: [ app_begin ] --START--
INFO: Run Behavior\ReadHtmlCacheBehavior [ RunTime:0.000815s ]
INFO: [ app_begin ] --END-- [ RunTime:0.001568s ]
SQL: SHOW COLUMNS FROM `tp_city` [ RunTime:0.0177s ]
SQL: SELECT * FROM `tp_city` WHERE ( pid=0 )  [ RunTime:0.0011s ]
INFO: [ app_end ] --START--
INFO: Run Behavior\ShowPageTraceBehavior [ RunTime:0.000566s ]
INFO: [ app_end ] --END-- [ RunTime:0.000686s ]

[ 2017-06-15T15:05:54+08:00 ] 127.0.0.1 /Home/user/city.html
INFO: [ app_begin ] --START--
INFO: Run Behavior\ReadHtmlCacheBehavior [ RunTime:0.000526s ]
INFO: [ app_begin ] --END-- [ RunTime:0.000987s ]
SQL: SHOW COLUMNS FROM `tp_city` [ RunTime:0.0150s ]
SQL: SELECT * FROM `tp_city` WHERE ( pid=0 )  [ RunTime:0.0010s ]
INFO: [ app_end ] --START--
INFO: Run Behavior\ShowPageTraceBehavior [ RunTime:0.000494s ]
INFO: [ app_end ] --END-- [ RunTime:0.000599s ]

[ 2017-06-15T15:05:57+08:00 ] 127.0.0.1 /Home/user/city.html
INFO: [ app_begin ] --START--
INFO: Run Behavior\ReadHtmlCacheBehavior [ RunTime:0.000395s ]
INFO: [ app_begin ] --END-- [ RunTime:0.000774s ]
SQL: SHOW COLUMNS FROM `tp_city` [ RunTime:0.0127s ]
SQL: SELECT * FROM `tp_city` WHERE ( pid=130000 )  [ RunTime:0.0011s ]
INFO: [ app_end ] --START--
INFO: Run Behavior\ShowPageTraceBehavior [ RunTime:0.000563s ]
INFO: [ app_end ] --END-- [ RunTime:0.000682s ]

[ 2017-06-15T15:05:59+08:00 ] 127.0.0.1 /Home/user/city.html
INFO: [ app_begin ] --START--
INFO: Run Behavior\ReadHtmlCacheBehavior [ RunTime:0.000393s ]
INFO: [ app_begin ] --END-- [ RunTime:0.000741s ]
SQL: SHOW COLUMNS FROM `tp_city` [ RunTime:0.0153s ]
SQL: SELECT * FROM `tp_city` WHERE ( pid=130100 )  [ RunTime:0.0015s ]
INFO: [ app_end ] --START--
INFO: Run Behavior\ShowPageTraceBehavior [ RunTime:0.000599s ]
INFO: [ app_end ] --END-- [ RunTime:0.000742s ]

[ 2017-06-15T15:06:50+08:00 ] 127.0.0.1 /Home/user/city.html
INFO: [ app_begin ] --START--
INFO: Run Behavior\ReadHtmlCacheBehavior [ RunTime:0.000683s ]
INFO: [ app_begin ] --END-- [ RunTime:0.001149s ]
SQL: SHOW COLUMNS FROM `tp_city` [ RunTime:0.0103s ]
SQL: SELECT * FROM `tp_city` WHERE ( pid=0 )  [ RunTime:0.0013s ]
INFO: [ app_end ] --START--
INFO: Run Behavior\ShowPageTraceBehavior [ RunTime:0.000473s ]
INFO: [ app_end ] --END-- [ RunTime:0.000572s ]

[ 2017-06-15T15:06:51+08:00 ] 127.0.0.1 /Home/user/city.html
INFO: [ app_begin ] --START--
INFO: Run Behavior\ReadHtmlCacheBehavior [ RunTime:0.000781s ]
INFO: [ app_begin ] --END-- [ RunTime:0.001511s ]
SQL: SHOW COLUMNS FROM `tp_city` [ RunTime:0.0343s ]
SQL: SELECT * FROM `tp_city` WHERE ( pid=0 )  [ RunTime:0.0014s ]
INFO: [ app_end ] --START--
INFO: Run Behavior\ShowPageTraceBehavior [ RunTime:0.000611s ]
INFO: [ app_end ] --END-- [ RunTime:0.000745s ]

[ 2017-06-15T15:23:16+08:00 ] 127.0.0.1 /Home/user/city.html
INFO: [ app_begin ] --START--
INFO: Run Behavior\ReadHtmlCacheBehavior [ RunTime:0.000706s ]
INFO: [ app_begin ] --END-- [ RunTime:0.001396s ]
SQL: SHOW COLUMNS FROM `tp_city` [ RunTime:0.0431s ]
SQL: SELECT * FROM `tp_city` WHERE ( pid=0 )  [ RunTime:0.0014s ]
INFO: [ app_end ] --START--
INFO: Run Behavior\ShowPageTraceBehavior [ RunTime:0.000557s ]
INFO: [ app_end ] --END-- [ RunTime:0.000695s ]

[ 2017-06-15T15:24:32+08:00 ] 127.0.0.1 /Home/user/city.html
INFO: [ app_begin ] --START--
INFO: Run Behavior\ReadHtmlCacheBehavior [ RunTime:0.000636s ]
INFO: [ app_begin ] --END-- [ RunTime:0.001117s ]
SQL: SHOW COLUMNS FROM `tp_city` [ RunTime:0.0135s ]
SQL: SELECT * FROM `tp_city` WHERE ( pid=0 )  [ RunTime:0.0016s ]
INFO: [ app_end ] --START--
INFO: Run Behavior\ShowPageTraceBehavior [ RunTime:0.000588s ]
INFO: [ app_end ] --END-- [ RunTime:0.000729s ]

[ 2017-06-15T15:25:26+08:00 ] 127.0.0.1 /Home/user/city.html
INFO: [ app_begin ] --START--
INFO: Run Behavior\ReadHtmlCacheBehavior [ RunTime:0.000521s ]
INFO: [ app_begin ] --END-- [ RunTime:0.001186s ]
SQL: SHOW COLUMNS FROM `tp_city` [ RunTime:0.0150s ]
SQL: SELECT * FROM `tp_city` WHERE ( pid=0 )  [ RunTime:0.0013s ]
INFO: [ app_end ] --START--
INFO: Run Behavior\ShowPageTraceBehavior [ RunTime:0.000546s ]
INFO: [ app_end ] --END-- [ RunTime:0.000658s ]

[ 2017-06-15T15:30:21+08:00 ] 127.0.0.1 /Home/user/city.html
INFO: [ app_begin ] --START--
INFO: Run Behavior\ReadHtmlCacheBehavior [ RunTime:0.000867s ]
INFO: [ app_begin ] --END-- [ RunTime:0.001591s ]
SQL: SHOW COLUMNS FROM `tp_city` [ RunTime:0.0158s ]
SQL: SELECT * FROM `tp_city` WHERE ( pid=0 )  [ RunTime:0.0018s ]
INFO: [ app_end ] --START--
INFO: Run Behavior\ShowPageTraceBehavior [ RunTime:0.000571s ]
INFO: [ app_end ] --END-- [ RunTime:0.000709s ]

[ 2017-06-15T15:31:47+08:00 ] 127.0.0.1 /Home/user/city.html
INFO: [ app_begin ] --START--
INFO: Run Behavior\ReadHtmlCacheBehavior [ RunTime:0.000660s ]
INFO: [ app_begin ] --END-- [ RunTime:0.001615s ]
SQL: SHOW COLUMNS FROM `tp_city` [ RunTime:0.0157s ]
SQL: SELECT * FROM `tp_city` WHERE ( pid=0 )  [ RunTime:0.0011s ]
INFO: [ app_end ] --START--
INFO: Run Behavior\ShowPageTraceBehavior [ RunTime:0.000557s ]
INFO: [ app_end ] --END-- [ RunTime:0.000681s ]

[ 2017-06-15T16:52:16+08:00 ] 127.0.0.1 /
ERR: Think\Model:filed方法不存在！

[ 2017-06-15T16:52:41+08:00 ] 127.0.0.1 /
ERR: Think\Model:filed方法不存在！

[ 2017-06-15T16:52:42+08:00 ] 127.0.0.1 /
ERR: Think\Model:filed方法不存在！

[ 2017-06-15T16:52:42+08:00 ] 127.0.0.1 /
ERR: Think\Model:filed方法不存在！

[ 2017-06-15T16:55:08+08:00 ] 127.0.0.1 /
ERR: 1064:Erreur de syntaxe près de 'on a.cate_id=b.id' à la ligne 1
 [ SQL语句 ] : SELECT a.goods_name,b.cate_name FROM tp_goods a right join on a.cate_id=b.id  

[ 2017-06-15T16:55:08+08:00 ] 127.0.0.1 /
ERR: 1064:Erreur de syntaxe près de 'on a.cate_id=b.id' à la ligne 1
 [ SQL语句 ] : SELECT a.goods_name,b.cate_name FROM tp_goods a right join on a.cate_id=b.id  

[ 2017-06-15T16:55:09+08:00 ] 127.0.0.1 /
ERR: 1064:Erreur de syntaxe près de 'on a.cate_id=b.id' à la ligne 1
 [ SQL语句 ] : SELECT a.goods_name,b.cate_name FROM tp_goods a right join on a.cate_id=b.id  

[ 2017-06-15T16:55:09+08:00 ] 127.0.0.1 /
ERR: 1064:Erreur de syntaxe près de 'on a.cate_id=b.id' à la ligne 1
 [ SQL语句 ] : SELECT a.goods_name,b.cate_name FROM tp_goods a right join on a.cate_id=b.id  

[ 2017-06-15T22:32:03+08:00 ] 127.0.0.1 /Home/Index/getTel.html
INFO: [ app_begin ] --START--
INFO: Run Behavior\ReadHtmlCacheBehavior [ RunTime:0.000579s ]
INFO: [ app_begin ] --END-- [ RunTime:0.000982s ]
INFO: [ app_end ] --START--
INFO: Run Behavior\ShowPageTraceBehavior [ RunTime:0.000687s ]
INFO: [ app_end ] --END-- [ RunTime:0.000890s ]

[ 2017-06-15T22:32:20+08:00 ] 127.0.0.1 /Home/Api/get_exp.html
INFO: [ app_begin ] --START--
INFO: Run Behavior\ReadHtmlCacheBehavior [ RunTime:0.000572s ]
INFO: [ app_begin ] --END-- [ RunTime:0.000982s ]
INFO: [ app_end ] --START--
INFO: Run Behavior\ShowPageTraceBehavior [ RunTime:0.000519s ]
INFO: [ app_end ] --END-- [ RunTime:0.000667s ]

[ 2017-06-15T22:36:03+08:00 ] 127.0.0.1 /Home/Cart/cart_del
INFO: [ app_begin ] --START--
INFO: Run Behavior\ReadHtmlCacheBehavior [ RunTime:0.000542s ]
INFO: [ app_begin ] --END-- [ RunTime:0.000969s ]
SQL: SHOW COLUMNS FROM `tp_cart` [ RunTime:0.0157s ]
SQL: DELETE FROM `tp_cart` WHERE `goods_id` = 59 AND `user_id` = 10 [ RunTime:0.0003s ]
INFO: [ app_end ] --START--
INFO: Run Behavior\ShowPageTraceBehavior [ RunTime:0.000548s ]
INFO: [ app_end ] --END-- [ RunTime:0.000667s ]

[ 2017-06-15T22:36:04+08:00 ] 127.0.0.1 /Home/Cart/cart_del
INFO: [ app_begin ] --START--
INFO: Run Behavior\ReadHtmlCacheBehavior [ RunTime:0.000437s ]
INFO: [ app_begin ] --END-- [ RunTime:0.000808s ]
SQL: SHOW COLUMNS FROM `tp_cart` [ RunTime:0.0132s ]
SQL: DELETE FROM `tp_cart` WHERE `goods_id` = 59 AND `user_id` = 10 [ RunTime:0.0003s ]
INFO: [ app_end ] --START--
INFO: Run Behavior\ShowPageTraceBehavior [ RunTime:0.000511s ]
INFO: [ app_end ] --END-- [ RunTime:0.000627s ]

[ 2017-06-15T22:36:05+08:00 ] 127.0.0.1 /Home/Cart/cart_del
INFO: [ app_begin ] --START--
INFO: Run Behavior\ReadHtmlCacheBehavior [ RunTime:0.000608s ]
INFO: [ app_begin ] --END-- [ RunTime:0.001319s ]
SQL: SHOW COLUMNS FROM `tp_cart` [ RunTime:0.0131s ]
SQL: DELETE FROM `tp_cart` WHERE `goods_id` = 59 AND `user_id` = 10 [ RunTime:0.0003s ]
INFO: [ app_end ] --START--
INFO: Run Behavior\ShowPageTraceBehavior [ RunTime:0.000528s ]
INFO: [ app_end ] --END-- [ RunTime:0.000680s ]

[ 2017-06-15T22:36:06+08:00 ] 127.0.0.1 /Home/Cart/cart_del
INFO: [ app_begin ] --START--
INFO: Run Behavior\ReadHtmlCacheBehavior [ RunTime:0.000756s ]
INFO: [ app_begin ] --END-- [ RunTime:0.001433s ]
SQL: SHOW COLUMNS FROM `tp_cart` [ RunTime:0.0142s ]
SQL: DELETE FROM `tp_cart` WHERE `goods_id` = 79 AND `user_id` = 10 [ RunTime:0.0003s ]
INFO: [ app_end ] --START--
INFO: Run Behavior\ShowPageTraceBehavior [ RunTime:0.000505s ]
INFO: [ app_end ] --END-- [ RunTime:0.000624s ]

[ 2017-06-15T22:36:08+08:00 ] 127.0.0.1 /Home/Cart/cart_del
INFO: [ app_begin ] --START--
INFO: Run Behavior\ReadHtmlCacheBehavior [ RunTime:0.000421s ]
INFO: [ app_begin ] --END-- [ RunTime:0.000767s ]
SQL: SHOW COLUMNS FROM `tp_cart` [ RunTime:0.0138s ]
SQL: DELETE FROM `tp_cart` WHERE `goods_id` = 83 AND `user_id` = 10 [ RunTime:0.0004s ]

[ 2017-06-15T22:36:09+08:00 ] 127.0.0.1 /Home/Cart/cart_del
INFO: [ app_begin ] --START--
INFO: Run Behavior\ReadHtmlCacheBehavior [ RunTime:0.000678s ]
INFO: [ app_begin ] --END-- [ RunTime:0.001164s ]
SQL: SHOW COLUMNS FROM `tp_cart` [ RunTime:0.0131s ]
SQL: DELETE FROM `tp_cart` WHERE `goods_id` = 79 AND `user_id` = 10 [ RunTime:0.0003s ]
INFO: [ app_end ] --START--
INFO: Run Behavior\ShowPageTraceBehavior [ RunTime:0.000503s ]
INFO: [ app_end ] --END-- [ RunTime:0.000611s ]

[ 2017-06-15T22:36:10+08:00 ] 127.0.0.1 /Home/Cart/cart_del
INFO: [ app_begin ] --START--
INFO: Run Behavior\ReadHtmlCacheBehavior [ RunTime:0.000414s ]
INFO: [ app_begin ] --END-- [ RunTime:0.000782s ]
SQL: SHOW COLUMNS FROM `tp_cart` [ RunTime:0.0646s ]
SQL: DELETE FROM `tp_cart` WHERE `goods_id` = 79 AND `user_id` = 10 [ RunTime:0.0003s ]
INFO: [ app_end ] --START--
INFO: Run Behavior\ShowPageTraceBehavior [ RunTime:0.000547s ]
INFO: [ app_end ] --END-- [ RunTime:0.000672s ]

[ 2017-06-15T22:36:10+08:00 ] 127.0.0.1 /Home/Cart/cart_del
INFO: [ app_begin ] --START--
INFO: Run Behavior\ReadHtmlCacheBehavior [ RunTime:0.000422s ]
INFO: [ app_begin ] --END-- [ RunTime:0.000780s ]
SQL: SHOW COLUMNS FROM `tp_cart` [ RunTime:0.0073s ]
SQL: DELETE FROM `tp_cart` WHERE `goods_id` = 79 AND `user_id` = 10 [ RunTime:0.0003s ]
INFO: [ app_end ] --START--
INFO: Run Behavior\ShowPageTraceBehavior [ RunTime:0.000510s ]
INFO: [ app_end ] --END-- [ RunTime:0.000618s ]

[ 2017-06-15T22:36:10+08:00 ] 127.0.0.1 /Home/Cart/cart_del
INFO: [ app_begin ] --START--
INFO: Run Behavior\ReadHtmlCacheBehavior [ RunTime:0.000419s ]
INFO: [ app_begin ] --END-- [ RunTime:0.000774s ]
SQL: SHOW COLUMNS FROM `tp_cart` [ RunTime:0.0063s ]
SQL: DELETE FROM `tp_cart` WHERE `goods_id` = 79 AND `user_id` = 10 [ RunTime:0.0003s ]
INFO: [ app_end ] --START--
INFO: Run Behavior\ShowPageTraceBehavior [ RunTime:0.000503s ]
INFO: [ app_end ] --END-- [ RunTime:0.000613s ]

[ 2017-06-15T22:36:11+08:00 ] 127.0.0.1 /Home/Cart/cart_del
INFO: [ app_begin ] --START--
INFO: Run Behavior\ReadHtmlCacheBehavior [ RunTime:0.000437s ]
INFO: [ app_begin ] --END-- [ RunTime:0.000824s ]
SQL: SHOW COLUMNS FROM `tp_cart` [ RunTime:0.0122s ]
SQL: DELETE FROM `tp_cart` WHERE `goods_id` = 79 AND `user_id` = 10 [ RunTime:0.0002s ]
INFO: [ app_end ] --START--
INFO: Run Behavior\ShowPageTraceBehavior [ RunTime:0.000476s ]
INFO: [ app_end ] --END-- [ RunTime:0.000625s ]

[ 2017-06-15T22:36:11+08:00 ] 127.0.0.1 /Home/Cart/cart_del
INFO: [ app_begin ] --START--
INFO: Run Behavior\ReadHtmlCacheBehavior [ RunTime:0.000438s ]
INFO: [ app_begin ] --END-- [ RunTime:0.000861s ]
SQL: SHOW COLUMNS FROM `tp_cart` [ RunTime:0.0067s ]
SQL: DELETE FROM `tp_cart` WHERE `goods_id` = 79 AND `user_id` = 10 [ RunTime:0.0003s ]
INFO: [ app_end ] --START--
INFO: Run Behavior\ShowPageTraceBehavior [ RunTime:0.000475s ]
INFO: [ app_end ] --END-- [ RunTime:0.000583s ]

[ 2017-06-15T22:36:13+08:00 ] 127.0.0.1 /Home/Cart/cart_del
INFO: [ app_begin ] --START--
INFO: Run Behavior\ReadHtmlCacheBehavior [ RunTime:0.000398s ]
INFO: [ app_begin ] --END-- [ RunTime:0.000765s ]
SQL: SHOW COLUMNS FROM `tp_cart` [ RunTime:0.0124s ]
SQL: DELETE FROM `tp_cart` WHERE `goods_id` = 79 AND `user_id` = 10 [ RunTime:0.0003s ]
INFO: [ app_end ] --START--
INFO: Run Behavior\ShowPageTraceBehavior [ RunTime:0.000556s ]
INFO: [ app_end ] --END-- [ RunTime:0.000683s ]

[ 2017-06-15T22:36:13+08:00 ] 127.0.0.1 /Home/Cart/cart_del
INFO: [ app_begin ] --START--
INFO: Run Behavior\ReadHtmlCacheBehavior [ RunTime:0.000397s ]
INFO: [ app_begin ] --END-- [ RunTime:0.000781s ]
SQL: SHOW COLUMNS FROM `tp_cart` [ RunTime:0.0061s ]
SQL: DELETE FROM `tp_cart` WHERE `goods_id` = 79 AND `user_id` = 10 [ RunTime:0.0003s ]
INFO: [ app_end ] --START--
INFO: Run Behavior\ShowPageTraceBehavior [ RunTime:0.000553s ]
INFO: [ app_end ] --END-- [ RunTime:0.000679s ]

[ 2017-06-15T22:36:40+08:00 ] 127.0.0.1 /Home/Cart/cart_del
INFO: [ app_begin ] --START--
INFO: Run Behavior\ReadHtmlCacheBehavior [ RunTime:0.000446s ]
INFO: [ app_begin ] --END-- [ RunTime:0.000845s ]
SQL: SHOW COLUMNS FROM `tp_cart` [ RunTime:0.0141s ]
SQL: DELETE FROM `tp_cart` WHERE `goods_id` = 79 AND `user_id` = 10 [ RunTime:0.0003s ]
INFO: [ app_end ] --START--
INFO: Run Behavior\ShowPageTraceBehavior [ RunTime:0.000506s ]
INFO: [ app_end ] --END-- [ RunTime:0.000631s ]

[ 2017-06-15T22:36:41+08:00 ] 127.0.0.1 /Home/Cart/cart_del
INFO: [ app_begin ] --START--
INFO: Run Behavior\ReadHtmlCacheBehavior [ RunTime:0.000504s ]
INFO: [ app_begin ] --END-- [ RunTime:0.001012s ]
SQL: SHOW COLUMNS FROM `tp_cart` [ RunTime:0.0141s ]
SQL: DELETE FROM `tp_cart` WHERE `goods_id` = 59 AND `user_id` = 10 [ RunTime:0.0003s ]
INFO: [ app_end ] --START--
INFO: Run Behavior\ShowPageTraceBehavior [ RunTime:0.000522s ]
INFO: [ app_end ] --END-- [ RunTime:0.000649s ]

[ 2017-06-15T22:36:44+08:00 ] 127.0.0.1 /Home/Cart/cart_del
INFO: [ app_begin ] --START--
INFO: Run Behavior\ReadHtmlCacheBehavior [ RunTime:0.000429s ]
INFO: [ app_begin ] --END-- [ RunTime:0.000820s ]
SQL: SHOW COLUMNS FROM `tp_cart` [ RunTime:0.0142s ]
SQL: DELETE FROM `tp_cart` WHERE `goods_id` = 79 AND `user_id` = 10 [ RunTime:0.0003s ]
INFO: [ app_end ] --START--
INFO: Run Behavior\ShowPageTraceBehavior [ RunTime:0.000548s ]
INFO: [ app_end ] --END-- [ RunTime:0.000675s ]

[ 2017-06-15T22:36:54+08:00 ] 127.0.0.1 /Home/Cart/cart_del
INFO: [ app_begin ] --START--
INFO: Run Behavior\ReadHtmlCacheBehavior [ RunTime:0.000708s ]
INFO: [ app_begin ] --END-- [ RunTime:0.001368s ]
SQL: SHOW COLUMNS FROM `tp_cart` [ RunTime:0.0143s ]
SQL: DELETE FROM `tp_cart` WHERE `goods_id` = 79 AND `user_id` = 10 [ RunTime:0.0003s ]
INFO: [ app_end ] --START--
INFO: Run Behavior\ShowPageTraceBehavior [ RunTime:0.000540s ]
INFO: [ app_end ] --END-- [ RunTime:0.000659s ]

[ 2017-06-15T22:37:17+08:00 ] 127.0.0.1 /Home/Cart/cart_del
INFO: [ app_begin ] --START--
INFO: Run Behavior\ReadHtmlCacheBehavior [ RunTime:0.000408s ]
INFO: [ app_begin ] --END-- [ RunTime:0.000776s ]
SQL: SHOW COLUMNS FROM `tp_cart` [ RunTime:0.0142s ]
SQL: DELETE FROM `tp_cart` WHERE `goods_id` = 79 AND `user_id` = 10 [ RunTime:0.0003s ]
INFO: [ app_end ] --START--
INFO: Run Behavior\ShowPageTraceBehavior [ RunTime:0.000792s ]
INFO: [ app_end ] --END-- [ RunTime:0.000972s ]

[ 2017-06-15T22:43:18+08:00 ] 127.0.0.1 /Home/Cart/cart_del
INFO: [ app_begin ] --START--
INFO: Run Behavior\ReadHtmlCacheBehavior [ RunTime:0.000450s ]
INFO: [ app_begin ] --END-- [ RunTime:0.000979s ]

[ 2017-06-15T22:43:22+08:00 ] 127.0.0.1 /Home/Cart/cart_del
INFO: [ app_begin ] --START--
INFO: Run Behavior\ReadHtmlCacheBehavior [ RunTime:0.000419s ]
INFO: [ app_begin ] --END-- [ RunTime:0.000758s ]

[ 2017-06-15T22:43:30+08:00 ] 127.0.0.1 /Home/Cart/cart_del
INFO: [ app_begin ] --START--
INFO: Run Behavior\ReadHtmlCacheBehavior [ RunTime:0.000502s ]
INFO: [ app_begin ] --END-- [ RunTime:0.001037s ]

[ 2017-06-15T22:45:29+08:00 ] 127.0.0.1 /Home/Cart/cart_del
INFO: [ app_begin ] --START--
INFO: Run Behavior\ReadHtmlCacheBehavior [ RunTime:0.001066s ]
INFO: [ app_begin ] --END-- [ RunTime:0.001859s ]

[ 2017-06-15T22:45:32+08:00 ] 127.0.0.1 /Home/Cart/cart_del
INFO: [ app_begin ] --START--
INFO: Run Behavior\ReadHtmlCacheBehavior [ RunTime:0.001256s ]
INFO: [ app_begin ] --END-- [ RunTime:0.001882s ]

[ 2017-06-15T22:45:33+08:00 ] 127.0.0.1 /Home/Cart/cart_del
INFO: [ app_begin ] --START--
INFO: Run Behavior\ReadHtmlCacheBehavior [ RunTime:0.000946s ]
INFO: [ app_begin ] --END-- [ RunTime:0.001520s ]

[ 2017-06-15T22:45:33+08:00 ] 127.0.0.1 /Home/Cart/cart_del
INFO: [ app_begin ] --START--
INFO: Run Behavior\ReadHtmlCacheBehavior [ RunTime:0.001171s ]
INFO: [ app_begin ] --END-- [ RunTime:0.001854s ]

[ 2017-06-15T22:46:00+08:00 ] 127.0.0.1 /Home/Cart/cart_del
INFO: [ app_begin ] --START--
INFO: Run Behavior\ReadHtmlCacheBehavior [ RunTime:0.000601s ]
INFO: [ app_begin ] --END-- [ RunTime:0.000969s ]

[ 2017-06-15T22:46:01+08:00 ] 127.0.0.1 /Home/Cart/cart_del
INFO: [ app_begin ] --START--
INFO: Run Behavior\ReadHtmlCacheBehavior [ RunTime:0.000587s ]
INFO: [ app_begin ] --END-- [ RunTime:0.001152s ]

[ 2017-06-15T22:46:01+08:00 ] 127.0.0.1 /Home/Cart/cart_del
INFO: [ app_begin ] --START--
INFO: Run Behavior\ReadHtmlCacheBehavior [ RunTime:0.000564s ]
INFO: [ app_begin ] --END-- [ RunTime:0.000922s ]

[ 2017-06-15T22:46:02+08:00 ] 127.0.0.1 /Home/Cart/cart_del
INFO: [ app_begin ] --START--
INFO: Run Behavior\ReadHtmlCacheBehavior [ RunTime:0.000627s ]
INFO: [ app_begin ] --END-- [ RunTime:0.000981s ]

[ 2017-06-15T22:46:02+08:00 ] 127.0.0.1 /Home/Cart/cart_del
INFO: [ app_begin ] --START--
INFO: Run Behavior\ReadHtmlCacheBehavior [ RunTime:0.000561s ]
INFO: [ app_begin ] --END-- [ RunTime:0.000917s ]

[ 2017-06-15T22:47:10+08:00 ] 127.0.0.1 /Home/Cart/cart_del
INFO: [ app_begin ] --START--
INFO: Run Behavior\ReadHtmlCacheBehavior [ RunTime:0.000633s ]
INFO: [ app_begin ] --END-- [ RunTime:0.001082s ]
SQL: SHOW COLUMNS FROM `tp_cart` [ RunTime:0.0122s ]
SQL: DELETE FROM `tp_cart` WHERE `goods_id` = 82 AND `user_id` = 10 [ RunTime:0.0003s ]

[ 2017-06-15T22:48:03+08:00 ] 127.0.0.1 /Home/Cart/cart_del
INFO: [ app_begin ] --START--
INFO: Run Behavior\ReadHtmlCacheBehavior [ RunTime:0.000621s ]
INFO: [ app_begin ] --END-- [ RunTime:0.001017s ]
SQL: SHOW COLUMNS FROM `tp_cart` [ RunTime:0.0161s ]
SQL: DELETE FROM `tp_cart` WHERE `goods_id` = 82 AND `user_id` = 10 [ RunTime:0.0003s ]

[ 2017-06-15T22:50:12+08:00 ] 127.0.0.1 /Home/Cart/cart_del
INFO: [ app_begin ] --START--
INFO: Run Behavior\ReadHtmlCacheBehavior [ RunTime:0.000471s ]
INFO: [ app_begin ] --END-- [ RunTime:0.000881s ]
SQL: SHOW COLUMNS FROM `tp_cart` [ RunTime:0.0245s ]
SQL: DELETE FROM `tp_cart` WHERE `goods_id` = 83 AND `user_id` = 10 [ RunTime:0.0003s ]

[ 2017-06-15T22:50:13+08:00 ] 127.0.0.1 /Home/Cart/cart_del
INFO: [ app_begin ] --START--
INFO: Run Behavior\ReadHtmlCacheBehavior [ RunTime:0.000417s ]
INFO: [ app_begin ] --END-- [ RunTime:0.000759s ]
SQL: SHOW COLUMNS FROM `tp_cart` [ RunTime:0.0125s ]
SQL: DELETE FROM `tp_cart` WHERE `goods_id` = 85 AND `user_id` = 10 [ RunTime:0.0003s ]

