[ 2017-06-03T00:01:58+08:00 ] 127.0.0.1 /Admin/Goods/delete
INFO: [ app_begin ] --START--
INFO: Run Behavior\ReadHtmlCacheBehavior [ RunTime:0.000547s ]
INFO: [ app_begin ] --END-- [ RunTime:0.000955s ]

[ 2017-06-03T00:14:38+08:00 ] 127.0.0.1 /Admin/Goods/delete
INFO: [ app_begin ] --START--
INFO: Run Behavior\ReadHtmlCacheBehavior [ RunTime:0.001153s ]
INFO: [ app_begin ] --END-- [ RunTime:0.002018s ]
SQL: SHOW COLUMNS FROM `tp_goods` [ RunTime:0.0159s ]
SQL: SELECT * FROM `tp_goods` WHERE `id` = 61 LIMIT 1   [ RunTime:0.0005s ]
SQL: UPDATE `tp_goods` SET `goods_status`='0' WHERE `id` = 61 [ RunTime:0.0005s ]

[ 2017-06-03T00:15:04+08:00 ] 127.0.0.1 /Admin/Goods/delete
INFO: [ app_begin ] --START--
INFO: Run Behavior\ReadHtmlCacheBehavior [ RunTime:0.000605s ]
INFO: [ app_begin ] --END-- [ RunTime:0.001135s ]
SQL: SHOW COLUMNS FROM `tp_goods` [ RunTime:0.0125s ]
SQL: SELECT * FROM `tp_goods` WHERE `id` = 59 LIMIT 1   [ RunTime:0.0004s ]
SQL: UPDATE `tp_goods` SET `goods_status`='1' WHERE `id` = 59 [ RunTime:0.0003s ]

[ 2017-06-03T00:21:26+08:00 ] 127.0.0.1 /Admin/Goods/delete
INFO: [ app_begin ] --START--
INFO: Run Behavior\ReadHtmlCacheBehavior [ RunTime:0.000561s ]
INFO: [ app_begin ] --END-- [ RunTime:0.001006s ]
SQL: SHOW COLUMNS FROM `tp_goods` [ RunTime:0.0108s ]
SQL: SELECT * FROM `tp_goods` WHERE `id` = 61 LIMIT 1   [ RunTime:0.0005s ]
SQL: UPDATE `tp_goods` SET `goods_status`='1' WHERE `id` = 61 [ RunTime:0.0003s ]

[ 2017-06-03T00:23:37+08:00 ] 127.0.0.1 /Admin/Goods/delete
INFO: [ app_begin ] --START--
INFO: Run Behavior\ReadHtmlCacheBehavior [ RunTime:0.000545s ]
INFO: [ app_begin ] --END-- [ RunTime:0.000935s ]
SQL: SHOW COLUMNS FROM `tp_goods` [ RunTime:0.0318s ]
SQL: SELECT * FROM `tp_goods` WHERE `id` = 61 LIMIT 1   [ RunTime:0.0005s ]
SQL: UPDATE `tp_goods` SET `goods_status`='0' WHERE `id` = 61 [ RunTime:0.0003s ]

[ 2017-06-03T00:24:04+08:00 ] 127.0.0.1 /Admin/Goods/delete
INFO: [ app_begin ] --START--
INFO: Run Behavior\ReadHtmlCacheBehavior [ RunTime:0.000611s ]
INFO: [ app_begin ] --END-- [ RunTime:0.001151s ]
SQL: SHOW COLUMNS FROM `tp_goods` [ RunTime:0.0135s ]
SQL: SELECT * FROM `tp_goods` WHERE `id` = 61 LIMIT 1   [ RunTime:0.0004s ]
SQL: UPDATE `tp_goods` SET `goods_status`='1' WHERE `id` = 61 [ RunTime:0.0004s ]

[ 2017-06-03T00:25:35+08:00 ] 127.0.0.1 /Admin/Goods/delete
INFO: [ app_begin ] --START--
INFO: Run Behavior\ReadHtmlCacheBehavior [ RunTime:0.000511s ]
INFO: [ app_begin ] --END-- [ RunTime:0.000909s ]
SQL: SHOW COLUMNS FROM `tp_goods` [ RunTime:0.0112s ]
SQL: SELECT * FROM `tp_goods` WHERE `id` = 61 LIMIT 1   [ RunTime:0.0004s ]
SQL: UPDATE `tp_goods` SET `goods_status`='0' WHERE `id` = 61 [ RunTime:0.0003s ]

[ 2017-06-03T00:26:15+08:00 ] 127.0.0.1 /Admin/Goods/delete
INFO: [ app_begin ] --START--
INFO: Run Behavior\ReadHtmlCacheBehavior [ RunTime:0.000572s ]
INFO: [ app_begin ] --END-- [ RunTime:0.000943s ]
SQL: SHOW COLUMNS FROM `tp_goods` [ RunTime:0.0117s ]
SQL: SELECT * FROM `tp_goods` WHERE `id` = 61 LIMIT 1   [ RunTime:0.0004s ]
SQL: UPDATE `tp_goods` SET `goods_status`='1' WHERE `id` = 61 [ RunTime:0.0003s ]

[ 2017-06-03T00:26:18+08:00 ] 127.0.0.1 /Admin/Goods/delete
INFO: [ app_begin ] --START--
INFO: Run Behavior\ReadHtmlCacheBehavior [ RunTime:0.000512s ]
INFO: [ app_begin ] --END-- [ RunTime:0.000906s ]
SQL: SHOW COLUMNS FROM `tp_goods` [ RunTime:0.0121s ]
SQL: SELECT * FROM `tp_goods` WHERE `id` = 62 LIMIT 1   [ RunTime:0.0004s ]
SQL: UPDATE `tp_goods` SET `goods_status`='0' WHERE `id` = 62 [ RunTime:0.0003s ]

[ 2017-06-03T00:26:21+08:00 ] 127.0.0.1 /Admin/Goods/delete
INFO: [ app_begin ] --START--
INFO: Run Behavior\ReadHtmlCacheBehavior [ RunTime:0.000516s ]
INFO: [ app_begin ] --END-- [ RunTime:0.000896s ]
SQL: SHOW COLUMNS FROM `tp_goods` [ RunTime:0.0116s ]
SQL: SELECT * FROM `tp_goods` WHERE `id` = 60 LIMIT 1   [ RunTime:0.0004s ]
SQL: UPDATE `tp_goods` SET `goods_status`='1' WHERE `id` = 60 [ RunTime:0.0003s ]

[ 2017-06-03T00:26:52+08:00 ] 127.0.0.1 /Admin/Goods/delete
INFO: [ app_begin ] --START--
INFO: Run Behavior\ReadHtmlCacheBehavior [ RunTime:0.000650s ]
INFO: [ app_begin ] --END-- [ RunTime:0.001065s ]
SQL: SHOW COLUMNS FROM `tp_goods` [ RunTime:0.0126s ]
SQL: SELECT * FROM `tp_goods` WHERE `id` = 61 LIMIT 1   [ RunTime:0.0004s ]
SQL: UPDATE `tp_goods` SET `goods_status`='0' WHERE `id` = 61 [ RunTime:0.0002s ]

[ 2017-06-03T00:28:37+08:00 ] 127.0.0.1 /Admin/Goods/delete
INFO: [ app_begin ] --START--
INFO: Run Behavior\ReadHtmlCacheBehavior [ RunTime:0.000547s ]
INFO: [ app_begin ] --END-- [ RunTime:0.000949s ]
SQL: SHOW COLUMNS FROM `tp_goods` [ RunTime:0.0125s ]
SQL: SELECT * FROM `tp_goods` WHERE `id` = 61 LIMIT 1   [ RunTime:0.0004s ]
SQL: UPDATE `tp_goods` SET `goods_status`='1' WHERE `id` = 61 [ RunTime:0.0003s ]

[ 2017-06-03T00:28:38+08:00 ] 127.0.0.1 /Admin/Goods/delete
INFO: [ app_begin ] --START--
INFO: Run Behavior\ReadHtmlCacheBehavior [ RunTime:0.000747s ]
INFO: [ app_begin ] --END-- [ RunTime:0.001184s ]
SQL: SHOW COLUMNS FROM `tp_goods` [ RunTime:0.0119s ]
SQL: SELECT * FROM `tp_goods` WHERE `id` = 61 LIMIT 1   [ RunTime:0.0004s ]
SQL: UPDATE `tp_goods` SET `goods_status`='0' WHERE `id` = 61 [ RunTime:0.0002s ]

[ 2017-06-03T00:28:38+08:00 ] 127.0.0.1 /Admin/Goods/delete
INFO: [ app_begin ] --START--
INFO: Run Behavior\ReadHtmlCacheBehavior [ RunTime:0.000523s ]
INFO: [ app_begin ] --END-- [ RunTime:0.000935s ]
SQL: SHOW COLUMNS FROM `tp_goods` [ RunTime:0.0062s ]
SQL: SELECT * FROM `tp_goods` WHERE `id` = 61 LIMIT 1   [ RunTime:0.0004s ]
SQL: UPDATE `tp_goods` SET `goods_status`='1' WHERE `id` = 61 [ RunTime:0.0003s ]

[ 2017-06-03T00:28:38+08:00 ] 127.0.0.1 /Admin/Goods/delete
INFO: [ app_begin ] --START--
INFO: Run Behavior\ReadHtmlCacheBehavior [ RunTime:0.000646s ]
INFO: [ app_begin ] --END-- [ RunTime:0.001147s ]
SQL: SHOW COLUMNS FROM `tp_goods` [ RunTime:0.0065s ]
SQL: SELECT * FROM `tp_goods` WHERE `id` = 61 LIMIT 1   [ RunTime:0.0004s ]
SQL: UPDATE `tp_goods` SET `goods_status`='0' WHERE `id` = 61 [ RunTime:0.0003s ]

[ 2017-06-03T00:28:38+08:00 ] 127.0.0.1 /Admin/Goods/delete
INFO: [ app_begin ] --START--
INFO: Run Behavior\ReadHtmlCacheBehavior [ RunTime:0.000535s ]
INFO: [ app_begin ] --END-- [ RunTime:0.000957s ]
SQL: SHOW COLUMNS FROM `tp_goods` [ RunTime:0.0065s ]
SQL: SELECT * FROM `tp_goods` WHERE `id` = 61 LIMIT 1   [ RunTime:0.0004s ]
SQL: UPDATE `tp_goods` SET `goods_status`='1' WHERE `id` = 61 [ RunTime:0.0004s ]

[ 2017-06-03T00:28:38+08:00 ] 127.0.0.1 /Admin/Goods/delete
INFO: [ app_begin ] --START--
INFO: Run Behavior\ReadHtmlCacheBehavior [ RunTime:0.000516s ]
INFO: [ app_begin ] --END-- [ RunTime:0.000922s ]
SQL: SHOW COLUMNS FROM `tp_goods` [ RunTime:0.0058s ]
SQL: SELECT * FROM `tp_goods` WHERE `id` = 61 LIMIT 1   [ RunTime:0.0004s ]
SQL: UPDATE `tp_goods` SET `goods_status`='0' WHERE `id` = 61 [ RunTime:0.0003s ]

[ 2017-06-03T00:28:39+08:00 ] 127.0.0.1 /Admin/Goods/delete
INFO: [ app_begin ] --START--
INFO: Run Behavior\ReadHtmlCacheBehavior [ RunTime:0.000517s ]
INFO: [ app_begin ] --END-- [ RunTime:0.000929s ]
SQL: SHOW COLUMNS FROM `tp_goods` [ RunTime:0.0120s ]
SQL: SELECT * FROM `tp_goods` WHERE `id` = 61 LIMIT 1   [ RunTime:0.0004s ]
SQL: UPDATE `tp_goods` SET `goods_status`='1' WHERE `id` = 61 [ RunTime:0.0003s ]

[ 2017-06-03T00:28:39+08:00 ] 127.0.0.1 /Admin/Goods/delete
INFO: [ app_begin ] --START--
INFO: Run Behavior\ReadHtmlCacheBehavior [ RunTime:0.000514s ]
INFO: [ app_begin ] --END-- [ RunTime:0.000895s ]
SQL: SHOW COLUMNS FROM `tp_goods` [ RunTime:0.0061s ]
SQL: SELECT * FROM `tp_goods` WHERE `id` = 61 LIMIT 1   [ RunTime:0.0004s ]
SQL: UPDATE `tp_goods` SET `goods_status`='0' WHERE `id` = 61 [ RunTime:0.0003s ]

[ 2017-06-03T00:28:39+08:00 ] 127.0.0.1 /Admin/Goods/delete
INFO: [ app_begin ] --START--
INFO: Run Behavior\ReadHtmlCacheBehavior [ RunTime:0.000519s ]
INFO: [ app_begin ] --END-- [ RunTime:0.000952s ]
SQL: SHOW COLUMNS FROM `tp_goods` [ RunTime:0.0063s ]
SQL: SELECT * FROM `tp_goods` WHERE `id` = 61 LIMIT 1   [ RunTime:0.0005s ]
SQL: UPDATE `tp_goods` SET `goods_status`='1' WHERE `id` = 61 [ RunTime:0.0003s ]

[ 2017-06-03T00:28:39+08:00 ] 127.0.0.1 /Admin/Goods/delete
INFO: [ app_begin ] --START--
INFO: Run Behavior\ReadHtmlCacheBehavior [ RunTime:0.000514s ]
INFO: [ app_begin ] --END-- [ RunTime:0.000916s ]
SQL: SHOW COLUMNS FROM `tp_goods` [ RunTime:0.0063s ]
SQL: SELECT * FROM `tp_goods` WHERE `id` = 61 LIMIT 1   [ RunTime:0.0004s ]
SQL: UPDATE `tp_goods` SET `goods_status`='0' WHERE `id` = 61 [ RunTime:0.0003s ]

[ 2017-06-03T00:28:39+08:00 ] 127.0.0.1 /Admin/Goods/delete
INFO: [ app_begin ] --START--
INFO: Run Behavior\ReadHtmlCacheBehavior [ RunTime:0.000552s ]
INFO: [ app_begin ] --END-- [ RunTime:0.000968s ]
SQL: SHOW COLUMNS FROM `tp_goods` [ RunTime:0.0069s ]
SQL: SELECT * FROM `tp_goods` WHERE `id` = 61 LIMIT 1   [ RunTime:0.0004s ]
SQL: UPDATE `tp_goods` SET `goods_status`='1' WHERE `id` = 61 [ RunTime:0.0003s ]

[ 2017-06-03T00:28:39+08:00 ] 127.0.0.1 /Admin/Goods/delete
INFO: [ app_begin ] --START--
INFO: Run Behavior\ReadHtmlCacheBehavior [ RunTime:0.000526s ]
INFO: [ app_begin ] --END-- [ RunTime:0.000975s ]
SQL: SHOW COLUMNS FROM `tp_goods` [ RunTime:0.0057s ]
SQL: SELECT * FROM `tp_goods` WHERE `id` = 61 LIMIT 1   [ RunTime:0.0005s ]
SQL: UPDATE `tp_goods` SET `goods_status`='0' WHERE `id` = 61 [ RunTime:0.0003s ]

[ 2017-06-03T00:28:40+08:00 ] 127.0.0.1 /Admin/Goods/delete
INFO: [ app_begin ] --START--
INFO: Run Behavior\ReadHtmlCacheBehavior [ RunTime:0.000549s ]
INFO: [ app_begin ] --END-- [ RunTime:0.000927s ]
SQL: SHOW COLUMNS FROM `tp_goods` [ RunTime:0.0112s ]
SQL: SELECT * FROM `tp_goods` WHERE `id` = 61 LIMIT 1   [ RunTime:0.0005s ]
SQL: UPDATE `tp_goods` SET `goods_status`='1' WHERE `id` = 61 [ RunTime:0.0003s ]

[ 2017-06-03T00:28:40+08:00 ] 127.0.0.1 /Admin/Goods/delete
INFO: [ app_begin ] --START--
INFO: Run Behavior\ReadHtmlCacheBehavior [ RunTime:0.000520s ]
INFO: [ app_begin ] --END-- [ RunTime:0.000943s ]
SQL: SHOW COLUMNS FROM `tp_goods` [ RunTime:0.0066s ]
SQL: SELECT * FROM `tp_goods` WHERE `id` = 61 LIMIT 1   [ RunTime:0.0004s ]
SQL: UPDATE `tp_goods` SET `goods_status`='0' WHERE `id` = 61 [ RunTime:0.0003s ]

[ 2017-06-03T00:53:18+08:00 ] 127.0.0.1 /Admin/Goods/delete
INFO: [ app_begin ] --START--
INFO: Run Behavior\ReadHtmlCacheBehavior [ RunTime:0.001840s ]
INFO: [ app_begin ] --END-- [ RunTime:0.003096s ]
SQL: SHOW COLUMNS FROM `tp_goods` [ RunTime:0.1177s ]
SQL: SELECT * FROM `tp_goods` WHERE `id` = 60 LIMIT 1   [ RunTime:0.0012s ]
SQL: UPDATE `tp_goods` SET `goods_status`='0' WHERE `id` = 60 [ RunTime:0.0007s ]

[ 2017-06-03T00:53:19+08:00 ] 127.0.0.1 /Admin/Goods/delete
INFO: [ app_begin ] --START--
INFO: Run Behavior\ReadHtmlCacheBehavior [ RunTime:0.000594s ]
INFO: [ app_begin ] --END-- [ RunTime:0.000985s ]
SQL: SHOW COLUMNS FROM `tp_goods` [ RunTime:0.1146s ]
SQL: SELECT * FROM `tp_goods` WHERE `id` = 59 LIMIT 1   [ RunTime:0.0011s ]
SQL: UPDATE `tp_goods` SET `goods_status`='0' WHERE `id` = 59 [ RunTime:0.0012s ]

[ 2017-06-03T00:53:20+08:00 ] 127.0.0.1 /Admin/Goods/delete
INFO: [ app_begin ] --START--
INFO: Run Behavior\ReadHtmlCacheBehavior [ RunTime:0.000663s ]
INFO: [ app_begin ] --END-- [ RunTime:0.001062s ]
SQL: SHOW COLUMNS FROM `tp_goods` [ RunTime:0.0604s ]
SQL: SELECT * FROM `tp_goods` WHERE `id` = 62 LIMIT 1   [ RunTime:0.0005s ]
SQL: UPDATE `tp_goods` SET `goods_status`='1' WHERE `id` = 62 [ RunTime:0.0003s ]

[ 2017-06-03T00:53:22+08:00 ] 127.0.0.1 /Admin/Goods/delete
INFO: [ app_begin ] --START--
INFO: Run Behavior\ReadHtmlCacheBehavior [ RunTime:0.000622s ]
INFO: [ app_begin ] --END-- [ RunTime:0.001027s ]
SQL: SHOW COLUMNS FROM `tp_goods` [ RunTime:0.0660s ]
SQL: SELECT * FROM `tp_goods` WHERE `id` = 61 LIMIT 1   [ RunTime:0.0004s ]
SQL: UPDATE `tp_goods` SET `goods_status`='1' WHERE `id` = 61 [ RunTime:0.0002s ]

[ 2017-06-03T00:53:24+08:00 ] 127.0.0.1 /Admin/Goods/delete
INFO: [ app_begin ] --START--
INFO: Run Behavior\ReadHtmlCacheBehavior [ RunTime:0.000595s ]
INFO: [ app_begin ] --END-- [ RunTime:0.000980s ]
SQL: SHOW COLUMNS FROM `tp_goods` [ RunTime:0.0119s ]
SQL: SELECT * FROM `tp_goods` WHERE `id` = 59 LIMIT 1   [ RunTime:0.0004s ]
SQL: UPDATE `tp_goods` SET `goods_status`='1' WHERE `id` = 59 [ RunTime:0.0003s ]

[ 2017-06-03T00:53:25+08:00 ] 127.0.0.1 /Admin/Goods/delete
INFO: [ app_begin ] --START--
INFO: Run Behavior\ReadHtmlCacheBehavior [ RunTime:0.000618s ]
INFO: [ app_begin ] --END-- [ RunTime:0.001026s ]
SQL: SHOW COLUMNS FROM `tp_goods` [ RunTime:0.0117s ]
SQL: SELECT * FROM `tp_goods` WHERE `id` = 60 LIMIT 1   [ RunTime:0.0004s ]
SQL: UPDATE `tp_goods` SET `goods_status`='1' WHERE `id` = 60 [ RunTime:0.0003s ]

[ 2017-06-03T01:02:20+08:00 ] 127.0.0.1 /Admin/googs/pic/id/61.html
ERR: 无法加载控制器:Googs

[ 2017-06-03T01:02:50+08:00 ] 127.0.0.1 /Admin/googs/pic/id/61.html
ERR: 无法加载控制器:Googs

[ 2017-06-03T01:03:03+08:00 ] 127.0.0.1 /Admin/googs/pic/id/61.html
ERR: 无法加载控制器:Googs

[ 2017-06-03T01:03:04+08:00 ] 127.0.0.1 /Admin/googs/pic/id/61.html
ERR: 无法加载控制器:Googs

[ 2017-06-03T01:03:04+08:00 ] 127.0.0.1 /Admin/googs/pic/id/61.html
ERR: 无法加载控制器:Googs

[ 2017-06-03T11:03:22+08:00 ] 127.0.0.1 /Admin/goods/pic/id/61.html
ERR: 不存在的图像文件

[ 2017-06-03T11:03:42+08:00 ] 127.0.0.1 /Admin/goods/pic/id/61.html
ERR: 不存在的图像文件

[ 2017-06-03T11:06:04+08:00 ] 127.0.0.1 /Admin/goods/pic/id/61.html
ERR: 不存在的图像文件

[ 2017-06-03T11:06:47+08:00 ] 127.0.0.1 /Admin/goods/pic/id/61.html
ERR: 不存在的图像文件

[ 2017-06-03T11:07:02+08:00 ] 127.0.0.1 /Admin/goods/pic/id/61.html
ERR: 不存在的图像文件

[ 2017-06-03T11:09:12+08:00 ] 127.0.0.1 /Admin/goods/pic/id/61.html
ERR: 不存在的图像文件

[ 2017-06-03T11:09:18+08:00 ] 127.0.0.1 /Admin/goods/pic/id/61.html
ERR: 不存在的图像文件

[ 2017-06-03T11:09:55+08:00 ] 127.0.0.1 /Admin/goods/pic/id/61.html
ERR: 不存在的图像文件

[ 2017-06-03T13:24:47+08:00 ] 127.0.0.1 /Admin/goods/pic/id/61.html
ERR: 不存在的图像文件

[ 2017-06-03T13:25:23+08:00 ] 127.0.0.1 /Admin/goods/pic/id/61.html
ERR: 不存在的图像文件

[ 2017-06-03T13:25:28+08:00 ] 127.0.0.1 /Admin/goods/pic/id/61.html
ERR: 不存在的图像文件

[ 2017-06-03T13:27:23+08:00 ] 127.0.0.1 /Admin/goods/pic/id/61.html
ERR: 不存在的图像文件

[ 2017-06-03T13:37:04+08:00 ] 127.0.0.1 /Admin/Goods/delete
INFO: [ app_begin ] --START--
INFO: Run Behavior\ReadHtmlCacheBehavior [ RunTime:0.000585s ]
INFO: [ app_begin ] --END-- [ RunTime:0.001012s ]
SQL: SHOW COLUMNS FROM `tp_goods` [ RunTime:0.0606s ]
SQL: SELECT * FROM `tp_goods` WHERE `id` = 60 LIMIT 1   [ RunTime:0.0004s ]
SQL: UPDATE `tp_goods` SET `goods_status`='0' WHERE `id` = 60 [ RunTime:0.0485s ]

[ 2017-06-03T13:37:05+08:00 ] 127.0.0.1 /Admin/Goods/delete
INFO: [ app_begin ] --START--
INFO: Run Behavior\ReadHtmlCacheBehavior [ RunTime:0.000584s ]
INFO: [ app_begin ] --END-- [ RunTime:0.000952s ]
SQL: SHOW COLUMNS FROM `tp_goods` [ RunTime:0.0522s ]
SQL: SELECT * FROM `tp_goods` WHERE `id` = 60 LIMIT 1   [ RunTime:0.0004s ]
SQL: UPDATE `tp_goods` SET `goods_status`='1' WHERE `id` = 60 [ RunTime:0.0003s ]

[ 2017-06-03T13:37:05+08:00 ] 127.0.0.1 /Admin/Goods/delete
INFO: [ app_begin ] --START--
INFO: Run Behavior\ReadHtmlCacheBehavior [ RunTime:0.000592s ]
INFO: [ app_begin ] --END-- [ RunTime:0.001022s ]
SQL: SHOW COLUMNS FROM `tp_goods` [ RunTime:0.0318s ]
SQL: SELECT * FROM `tp_goods` WHERE `id` = 60 LIMIT 1   [ RunTime:0.0004s ]
SQL: UPDATE `tp_goods` SET `goods_status`='0' WHERE `id` = 60 [ RunTime:0.0002s ]

[ 2017-06-03T13:37:05+08:00 ] 127.0.0.1 /Admin/Goods/delete
INFO: [ app_begin ] --START--
INFO: Run Behavior\ReadHtmlCacheBehavior [ RunTime:0.000585s ]
INFO: [ app_begin ] --END-- [ RunTime:0.000990s ]
SQL: SHOW COLUMNS FROM `tp_goods` [ RunTime:0.0062s ]
SQL: SELECT * FROM `tp_goods` WHERE `id` = 60 LIMIT 1   [ RunTime:0.0004s ]
SQL: UPDATE `tp_goods` SET `goods_status`='1' WHERE `id` = 60 [ RunTime:0.0003s ]

[ 2017-06-03T13:37:06+08:00 ] 127.0.0.1 /Admin/Goods/delete
INFO: [ app_begin ] --START--
INFO: Run Behavior\ReadHtmlCacheBehavior [ RunTime:0.000612s ]
INFO: [ app_begin ] --END-- [ RunTime:0.000980s ]
SQL: SHOW COLUMNS FROM `tp_goods` [ RunTime:0.0109s ]
SQL: SELECT * FROM `tp_goods` WHERE `id` = 60 LIMIT 1   [ RunTime:0.0005s ]
SQL: UPDATE `tp_goods` SET `goods_status`='0' WHERE `id` = 60 [ RunTime:0.0003s ]

[ 2017-06-03T13:37:06+08:00 ] 127.0.0.1 /Admin/Goods/delete
INFO: [ app_begin ] --START--
INFO: Run Behavior\ReadHtmlCacheBehavior [ RunTime:0.000807s ]
INFO: [ app_begin ] --END-- [ RunTime:0.001187s ]
SQL: SHOW COLUMNS FROM `tp_goods` [ RunTime:0.0058s ]
SQL: SELECT * FROM `tp_goods` WHERE `id` = 60 LIMIT 1   [ RunTime:0.0005s ]
SQL: UPDATE `tp_goods` SET `goods_status`='1' WHERE `id` = 60 [ RunTime:0.0005s ]

[ 2017-06-03T13:37:07+08:00 ] 127.0.0.1 /Admin/Goods/delete
INFO: [ app_begin ] --START--
INFO: Run Behavior\ReadHtmlCacheBehavior [ RunTime:0.000871s ]
INFO: [ app_begin ] --END-- [ RunTime:0.001272s ]
SQL: SHOW COLUMNS FROM `tp_goods` [ RunTime:0.0110s ]
SQL: SELECT * FROM `tp_goods` WHERE `id` = 59 LIMIT 1   [ RunTime:0.0004s ]
SQL: UPDATE `tp_goods` SET `goods_status`='0' WHERE `id` = 59 [ RunTime:0.0003s ]

[ 2017-06-03T13:37:08+08:00 ] 127.0.0.1 /Admin/Goods/delete
INFO: [ app_begin ] --START--
INFO: Run Behavior\ReadHtmlCacheBehavior [ RunTime:0.000582s ]
INFO: [ app_begin ] --END-- [ RunTime:0.000954s ]
SQL: SHOW COLUMNS FROM `tp_goods` [ RunTime:0.0112s ]
SQL: SELECT * FROM `tp_goods` WHERE `id` = 59 LIMIT 1   [ RunTime:0.0005s ]
SQL: UPDATE `tp_goods` SET `goods_status`='1' WHERE `id` = 59 [ RunTime:0.0003s ]

[ 2017-06-03T13:37:08+08:00 ] 127.0.0.1 /Admin/Goods/delete
INFO: [ app_begin ] --START--
INFO: Run Behavior\ReadHtmlCacheBehavior [ RunTime:0.000587s ]
INFO: [ app_begin ] --END-- [ RunTime:0.000980s ]
SQL: SHOW COLUMNS FROM `tp_goods` [ RunTime:0.0067s ]
SQL: SELECT * FROM `tp_goods` WHERE `id` = 59 LIMIT 1   [ RunTime:0.0004s ]
SQL: UPDATE `tp_goods` SET `goods_status`='0' WHERE `id` = 59 [ RunTime:0.0003s ]

[ 2017-06-03T13:37:09+08:00 ] 127.0.0.1 /Admin/Goods/delete
INFO: [ app_begin ] --START--
INFO: Run Behavior\ReadHtmlCacheBehavior [ RunTime:0.000581s ]
INFO: [ app_begin ] --END-- [ RunTime:0.000953s ]
SQL: SHOW COLUMNS FROM `tp_goods` [ RunTime:0.0108s ]
SQL: SELECT * FROM `tp_goods` WHERE `id` = 62 LIMIT 1   [ RunTime:0.0004s ]
SQL: UPDATE `tp_goods` SET `goods_status`='0' WHERE `id` = 62 [ RunTime:0.0003s ]

[ 2017-06-03T13:37:10+08:00 ] 127.0.0.1 /Admin/Goods/delete
INFO: [ app_begin ] --START--
INFO: Run Behavior\ReadHtmlCacheBehavior [ RunTime:0.000588s ]
INFO: [ app_begin ] --END-- [ RunTime:0.000985s ]
SQL: SHOW COLUMNS FROM `tp_goods` [ RunTime:0.0110s ]
SQL: SELECT * FROM `tp_goods` WHERE `id` = 61 LIMIT 1   [ RunTime:0.0004s ]
SQL: UPDATE `tp_goods` SET `goods_status`='0' WHERE `id` = 61 [ RunTime:0.0003s ]

[ 2017-06-03T13:37:11+08:00 ] 127.0.0.1 /Admin/Goods/delete
INFO: [ app_begin ] --START--
INFO: Run Behavior\ReadHtmlCacheBehavior [ RunTime:0.000586s ]
INFO: [ app_begin ] --END-- [ RunTime:0.000979s ]
SQL: SHOW COLUMNS FROM `tp_goods` [ RunTime:0.0111s ]
SQL: SELECT * FROM `tp_goods` WHERE `id` = 62 LIMIT 1   [ RunTime:0.0004s ]
SQL: UPDATE `tp_goods` SET `goods_status`='1' WHERE `id` = 62 [ RunTime:0.0003s ]

[ 2017-06-03T13:37:12+08:00 ] 127.0.0.1 /Admin/Goods/delete
INFO: [ app_begin ] --START--
INFO: Run Behavior\ReadHtmlCacheBehavior [ RunTime:0.000635s ]
INFO: [ app_begin ] --END-- [ RunTime:0.001026s ]
SQL: SHOW COLUMNS FROM `tp_goods` [ RunTime:0.0109s ]
SQL: SELECT * FROM `tp_goods` WHERE `id` = 59 LIMIT 1   [ RunTime:0.0004s ]
SQL: UPDATE `tp_goods` SET `goods_status`='1' WHERE `id` = 59 [ RunTime:0.0003s ]

[ 2017-06-03T13:37:13+08:00 ] 127.0.0.1 /Admin/Goods/delete
INFO: [ app_begin ] --START--
INFO: Run Behavior\ReadHtmlCacheBehavior [ RunTime:0.000588s ]
INFO: [ app_begin ] --END-- [ RunTime:0.001002s ]
SQL: SHOW COLUMNS FROM `tp_goods` [ RunTime:0.0114s ]
SQL: SELECT * FROM `tp_goods` WHERE `id` = 60 LIMIT 1   [ RunTime:0.0004s ]
SQL: UPDATE `tp_goods` SET `goods_status`='0' WHERE `id` = 60 [ RunTime:0.0003s ]

[ 2017-06-03T14:11:35+08:00 ] 127.0.0.1 /Admin/Goods/picDel
INFO: [ app_begin ] --START--
INFO: Run Behavior\ReadHtmlCacheBehavior [ RunTime:0.000718s ]
INFO: [ app_begin ] --END-- [ RunTime:0.001200s ]

[ 2017-06-03T14:12:05+08:00 ] 127.0.0.1 /Admin/Goods/picDel
INFO: [ app_begin ] --START--
INFO: Run Behavior\ReadHtmlCacheBehavior [ RunTime:0.001243s ]
INFO: [ app_begin ] --END-- [ RunTime:0.002043s ]

[ 2017-06-03T14:12:45+08:00 ] 127.0.0.1 /Admin/Goods/picDel
INFO: [ app_begin ] --START--
INFO: Run Behavior\ReadHtmlCacheBehavior [ RunTime:0.000639s ]
INFO: [ app_begin ] --END-- [ RunTime:0.001018s ]

[ 2017-06-03T14:59:02+08:00 ] 127.0.0.1 /Admin/Goods/picDel
INFO: [ app_begin ] --START--
INFO: Run Behavior\ReadHtmlCacheBehavior [ RunTime:0.000661s ]
INFO: [ app_begin ] --END-- [ RunTime:0.001039s ]

[ 2017-06-03T14:59:03+08:00 ] 127.0.0.1 /Admin/Goods/picDel
INFO: [ app_begin ] --START--
INFO: Run Behavior\ReadHtmlCacheBehavior [ RunTime:0.000588s ]
INFO: [ app_begin ] --END-- [ RunTime:0.000991s ]

[ 2017-06-03T14:59:03+08:00 ] 127.0.0.1 /Admin/Goods/picDel
INFO: [ app_begin ] --START--
INFO: Run Behavior\ReadHtmlCacheBehavior [ RunTime:0.000606s ]
INFO: [ app_begin ] --END-- [ RunTime:0.000982s ]

[ 2017-06-03T14:59:03+08:00 ] 127.0.0.1 /Admin/Goods/picDel
INFO: [ app_begin ] --START--
INFO: Run Behavior\ReadHtmlCacheBehavior [ RunTime:0.000586s ]
INFO: [ app_begin ] --END-- [ RunTime:0.000966s ]

[ 2017-06-03T14:59:03+08:00 ] 127.0.0.1 /Admin/Goods/picDel
INFO: [ app_begin ] --START--
INFO: Run Behavior\ReadHtmlCacheBehavior [ RunTime:0.000583s ]
INFO: [ app_begin ] --END-- [ RunTime:0.000984s ]

[ 2017-06-03T14:59:03+08:00 ] 127.0.0.1 /Admin/Goods/picDel
INFO: [ app_begin ] --START--
INFO: Run Behavior\ReadHtmlCacheBehavior [ RunTime:0.000845s ]
INFO: [ app_begin ] --END-- [ RunTime:0.001233s ]

[ 2017-06-03T14:59:04+08:00 ] 127.0.0.1 /Admin/Goods/picDel
INFO: [ app_begin ] --START--
INFO: Run Behavior\ReadHtmlCacheBehavior [ RunTime:0.000582s ]
INFO: [ app_begin ] --END-- [ RunTime:0.000982s ]

[ 2017-06-03T14:59:04+08:00 ] 127.0.0.1 /Admin/Goods/picDel
INFO: [ app_begin ] --START--
INFO: Run Behavior\ReadHtmlCacheBehavior [ RunTime:0.000606s ]
INFO: [ app_begin ] --END-- [ RunTime:0.000988s ]

[ 2017-06-03T14:59:04+08:00 ] 127.0.0.1 /Admin/Goods/picDel
INFO: [ app_begin ] --START--
INFO: Run Behavior\ReadHtmlCacheBehavior [ RunTime:0.000593s ]
INFO: [ app_begin ] --END-- [ RunTime:0.000989s ]

[ 2017-06-03T14:59:05+08:00 ] 127.0.0.1 /Admin/Goods/picDel
INFO: [ app_begin ] --START--
INFO: Run Behavior\ReadHtmlCacheBehavior [ RunTime:0.000606s ]
INFO: [ app_begin ] --END-- [ RunTime:0.000982s ]

[ 2017-06-03T14:59:24+08:00 ] 127.0.0.1 /Admin/Goods/picDel
INFO: [ app_begin ] --START--
INFO: Run Behavior\ReadHtmlCacheBehavior [ RunTime:0.000616s ]
INFO: [ app_begin ] --END-- [ RunTime:0.000995s ]

[ 2017-06-03T15:03:18+08:00 ] 127.0.0.1 /Admin/Goods/delete
INFO: [ app_begin ] --START--
INFO: Run Behavior\ReadHtmlCacheBehavior [ RunTime:0.000588s ]
INFO: [ app_begin ] --END-- [ RunTime:0.001004s ]
SQL: SHOW COLUMNS FROM `tp_goods` [ RunTime:0.0120s ]
SQL: SELECT * FROM `tp_goods` WHERE `id` = 61 LIMIT 1   [ RunTime:0.0004s ]
SQL: UPDATE `tp_goods` SET `goods_status`='1' WHERE `id` = 61 [ RunTime:0.0004s ]

[ 2017-06-03T15:03:18+08:00 ] 127.0.0.1 /Admin/Goods/delete
INFO: [ app_begin ] --START--
INFO: Run Behavior\ReadHtmlCacheBehavior [ RunTime:0.000587s ]
INFO: [ app_begin ] --END-- [ RunTime:0.000982s ]
SQL: SHOW COLUMNS FROM `tp_goods` [ RunTime:0.0691s ]
SQL: SELECT * FROM `tp_goods` WHERE `id` = 61 LIMIT 1   [ RunTime:0.0011s ]
SQL: UPDATE `tp_goods` SET `goods_status`='0' WHERE `id` = 61 [ RunTime:0.0007s ]

[ 2017-06-03T15:03:29+08:00 ] 127.0.0.1 /Admin/Goods/delete
INFO: [ app_begin ] --START--
INFO: Run Behavior\ReadHtmlCacheBehavior [ RunTime:0.000590s ]
INFO: [ app_begin ] --END-- [ RunTime:0.000999s ]
SQL: SHOW COLUMNS FROM `tp_goods` [ RunTime:0.0978s ]
SQL: SELECT * FROM `tp_goods` WHERE `id` = 61 LIMIT 1   [ RunTime:0.0012s ]
SQL: UPDATE `tp_goods` SET `goods_status`='1' WHERE `id` = 61 [ RunTime:0.0009s ]

[ 2017-06-03T15:03:30+08:00 ] 127.0.0.1 /Admin/Goods/delete
INFO: [ app_begin ] --START--
INFO: Run Behavior\ReadHtmlCacheBehavior [ RunTime:0.000611s ]
INFO: [ app_begin ] --END-- [ RunTime:0.000990s ]
SQL: SHOW COLUMNS FROM `tp_goods` [ RunTime:0.0717s ]
SQL: SELECT * FROM `tp_goods` WHERE `id` = 61 LIMIT 1   [ RunTime:0.0012s ]
SQL: UPDATE `tp_goods` SET `goods_status`='0' WHERE `id` = 61 [ RunTime:0.0007s ]

[ 2017-06-03T15:03:30+08:00 ] 127.0.0.1 /Admin/Goods/delete
INFO: [ app_begin ] --START--
INFO: Run Behavior\ReadHtmlCacheBehavior [ RunTime:0.000605s ]
INFO: [ app_begin ] --END-- [ RunTime:0.000985s ]
SQL: SHOW COLUMNS FROM `tp_goods` [ RunTime:0.0448s ]
SQL: SELECT * FROM `tp_goods` WHERE `id` = 61 LIMIT 1   [ RunTime:0.0004s ]
SQL: UPDATE `tp_goods` SET `goods_status`='1' WHERE `id` = 61 [ RunTime:0.0002s ]

[ 2017-06-03T15:03:30+08:00 ] 127.0.0.1 /Admin/Goods/delete
INFO: [ app_begin ] --START--
INFO: Run Behavior\ReadHtmlCacheBehavior [ RunTime:0.000584s ]
INFO: [ app_begin ] --END-- [ RunTime:0.000963s ]
SQL: SHOW COLUMNS FROM `tp_goods` [ RunTime:0.0194s ]
SQL: SELECT * FROM `tp_goods` WHERE `id` = 61 LIMIT 1   [ RunTime:0.0004s ]
SQL: UPDATE `tp_goods` SET `goods_status`='0' WHERE `id` = 61 [ RunTime:0.0003s ]

[ 2017-06-03T15:03:30+08:00 ] 127.0.0.1 /Admin/Goods/delete
INFO: [ app_begin ] --START--
INFO: Run Behavior\ReadHtmlCacheBehavior [ RunTime:0.000587s ]
INFO: [ app_begin ] --END-- [ RunTime:0.000997s ]
SQL: SHOW COLUMNS FROM `tp_goods` [ RunTime:0.0058s ]
SQL: SELECT * FROM `tp_goods` WHERE `id` = 61 LIMIT 1   [ RunTime:0.0004s ]
SQL: UPDATE `tp_goods` SET `goods_status`='1' WHERE `id` = 61 [ RunTime:0.0003s ]

[ 2017-06-03T15:03:31+08:00 ] 127.0.0.1 /Admin/Goods/delete
INFO: [ app_begin ] --START--
INFO: Run Behavior\ReadHtmlCacheBehavior [ RunTime:0.000587s ]
INFO: [ app_begin ] --END-- [ RunTime:0.001021s ]
SQL: SHOW COLUMNS FROM `tp_goods` [ RunTime:0.0110s ]
SQL: SELECT * FROM `tp_goods` WHERE `id` = 61 LIMIT 1   [ RunTime:0.0004s ]
SQL: UPDATE `tp_goods` SET `goods_status`='0' WHERE `id` = 61 [ RunTime:0.0003s ]

[ 2017-06-03T15:03:31+08:00 ] 127.0.0.1 /Admin/Goods/delete
INFO: [ app_begin ] --START--
INFO: Run Behavior\ReadHtmlCacheBehavior [ RunTime:0.000585s ]
INFO: [ app_begin ] --END-- [ RunTime:0.000965s ]
SQL: SHOW COLUMNS FROM `tp_goods` [ RunTime:0.0085s ]
SQL: SELECT * FROM `tp_goods` WHERE `id` = 61 LIMIT 1   [ RunTime:0.0005s ]
SQL: UPDATE `tp_goods` SET `goods_status`='1' WHERE `id` = 61 [ RunTime:0.0003s ]

[ 2017-06-03T15:03:31+08:00 ] 127.0.0.1 /Admin/Goods/delete
INFO: [ app_begin ] --START--
INFO: Run Behavior\ReadHtmlCacheBehavior [ RunTime:0.000674s ]
INFO: [ app_begin ] --END-- [ RunTime:0.001172s ]
SQL: SHOW COLUMNS FROM `tp_goods` [ RunTime:0.0150s ]
SQL: SELECT * FROM `tp_goods` WHERE `id` = 61 LIMIT 1   [ RunTime:0.0004s ]
SQL: UPDATE `tp_goods` SET `goods_status`='0' WHERE `id` = 61 [ RunTime:0.0003s ]

[ 2017-06-03T15:03:31+08:00 ] 127.0.0.1 /Admin/Goods/delete
INFO: [ app_begin ] --START--
INFO: Run Behavior\ReadHtmlCacheBehavior [ RunTime:0.000602s ]
INFO: [ app_begin ] --END-- [ RunTime:0.001036s ]
SQL: SHOW COLUMNS FROM `tp_goods` [ RunTime:0.0058s ]
SQL: SELECT * FROM `tp_goods` WHERE `id` = 61 LIMIT 1   [ RunTime:0.0005s ]
SQL: UPDATE `tp_goods` SET `goods_status`='1' WHERE `id` = 61 [ RunTime:0.0003s ]

[ 2017-06-03T15:03:32+08:00 ] 127.0.0.1 /Admin/Goods/delete
INFO: [ app_begin ] --START--
INFO: Run Behavior\ReadHtmlCacheBehavior [ RunTime:0.000597s ]
INFO: [ app_begin ] --END-- [ RunTime:0.001055s ]
SQL: SHOW COLUMNS FROM `tp_goods` [ RunTime:0.0116s ]
SQL: SELECT * FROM `tp_goods` WHERE `id` = 61 LIMIT 1   [ RunTime:0.0004s ]
SQL: UPDATE `tp_goods` SET `goods_status`='0' WHERE `id` = 61 [ RunTime:0.0003s ]

[ 2017-06-03T15:03:32+08:00 ] 127.0.0.1 /Admin/Goods/delete
INFO: [ app_begin ] --START--
INFO: Run Behavior\ReadHtmlCacheBehavior [ RunTime:0.000582s ]
INFO: [ app_begin ] --END-- [ RunTime:0.000966s ]
SQL: SHOW COLUMNS FROM `tp_goods` [ RunTime:0.0056s ]
SQL: SELECT * FROM `tp_goods` WHERE `id` = 61 LIMIT 1   [ RunTime:0.0004s ]
SQL: UPDATE `tp_goods` SET `goods_status`='1' WHERE `id` = 61 [ RunTime:0.0002s ]

[ 2017-06-03T15:03:32+08:00 ] 127.0.0.1 /Admin/Goods/delete
INFO: [ app_begin ] --START--
INFO: Run Behavior\ReadHtmlCacheBehavior [ RunTime:0.000593s ]
INFO: [ app_begin ] --END-- [ RunTime:0.001003s ]
SQL: SHOW COLUMNS FROM `tp_goods` [ RunTime:0.0368s ]
SQL: SELECT * FROM `tp_goods` WHERE `id` = 61 LIMIT 1   [ RunTime:0.0004s ]
SQL: UPDATE `tp_goods` SET `goods_status`='0' WHERE `id` = 61 [ RunTime:0.0002s ]

[ 2017-06-03T15:03:46+08:00 ] 127.0.0.1 /Admin/Goods/delete
INFO: [ app_begin ] --START--
INFO: Run Behavior\ReadHtmlCacheBehavior [ RunTime:0.000877s ]
INFO: [ app_begin ] --END-- [ RunTime:0.001456s ]
SQL: SHOW COLUMNS FROM `tp_goods` [ RunTime:0.0117s ]
SQL: SELECT * FROM `tp_goods` WHERE `id` = 61 LIMIT 1   [ RunTime:0.0004s ]
SQL: UPDATE `tp_goods` SET `goods_status`='1' WHERE `id` = 61 [ RunTime:0.0003s ]

[ 2017-06-03T15:03:52+08:00 ] 127.0.0.1 /Admin/Goods/delete
INFO: [ app_begin ] --START--
INFO: Run Behavior\ReadHtmlCacheBehavior [ RunTime:0.000583s ]
INFO: [ app_begin ] --END-- [ RunTime:0.001000s ]
SQL: SHOW COLUMNS FROM `tp_goods` [ RunTime:0.0124s ]
SQL: SELECT * FROM `tp_goods` WHERE `id` = 62 LIMIT 1   [ RunTime:0.0004s ]
SQL: UPDATE `tp_goods` SET `goods_status`='0' WHERE `id` = 62 [ RunTime:0.0003s ]

[ 2017-06-03T15:03:53+08:00 ] 127.0.0.1 /Admin/Goods/delete
INFO: [ app_begin ] --START--
INFO: Run Behavior\ReadHtmlCacheBehavior [ RunTime:0.000934s ]
INFO: [ app_begin ] --END-- [ RunTime:0.001533s ]
SQL: SHOW COLUMNS FROM `tp_goods` [ RunTime:0.0122s ]
SQL: SELECT * FROM `tp_goods` WHERE `id` = 62 LIMIT 1   [ RunTime:0.0005s ]
SQL: UPDATE `tp_goods` SET `goods_status`='1' WHERE `id` = 62 [ RunTime:0.0003s ]

[ 2017-06-03T15:03:53+08:00 ] 127.0.0.1 /Admin/Goods/delete
INFO: [ app_begin ] --START--
INFO: Run Behavior\ReadHtmlCacheBehavior [ RunTime:0.000585s ]
INFO: [ app_begin ] --END-- [ RunTime:0.000992s ]
SQL: SHOW COLUMNS FROM `tp_goods` [ RunTime:0.0057s ]
SQL: SELECT * FROM `tp_goods` WHERE `id` = 62 LIMIT 1   [ RunTime:0.0005s ]
SQL: UPDATE `tp_goods` SET `goods_status`='0' WHERE `id` = 62 [ RunTime:0.0003s ]

[ 2017-06-03T15:03:53+08:00 ] 127.0.0.1 /Admin/Goods/delete
INFO: [ app_begin ] --START--
INFO: Run Behavior\ReadHtmlCacheBehavior [ RunTime:0.000620s ]
INFO: [ app_begin ] --END-- [ RunTime:0.001016s ]
SQL: SHOW COLUMNS FROM `tp_goods` [ RunTime:0.0059s ]
SQL: SELECT * FROM `tp_goods` WHERE `id` = 62 LIMIT 1   [ RunTime:0.0004s ]
SQL: UPDATE `tp_goods` SET `goods_status`='1' WHERE `id` = 62 [ RunTime:0.0003s ]

[ 2017-06-03T15:03:53+08:00 ] 127.0.0.1 /Admin/Goods/delete
INFO: [ app_begin ] --START--
INFO: Run Behavior\ReadHtmlCacheBehavior [ RunTime:0.000632s ]
INFO: [ app_begin ] --END-- [ RunTime:0.001069s ]
SQL: SHOW COLUMNS FROM `tp_goods` [ RunTime:0.0059s ]
SQL: SELECT * FROM `tp_goods` WHERE `id` = 62 LIMIT 1   [ RunTime:0.0005s ]
SQL: UPDATE `tp_goods` SET `goods_status`='0' WHERE `id` = 62 [ RunTime:0.0003s ]

[ 2017-06-03T15:03:54+08:00 ] 127.0.0.1 /Admin/Goods/delete
INFO: [ app_begin ] --START--
INFO: Run Behavior\ReadHtmlCacheBehavior [ RunTime:0.000749s ]
INFO: [ app_begin ] --END-- [ RunTime:0.001133s ]
SQL: SHOW COLUMNS FROM `tp_goods` [ RunTime:0.0114s ]
SQL: SELECT * FROM `tp_goods` WHERE `id` = 62 LIMIT 1   [ RunTime:0.0004s ]
SQL: UPDATE `tp_goods` SET `goods_status`='1' WHERE `id` = 62 [ RunTime:0.0003s ]

[ 2017-06-03T15:03:55+08:00 ] 127.0.0.1 /Admin/Goods/delete
INFO: [ app_begin ] --START--
INFO: Run Behavior\ReadHtmlCacheBehavior [ RunTime:0.000609s ]
INFO: [ app_begin ] --END-- [ RunTime:0.000995s ]
SQL: SHOW COLUMNS FROM `tp_goods` [ RunTime:0.0564s ]
SQL: SELECT * FROM `tp_goods` WHERE `id` = 62 LIMIT 1   [ RunTime:0.0004s ]
SQL: UPDATE `tp_goods` SET `goods_status`='0' WHERE `id` = 62 [ RunTime:0.0002s ]

[ 2017-06-03T15:03:55+08:00 ] 127.0.0.1 /Admin/Goods/delete
INFO: [ app_begin ] --START--
INFO: Run Behavior\ReadHtmlCacheBehavior [ RunTime:0.000605s ]
INFO: [ app_begin ] --END-- [ RunTime:0.000984s ]
SQL: SHOW COLUMNS FROM `tp_goods` [ RunTime:0.0110s ]
SQL: SELECT * FROM `tp_goods` WHERE `id` = 61 LIMIT 1   [ RunTime:0.0004s ]
SQL: UPDATE `tp_goods` SET `goods_status`='0' WHERE `id` = 61 [ RunTime:0.0002s ]

[ 2017-06-03T15:03:56+08:00 ] 127.0.0.1 /Admin/Goods/delete
INFO: [ app_begin ] --START--
INFO: Run Behavior\ReadHtmlCacheBehavior [ RunTime:0.000621s ]
INFO: [ app_begin ] --END-- [ RunTime:0.001017s ]
SQL: SHOW COLUMNS FROM `tp_goods` [ RunTime:0.1050s ]
SQL: SELECT * FROM `tp_goods` WHERE `id` = 61 LIMIT 1   [ RunTime:0.0011s ]
SQL: UPDATE `tp_goods` SET `goods_status`='1' WHERE `id` = 61 [ RunTime:0.0007s ]

[ 2017-06-03T15:04:03+08:00 ] 127.0.0.1 /Admin/Goods/delete
INFO: [ app_begin ] --START--
INFO: Run Behavior\ReadHtmlCacheBehavior [ RunTime:0.000616s ]
INFO: [ app_begin ] --END-- [ RunTime:0.000994s ]
SQL: SHOW COLUMNS FROM `tp_goods` [ RunTime:0.0591s ]
SQL: SELECT * FROM `tp_goods` WHERE `id` = 61 LIMIT 1   [ RunTime:0.0004s ]
SQL: UPDATE `tp_goods` SET `goods_status`='0' WHERE `id` = 61 [ RunTime:0.0003s ]

[ 2017-06-03T15:04:03+08:00 ] 127.0.0.1 /Admin/Goods/delete
INFO: [ app_begin ] --START--
INFO: Run Behavior\ReadHtmlCacheBehavior [ RunTime:0.000607s ]
INFO: [ app_begin ] --END-- [ RunTime:0.000994s ]
SQL: SHOW COLUMNS FROM `tp_goods` [ RunTime:0.0060s ]
SQL: SELECT * FROM `tp_goods` WHERE `id` = 61 LIMIT 1   [ RunTime:0.0004s ]
SQL: UPDATE `tp_goods` SET `goods_status`='1' WHERE `id` = 61 [ RunTime:0.0003s ]

[ 2017-06-03T15:04:03+08:00 ] 127.0.0.1 /Admin/Goods/delete
INFO: [ app_begin ] --START--
INFO: Run Behavior\ReadHtmlCacheBehavior [ RunTime:0.000603s ]
INFO: [ app_begin ] --END-- [ RunTime:0.000984s ]
SQL: SHOW COLUMNS FROM `tp_goods` [ RunTime:0.0058s ]
SQL: SELECT * FROM `tp_goods` WHERE `id` = 61 LIMIT 1   [ RunTime:0.0004s ]
SQL: UPDATE `tp_goods` SET `goods_status`='0' WHERE `id` = 61 [ RunTime:0.0002s ]

[ 2017-06-03T15:04:04+08:00 ] 127.0.0.1 /Admin/Goods/delete
INFO: [ app_begin ] --START--
INFO: Run Behavior\ReadHtmlCacheBehavior [ RunTime:0.000620s ]
INFO: [ app_begin ] --END-- [ RunTime:0.001181s ]
SQL: SHOW COLUMNS FROM `tp_goods` [ RunTime:0.0207s ]
SQL: SELECT * FROM `tp_goods` WHERE `id` = 61 LIMIT 1   [ RunTime:0.0004s ]
SQL: UPDATE `tp_goods` SET `goods_status`='1' WHERE `id` = 61 [ RunTime:0.0003s ]

[ 2017-06-03T15:04:04+08:00 ] 127.0.0.1 /Admin/Goods/delete
INFO: [ app_begin ] --START--
INFO: Run Behavior\ReadHtmlCacheBehavior [ RunTime:0.000596s ]
INFO: [ app_begin ] --END-- [ RunTime:0.001053s ]
SQL: SHOW COLUMNS FROM `tp_goods` [ RunTime:0.0152s ]
SQL: SELECT * FROM `tp_goods` WHERE `id` = 61 LIMIT 1   [ RunTime:0.0004s ]
SQL: UPDATE `tp_goods` SET `goods_status`='0' WHERE `id` = 61 [ RunTime:0.0003s ]

[ 2017-06-03T15:04:05+08:00 ] 127.0.0.1 /Admin/Goods/delete
INFO: [ app_begin ] --START--
INFO: Run Behavior\ReadHtmlCacheBehavior [ RunTime:0.000753s ]
INFO: [ app_begin ] --END-- [ RunTime:0.001257s ]
SQL: SHOW COLUMNS FROM `tp_goods` [ RunTime:0.0611s ]
SQL: SELECT * FROM `tp_goods` WHERE `id` = 62 LIMIT 1   [ RunTime:0.0004s ]
SQL: UPDATE `tp_goods` SET `goods_status`='1' WHERE `id` = 62 [ RunTime:0.0003s ]

[ 2017-06-03T15:04:05+08:00 ] 127.0.0.1 /Admin/Goods/delete
INFO: [ app_begin ] --START--
INFO: Run Behavior\ReadHtmlCacheBehavior [ RunTime:0.000590s ]
INFO: [ app_begin ] --END-- [ RunTime:0.001003s ]
SQL: SHOW COLUMNS FROM `tp_goods` [ RunTime:0.0175s ]
SQL: SELECT * FROM `tp_goods` WHERE `id` = 62 LIMIT 1   [ RunTime:0.0004s ]
SQL: UPDATE `tp_goods` SET `goods_status`='0' WHERE `id` = 62 [ RunTime:0.0003s ]

[ 2017-06-03T15:04:05+08:00 ] 127.0.0.1 /Admin/Goods/delete
INFO: [ app_begin ] --START--
INFO: Run Behavior\ReadHtmlCacheBehavior [ RunTime:0.000643s ]
INFO: [ app_begin ] --END-- [ RunTime:0.001087s ]
SQL: SHOW COLUMNS FROM `tp_goods` [ RunTime:0.0154s ]
SQL: SELECT * FROM `tp_goods` WHERE `id` = 62 LIMIT 1   [ RunTime:0.0004s ]
SQL: UPDATE `tp_goods` SET `goods_status`='1' WHERE `id` = 62 [ RunTime:0.0003s ]

[ 2017-06-03T15:04:06+08:00 ] 127.0.0.1 /Admin/Goods/delete
INFO: [ app_begin ] --START--
INFO: Run Behavior\ReadHtmlCacheBehavior [ RunTime:0.000589s ]
INFO: [ app_begin ] --END-- [ RunTime:0.001007s ]
SQL: SHOW COLUMNS FROM `tp_goods` [ RunTime:0.0672s ]
SQL: SELECT * FROM `tp_goods` WHERE `id` = 62 LIMIT 1   [ RunTime:0.0022s ]
SQL: UPDATE `tp_goods` SET `goods_status`='0' WHERE `id` = 62 [ RunTime:0.0013s ]

[ 2017-06-03T15:04:06+08:00 ] 127.0.0.1 /Admin/Goods/delete
INFO: [ app_begin ] --START--
INFO: Run Behavior\ReadHtmlCacheBehavior [ RunTime:0.000601s ]
INFO: [ app_begin ] --END-- [ RunTime:0.001093s ]
SQL: SHOW COLUMNS FROM `tp_goods` [ RunTime:0.0122s ]
SQL: SELECT * FROM `tp_goods` WHERE `id` = 62 LIMIT 1   [ RunTime:0.0005s ]
SQL: UPDATE `tp_goods` SET `goods_status`='1' WHERE `id` = 62 [ RunTime:0.0003s ]

[ 2017-06-03T15:04:06+08:00 ] 127.0.0.1 /Admin/Goods/delete
INFO: [ app_begin ] --START--
INFO: Run Behavior\ReadHtmlCacheBehavior [ RunTime:0.000591s ]
INFO: [ app_begin ] --END-- [ RunTime:0.000978s ]
SQL: SHOW COLUMNS FROM `tp_goods` [ RunTime:0.0063s ]
SQL: SELECT * FROM `tp_goods` WHERE `id` = 62 LIMIT 1   [ RunTime:0.0004s ]
SQL: UPDATE `tp_goods` SET `goods_status`='0' WHERE `id` = 62 [ RunTime:0.0003s ]

[ 2017-06-03T15:07:00+08:00 ] 127.0.0.1 /Admin/Goods/picDel
INFO: [ app_begin ] --START--
INFO: Run Behavior\ReadHtmlCacheBehavior [ RunTime:0.000598s ]
INFO: [ app_begin ] --END-- [ RunTime:0.001041s ]
SQL: SHOW COLUMNS FROM `tp_pic` [ RunTime:0.0619s ]
SQL: DELETE FROM `tp_pic` WHERE `id` = 29 [ RunTime:0.0639s ]

[ 2017-06-03T15:07:01+08:00 ] 127.0.0.1 /Admin/Goods/picDel
INFO: [ app_begin ] --START--
INFO: Run Behavior\ReadHtmlCacheBehavior [ RunTime:0.001009s ]
INFO: [ app_begin ] --END-- [ RunTime:0.001660s ]
SQL: SHOW COLUMNS FROM `tp_pic` [ RunTime:0.0134s ]
SQL: DELETE FROM `tp_pic` WHERE `id` = 29 [ RunTime:0.0002s ]

[ 2017-06-03T15:07:01+08:00 ] 127.0.0.1 /Admin/Goods/picDel
INFO: [ app_begin ] --START--
INFO: Run Behavior\ReadHtmlCacheBehavior [ RunTime:0.001470s ]
INFO: [ app_begin ] --END-- [ RunTime:0.002300s ]
SQL: SHOW COLUMNS FROM `tp_pic` [ RunTime:0.0153s ]
SQL: DELETE FROM `tp_pic` WHERE `id` = 29 [ RunTime:0.0003s ]

[ 2017-06-03T15:07:01+08:00 ] 127.0.0.1 /Admin/Goods/picDel
INFO: [ app_begin ] --START--
INFO: Run Behavior\ReadHtmlCacheBehavior [ RunTime:0.000588s ]
INFO: [ app_begin ] --END-- [ RunTime:0.000974s ]
SQL: SHOW COLUMNS FROM `tp_pic` [ RunTime:0.0130s ]
SQL: DELETE FROM `tp_pic` WHERE `id` = 29 [ RunTime:0.0002s ]

[ 2017-06-03T15:07:01+08:00 ] 127.0.0.1 /Admin/Goods/picDel
INFO: [ app_begin ] --START--
INFO: Run Behavior\ReadHtmlCacheBehavior [ RunTime:0.000590s ]
INFO: [ app_begin ] --END-- [ RunTime:0.001020s ]
SQL: SHOW COLUMNS FROM `tp_pic` [ RunTime:0.0163s ]
SQL: DELETE FROM `tp_pic` WHERE `id` = 29 [ RunTime:0.0002s ]

[ 2017-06-03T15:07:16+08:00 ] 127.0.0.1 /Admin/Goods/picDel
INFO: [ app_begin ] --START--
INFO: Run Behavior\ReadHtmlCacheBehavior [ RunTime:0.000617s ]
INFO: [ app_begin ] --END-- [ RunTime:0.000992s ]
SQL: SHOW COLUMNS FROM `tp_pic` [ RunTime:0.0389s ]
SQL: DELETE FROM `tp_pic` WHERE `id` = 29 [ RunTime:0.0003s ]

[ 2017-06-03T15:11:27+08:00 ] 127.0.0.1 /Admin/Goods/picDel
INFO: [ app_begin ] --START--
INFO: Run Behavior\ReadHtmlCacheBehavior [ RunTime:0.000654s ]
INFO: [ app_begin ] --END-- [ RunTime:0.001054s ]
SQL: SHOW COLUMNS FROM `tp_pic` [ RunTime:0.0116s ]
SQL: DELETE FROM `tp_pic` WHERE `id` = 30 [ RunTime:0.0838s ]

[ 2017-06-03T15:11:49+08:00 ] 127.0.0.1 /Admin/Goods/picDel
INFO: [ app_begin ] --START--
INFO: Run Behavior\ReadHtmlCacheBehavior [ RunTime:0.001097s ]
INFO: [ app_begin ] --END-- [ RunTime:0.001637s ]
SQL: SHOW COLUMNS FROM `tp_pic` [ RunTime:0.0709s ]
SQL: DELETE FROM `tp_pic` WHERE `id` = 22 [ RunTime:0.0431s ]

[ 2017-06-03T15:12:43+08:00 ] 127.0.0.1 /Admin/Goods/picDel
INFO: [ app_begin ] --START--
INFO: Run Behavior\ReadHtmlCacheBehavior [ RunTime:0.001044s ]
INFO: [ app_begin ] --END-- [ RunTime:0.001622s ]
SQL: SHOW COLUMNS FROM `tp_pic` [ RunTime:0.0120s ]
SQL: DELETE FROM `tp_pic` WHERE `id` = 23 [ RunTime:0.0782s ]

[ 2017-06-03T15:14:58+08:00 ] 127.0.0.1 /Admin/Goods/picDel
INFO: [ app_begin ] --START--
INFO: Run Behavior\ReadHtmlCacheBehavior [ RunTime:0.000533s ]
INFO: [ app_begin ] --END-- [ RunTime:0.000936s ]
SQL: SHOW COLUMNS FROM `tp_pic` [ RunTime:0.0109s ]
SQL: DELETE FROM `tp_pic` WHERE `id` = 27 [ RunTime:0.0925s ]

[ 2017-06-03T15:15:23+08:00 ] 127.0.0.1 /Admin/Goods/picDel
INFO: [ app_begin ] --START--
INFO: Run Behavior\ReadHtmlCacheBehavior [ RunTime:0.000637s ]
INFO: [ app_begin ] --END-- [ RunTime:0.001005s ]
SQL: SHOW COLUMNS FROM `tp_pic` [ RunTime:0.0481s ]
SQL: DELETE FROM `tp_pic` WHERE `id` = 31 [ RunTime:0.0689s ]

[ 2017-06-03T15:16:20+08:00 ] 127.0.0.1 /Admin/Goods/picDel
INFO: [ app_begin ] --START--
INFO: Run Behavior\ReadHtmlCacheBehavior [ RunTime:0.000953s ]
INFO: [ app_begin ] --END-- [ RunTime:0.001333s ]
SQL: SHOW COLUMNS FROM `tp_pic` [ RunTime:0.0133s ]
SQL: DELETE FROM `tp_pic` WHERE `id` = 24 [ RunTime:0.0863s ]

[ 2017-06-03T15:17:44+08:00 ] 127.0.0.1 /Admin/Goods/picDel
INFO: [ app_begin ] --START--
INFO: Run Behavior\ReadHtmlCacheBehavior [ RunTime:0.000587s ]
INFO: [ app_begin ] --END-- [ RunTime:0.000989s ]
SQL: SHOW COLUMNS FROM `tp_pic` [ RunTime:0.0118s ]
SQL: DELETE FROM `tp_pic` WHERE `id` = 25 [ RunTime:0.0826s ]

[ 2017-06-03T15:21:54+08:00 ] 127.0.0.1 /Admin/Goods/picDel
INFO: [ app_begin ] --START--
INFO: Run Behavior\ReadHtmlCacheBehavior [ RunTime:0.000621s ]
INFO: [ app_begin ] --END-- [ RunTime:0.001041s ]
SQL: SHOW COLUMNS FROM `tp_pic` [ RunTime:0.0336s ]
SQL: DELETE FROM `tp_pic` WHERE `id` = 26 [ RunTime:0.0600s ]

[ 2017-06-03T15:22:23+08:00 ] 127.0.0.1 /Admin/Goods/picDel
INFO: [ app_begin ] --START--
INFO: Run Behavior\ReadHtmlCacheBehavior [ RunTime:0.000727s ]
INFO: [ app_begin ] --END-- [ RunTime:0.001303s ]
SQL: SHOW COLUMNS FROM `tp_pic` [ RunTime:0.0115s ]
SQL: DELETE FROM `tp_pic` WHERE `id` = 36 [ RunTime:0.0743s ]

[ 2017-06-03T15:22:23+08:00 ] 127.0.0.1 /Admin/Goods/picDel
INFO: [ app_begin ] --START--
INFO: Run Behavior\ReadHtmlCacheBehavior [ RunTime:0.000618s ]
INFO: [ app_begin ] --END-- [ RunTime:0.001024s ]
SQL: SHOW COLUMNS FROM `tp_pic` [ RunTime:0.0058s ]
SQL: DELETE FROM `tp_pic` WHERE `id` = 35 [ RunTime:0.0562s ]

