[ 2017-06-06T00:36:36+08:00 ] 127.0.0.1 /Admin/Attribute/attr_list.html
ERR: 模板不存在:./Application/Admin/View/Attribute/attr_data.html

[ 2017-06-06T09:48:13+08:00 ] 127.0.0.1 /Admin/Goods/Attribute/get_attr
INFO: [ app_begin ] --START--
INFO: Run Behavior\ReadHtmlCacheBehavior [ RunTime:0.000551s ]
INFO: [ app_begin ] --END-- [ RunTime:0.000950s ]
ERR: 非法操作:Attribute

[ 2017-06-06T09:48:19+08:00 ] 127.0.0.1 /Admin/Goods/Attribute/get_attr
INFO: [ app_begin ] --START--
INFO: Run Behavior\ReadHtmlCacheBehavior [ RunTime:0.001140s ]
INFO: [ app_begin ] --END-- [ RunTime:0.001703s ]
ERR: 非法操作:Attribute

[ 2017-06-06T09:50:10+08:00 ] 127.0.0.1 /Admin/Attribute/get_attr.html
INFO: [ app_begin ] --START--
INFO: Run Behavior\ReadHtmlCacheBehavior [ RunTime:0.000670s ]
INFO: [ app_begin ] --END-- [ RunTime:0.001306s ]
SQL: SHOW COLUMNS FROM `tp_cate` [ RunTime:0.0521s ]
SQL: SHOW COLUMNS FROM `tp_attribute` [ RunTime:0.0114s ]
SQL: SELECT * FROM `tp_attribute` WHERE ( cate_id=1 )  [ RunTime:0.0004s ]

[ 2017-06-06T10:14:17+08:00 ] 127.0.0.1 /Admin/Attribute/get_attr.html
INFO: [ app_begin ] --START--
INFO: Run Behavior\ReadHtmlCacheBehavior [ RunTime:0.000518s ]
INFO: [ app_begin ] --END-- [ RunTime:0.000890s ]
SQL: SHOW COLUMNS FROM `tp_cate` [ RunTime:0.0119s ]
SQL: SHOW COLUMNS FROM `tp_attribute` [ RunTime:0.0089s ]
SQL: SELECT * FROM `tp_attribute` WHERE ( cate_id=1 )  [ RunTime:0.0003s ]

[ 2017-06-06T10:14:34+08:00 ] 127.0.0.1 /Admin/Attribute/get_attr.html
INFO: [ app_begin ] --START--
INFO: Run Behavior\ReadHtmlCacheBehavior [ RunTime:0.001317s ]
INFO: [ app_begin ] --END-- [ RunTime:0.001948s ]
SQL: SHOW COLUMNS FROM `tp_cate` [ RunTime:0.0222s ]
SQL: SHOW COLUMNS FROM `tp_attribute` [ RunTime:0.0090s ]
SQL: SELECT * FROM `tp_attribute` WHERE ( cate_id=2 )  [ RunTime:0.0003s ]

[ 2017-06-06T10:14:57+08:00 ] 127.0.0.1 /Admin/Attribute/get_attr.html
INFO: [ app_begin ] --START--
INFO: Run Behavior\ReadHtmlCacheBehavior [ RunTime:0.000553s ]
INFO: [ app_begin ] --END-- [ RunTime:0.000951s ]
SQL: SHOW COLUMNS FROM `tp_cate` [ RunTime:0.0124s ]
SQL: SHOW COLUMNS FROM `tp_attribute` [ RunTime:0.0093s ]
SQL: SELECT * FROM `tp_attribute` WHERE ( cate_id=1 )  [ RunTime:0.0004s ]

[ 2017-06-06T10:16:04+08:00 ] 127.0.0.1 /Admin/Attribute/get_attr.html
INFO: [ app_begin ] --START--
INFO: Run Behavior\ReadHtmlCacheBehavior [ RunTime:0.000546s ]
INFO: [ app_begin ] --END-- [ RunTime:0.000911s ]
SQL: SHOW COLUMNS FROM `tp_cate` [ RunTime:0.0124s ]
SQL: SHOW COLUMNS FROM `tp_attribute` [ RunTime:0.0084s ]
SQL: SELECT * FROM `tp_attribute` WHERE ( cate_id=1 )  [ RunTime:0.0004s ]

[ 2017-06-06T10:17:24+08:00 ] 127.0.0.1 /Admin/Attribute/get_attr.html
INFO: [ app_begin ] --START--
INFO: Run Behavior\ReadHtmlCacheBehavior [ RunTime:0.000593s ]
INFO: [ app_begin ] --END-- [ RunTime:0.001065s ]
SQL: SHOW COLUMNS FROM `tp_cate` [ RunTime:0.0124s ]
SQL: SHOW COLUMNS FROM `tp_attribute` [ RunTime:0.0154s ]
SQL: SELECT * FROM `tp_attribute` WHERE ( cate_id=1 )  [ RunTime:0.0004s ]

[ 2017-06-06T10:18:16+08:00 ] 127.0.0.1 /Admin/Attribute/get_attr.html
INFO: [ app_begin ] --START--
INFO: Run Behavior\ReadHtmlCacheBehavior [ RunTime:0.000557s ]
INFO: [ app_begin ] --END-- [ RunTime:0.000933s ]
SQL: SHOW COLUMNS FROM `tp_cate` [ RunTime:0.0126s ]
SQL: SHOW COLUMNS FROM `tp_attribute` [ RunTime:0.0086s ]
SQL: SELECT * FROM `tp_attribute` WHERE ( cate_id=1 )  [ RunTime:0.0003s ]

[ 2017-06-06T10:19:16+08:00 ] 127.0.0.1 /Admin/Attribute/get_attr.html
INFO: [ app_begin ] --START--
INFO: Run Behavior\ReadHtmlCacheBehavior [ RunTime:0.000558s ]
INFO: [ app_begin ] --END-- [ RunTime:0.000925s ]
SQL: SHOW COLUMNS FROM `tp_cate` [ RunTime:0.0110s ]
SQL: SHOW COLUMNS FROM `tp_attribute` [ RunTime:0.0098s ]
SQL: SELECT * FROM `tp_attribute` WHERE ( cate_id=1 )  [ RunTime:0.0004s ]

[ 2017-06-06T10:20:24+08:00 ] 127.0.0.1 /Admin/Attribute/get_attr.html
INFO: [ app_begin ] --START--
INFO: Run Behavior\ReadHtmlCacheBehavior [ RunTime:0.000521s ]
INFO: [ app_begin ] --END-- [ RunTime:0.000918s ]
SQL: SHOW COLUMNS FROM `tp_cate` [ RunTime:0.0141s ]
SQL: SHOW COLUMNS FROM `tp_attribute` [ RunTime:0.0106s ]
SQL: SELECT * FROM `tp_attribute` WHERE ( cate_id=1 )  [ RunTime:0.0004s ]

[ 2017-06-06T10:20:33+08:00 ] 127.0.0.1 /Admin/Attribute/get_attr.html
INFO: [ app_begin ] --START--
INFO: Run Behavior\ReadHtmlCacheBehavior [ RunTime:0.000653s ]
INFO: [ app_begin ] --END-- [ RunTime:0.001277s ]
SQL: SHOW COLUMNS FROM `tp_cate` [ RunTime:0.0111s ]
SQL: SHOW COLUMNS FROM `tp_attribute` [ RunTime:0.0093s ]
SQL: SELECT * FROM `tp_attribute` WHERE ( cate_id=2 )  [ RunTime:0.0004s ]

[ 2017-06-06T10:22:57+08:00 ] 127.0.0.1 /Admin/Attribute/get_attr.html
INFO: [ app_begin ] --START--
INFO: Run Behavior\ReadHtmlCacheBehavior [ RunTime:0.000491s ]
INFO: [ app_begin ] --END-- [ RunTime:0.000879s ]
SQL: SHOW COLUMNS FROM `tp_cate` [ RunTime:0.0190s ]
SQL: SHOW COLUMNS FROM `tp_attribute` [ RunTime:0.0126s ]
SQL: SELECT * FROM `tp_attribute` WHERE ( cate_id=1 )  [ RunTime:0.0004s ]

[ 2017-06-06T10:35:41+08:00 ] 127.0.0.1 /Admin/Attribute/get_attr.html
INFO: [ app_begin ] --START--
INFO: Run Behavior\ReadHtmlCacheBehavior [ RunTime:0.000405s ]
INFO: [ app_begin ] --END-- [ RunTime:0.000750s ]
SQL: SHOW COLUMNS FROM `tp_cate` [ RunTime:0.0112s ]
SQL: SHOW COLUMNS FROM `tp_attribute` [ RunTime:0.0095s ]
SQL: SELECT * FROM `tp_attribute` WHERE ( cate_id=1 )  [ RunTime:0.0004s ]

[ 2017-06-06T10:39:15+08:00 ] 127.0.0.1 /Admin/Attribute/get_attr.html
INFO: [ app_begin ] --START--
INFO: Run Behavior\ReadHtmlCacheBehavior [ RunTime:0.000541s ]
INFO: [ app_begin ] --END-- [ RunTime:0.000922s ]
SQL: SHOW COLUMNS FROM `tp_cate` [ RunTime:0.0125s ]
SQL: SHOW COLUMNS FROM `tp_attribute` [ RunTime:0.0125s ]
SQL: SELECT * FROM `tp_attribute` WHERE ( cate_id=1 )  [ RunTime:0.0004s ]

[ 2017-06-06T10:39:17+08:00 ] 127.0.0.1 /Admin/Attribute/get_attr.html
INFO: [ app_begin ] --START--
INFO: Run Behavior\ReadHtmlCacheBehavior [ RunTime:0.000872s ]
INFO: [ app_begin ] --END-- [ RunTime:0.001554s ]
SQL: SHOW COLUMNS FROM `tp_cate` [ RunTime:0.0169s ]
SQL: SHOW COLUMNS FROM `tp_attribute` [ RunTime:0.0124s ]
SQL: SELECT * FROM `tp_attribute` WHERE ( cate_id=2 )  [ RunTime:0.0005s ]

[ 2017-06-06T10:40:03+08:00 ] 127.0.0.1 /Admin/Attribute/get_attr.html
INFO: [ app_begin ] --START--
INFO: Run Behavior\ReadHtmlCacheBehavior [ RunTime:0.000561s ]
INFO: [ app_begin ] --END-- [ RunTime:0.000941s ]
SQL: SHOW COLUMNS FROM `tp_cate` [ RunTime:0.0368s ]
SQL: SHOW COLUMNS FROM `tp_attribute` [ RunTime:0.0081s ]
SQL: SELECT * FROM `tp_attribute` WHERE ( cate_id=1 )  [ RunTime:0.0004s ]

[ 2017-06-06T10:40:05+08:00 ] 127.0.0.1 /Admin/Attribute/get_attr.html
INFO: [ app_begin ] --START--
INFO: Run Behavior\ReadHtmlCacheBehavior [ RunTime:0.001004s ]
INFO: [ app_begin ] --END-- [ RunTime:0.001744s ]
SQL: SHOW COLUMNS FROM `tp_cate` [ RunTime:0.0120s ]
SQL: SHOW COLUMNS FROM `tp_attribute` [ RunTime:0.0107s ]
SQL: SELECT * FROM `tp_attribute` WHERE ( cate_id=2 )  [ RunTime:0.0003s ]

[ 2017-06-06T10:44:43+08:00 ] 127.0.0.1 /Admin/Attribute/get_attr.html
INFO: [ app_begin ] --START--
INFO: Run Behavior\ReadHtmlCacheBehavior [ RunTime:0.000542s ]
INFO: [ app_begin ] --END-- [ RunTime:0.000894s ]
SQL: SHOW COLUMNS FROM `tp_cate` [ RunTime:0.0112s ]
SQL: SHOW COLUMNS FROM `tp_attribute` [ RunTime:0.0567s ]
SQL: SELECT * FROM `tp_attribute` WHERE ( cate_id=1 )  [ RunTime:0.0004s ]

[ 2017-06-06T10:46:19+08:00 ] 127.0.0.1 /Admin/Attribute/get_attr.html
INFO: [ app_begin ] --START--
INFO: Run Behavior\ReadHtmlCacheBehavior [ RunTime:0.000850s ]
INFO: [ app_begin ] --END-- [ RunTime:0.001703s ]
SQL: SHOW COLUMNS FROM `tp_cate` [ RunTime:0.0127s ]
SQL: SHOW COLUMNS FROM `tp_attribute` [ RunTime:0.0087s ]
SQL: SELECT * FROM `tp_attribute` WHERE ( cate_id=1 )  [ RunTime:0.0005s ]

[ 2017-06-06T10:50:41+08:00 ] 127.0.0.1 /Admin/Attribute/get_attr.html
INFO: [ app_begin ] --START--
INFO: Run Behavior\ReadHtmlCacheBehavior [ RunTime:0.000544s ]
INFO: [ app_begin ] --END-- [ RunTime:0.000918s ]
SQL: SHOW COLUMNS FROM `tp_cate` [ RunTime:0.0114s ]
SQL: SHOW COLUMNS FROM `tp_attribute` [ RunTime:0.0089s ]
SQL: SELECT * FROM `tp_attribute` WHERE ( cate_id=1 )  [ RunTime:0.0004s ]

[ 2017-06-06T10:53:37+08:00 ] 127.0.0.1 /Admin/Attribute/get_attr.html
INFO: [ app_begin ] --START--
INFO: Run Behavior\ReadHtmlCacheBehavior [ RunTime:0.000587s ]
INFO: [ app_begin ] --END-- [ RunTime:0.001056s ]
SQL: SHOW COLUMNS FROM `tp_cate` [ RunTime:0.0143s ]
SQL: SHOW COLUMNS FROM `tp_attribute` [ RunTime:0.0115s ]
SQL: SELECT * FROM `tp_attribute` WHERE ( cate_id=1 )  [ RunTime:0.0004s ]

[ 2017-06-06T10:55:20+08:00 ] 127.0.0.1 /Admin/Attribute/get_attr.html
INFO: [ app_begin ] --START--
INFO: Run Behavior\ReadHtmlCacheBehavior [ RunTime:0.000581s ]
INFO: [ app_begin ] --END-- [ RunTime:0.000995s ]
SQL: SHOW COLUMNS FROM `tp_cate` [ RunTime:0.0131s ]
SQL: SHOW COLUMNS FROM `tp_attribute` [ RunTime:0.0097s ]
SQL: SELECT * FROM `tp_attribute` WHERE ( cate_id=1 )  [ RunTime:0.0005s ]

[ 2017-06-06T10:56:19+08:00 ] 127.0.0.1 /Admin/Attribute/get_attr.html
INFO: [ app_begin ] --START--
INFO: Run Behavior\ReadHtmlCacheBehavior [ RunTime:0.000990s ]
INFO: [ app_begin ] --END-- [ RunTime:0.001695s ]
SQL: SHOW COLUMNS FROM `tp_cate` [ RunTime:0.0129s ]
SQL: SHOW COLUMNS FROM `tp_attribute` [ RunTime:0.0099s ]
SQL: SELECT * FROM `tp_attribute` WHERE ( cate_id=1 )  [ RunTime:0.0003s ]

[ 2017-06-06T11:00:08+08:00 ] 127.0.0.1 /Admin/Attribute/get_attr.html
INFO: [ app_begin ] --START--
INFO: Run Behavior\ReadHtmlCacheBehavior [ RunTime:0.000418s ]
INFO: [ app_begin ] --END-- [ RunTime:0.000825s ]
SQL: SHOW COLUMNS FROM `tp_cate` [ RunTime:0.0117s ]
SQL: SHOW COLUMNS FROM `tp_attribute` [ RunTime:0.0087s ]
SQL: SELECT * FROM `tp_attribute` WHERE ( cate_id=1 )  [ RunTime:0.0003s ]

[ 2017-06-06T11:01:39+08:00 ] 127.0.0.1 /Admin/Attribute/get_attr.html
INFO: [ app_begin ] --START--
INFO: Run Behavior\ReadHtmlCacheBehavior [ RunTime:0.000965s ]
INFO: [ app_begin ] --END-- [ RunTime:0.001458s ]
SQL: SHOW COLUMNS FROM `tp_cate` [ RunTime:0.0113s ]
SQL: SHOW COLUMNS FROM `tp_attribute` [ RunTime:0.0092s ]
SQL: SELECT * FROM `tp_attribute` WHERE ( cate_id=1 )  [ RunTime:0.0004s ]

[ 2017-06-06T11:02:54+08:00 ] 127.0.0.1 /Admin/Attribute/get_attr.html
INFO: [ app_begin ] --START--
INFO: Run Behavior\ReadHtmlCacheBehavior [ RunTime:0.000910s ]
INFO: [ app_begin ] --END-- [ RunTime:0.001778s ]
SQL: SHOW COLUMNS FROM `tp_cate` [ RunTime:0.0120s ]
SQL: SHOW COLUMNS FROM `tp_attribute` [ RunTime:0.0087s ]
SQL: SELECT * FROM `tp_attribute` WHERE ( cate_id=1 )  [ RunTime:0.0003s ]

[ 2017-06-06T11:04:57+08:00 ] 127.0.0.1 /Admin/Attribute/get_attr.html
INFO: [ app_begin ] --START--
INFO: Run Behavior\ReadHtmlCacheBehavior [ RunTime:0.000695s ]
INFO: [ app_begin ] --END-- [ RunTime:0.001321s ]
SQL: SHOW COLUMNS FROM `tp_cate` [ RunTime:0.0116s ]
SQL: SHOW COLUMNS FROM `tp_attribute` [ RunTime:0.0092s ]
SQL: SELECT * FROM `tp_attribute` WHERE ( cate_id=1 )  [ RunTime:0.0004s ]

[ 2017-06-06T11:06:58+08:00 ] 127.0.0.1 /Admin/Attribute/get_attr.html
INFO: [ app_begin ] --START--
INFO: Run Behavior\ReadHtmlCacheBehavior [ RunTime:0.000449s ]
INFO: [ app_begin ] --END-- [ RunTime:0.000874s ]
SQL: SHOW COLUMNS FROM `tp_cate` [ RunTime:0.0110s ]
SQL: SHOW COLUMNS FROM `tp_attribute` [ RunTime:0.0091s ]
SQL: SELECT * FROM `tp_attribute` WHERE ( cate_id=1 )  [ RunTime:0.0004s ]

[ 2017-06-06T11:07:39+08:00 ] 127.0.0.1 /Admin/Attribute/get_attr.html
INFO: [ app_begin ] --START--
INFO: Run Behavior\ReadHtmlCacheBehavior [ RunTime:0.000392s ]
INFO: [ app_begin ] --END-- [ RunTime:0.000816s ]
SQL: SHOW COLUMNS FROM `tp_cate` [ RunTime:0.0115s ]
SQL: SHOW COLUMNS FROM `tp_attribute` [ RunTime:0.0119s ]
SQL: SELECT * FROM `tp_attribute` WHERE ( cate_id=1 )  [ RunTime:0.0004s ]

[ 2017-06-06T11:10:30+08:00 ] 127.0.0.1 /Admin/Attribute/get_attr.html
INFO: [ app_begin ] --START--
INFO: Run Behavior\ReadHtmlCacheBehavior [ RunTime:0.000477s ]
INFO: [ app_begin ] --END-- [ RunTime:0.000912s ]
SQL: SHOW COLUMNS FROM `tp_cate` [ RunTime:0.0121s ]
SQL: SHOW COLUMNS FROM `tp_attribute` [ RunTime:0.0082s ]
SQL: SELECT * FROM `tp_attribute` WHERE ( cate_id=1 )  [ RunTime:0.0004s ]

[ 2017-06-06T11:11:34+08:00 ] 127.0.0.1 /Admin/Attribute/get_attr.html
INFO: [ app_begin ] --START--
INFO: Run Behavior\ReadHtmlCacheBehavior [ RunTime:0.000395s ]
INFO: [ app_begin ] --END-- [ RunTime:0.000759s ]
SQL: SHOW COLUMNS FROM `tp_cate` [ RunTime:0.0123s ]
SQL: SHOW COLUMNS FROM `tp_attribute` [ RunTime:0.0094s ]
SQL: SELECT * FROM `tp_attribute` WHERE ( cate_id=1 )  [ RunTime:0.0004s ]

[ 2017-06-06T11:18:07+08:00 ] 127.0.0.1 /Admin/Attribute/get_attr.html
INFO: [ app_begin ] --START--
INFO: Run Behavior\ReadHtmlCacheBehavior [ RunTime:0.000577s ]
INFO: [ app_begin ] --END-- [ RunTime:0.001021s ]
SQL: SHOW COLUMNS FROM `tp_cate` [ RunTime:0.0121s ]
SQL: SHOW COLUMNS FROM `tp_attribute` [ RunTime:0.0124s ]
SQL: SELECT * FROM `tp_attribute` WHERE ( cate_id=1 )  [ RunTime:0.0004s ]

[ 2017-06-06T11:30:39+08:00 ] 127.0.0.1 /Admin/Attribute/get_attr.html
INFO: [ app_begin ] --START--
INFO: Run Behavior\ReadHtmlCacheBehavior [ RunTime:0.000632s ]
INFO: [ app_begin ] --END-- [ RunTime:0.001136s ]
SQL: SHOW COLUMNS FROM `tp_cate` [ RunTime:0.0126s ]
SQL: SHOW COLUMNS FROM `tp_attribute` [ RunTime:0.0108s ]
SQL: SELECT * FROM `tp_attribute` WHERE ( cate_id=1 )  [ RunTime:0.0003s ]

[ 2017-06-06T11:33:21+08:00 ] 127.0.0.1 /Admin/Attribute/get_attr.html
INFO: [ app_begin ] --START--
INFO: Run Behavior\ReadHtmlCacheBehavior [ RunTime:0.000563s ]
INFO: [ app_begin ] --END-- [ RunTime:0.000997s ]
SQL: SHOW COLUMNS FROM `tp_cate` [ RunTime:0.0122s ]
SQL: SHOW COLUMNS FROM `tp_attribute` [ RunTime:0.0097s ]
SQL: SELECT * FROM `tp_attribute` WHERE ( cate_id=1 )  [ RunTime:0.0003s ]

[ 2017-06-06T11:35:22+08:00 ] 127.0.0.1 /Admin/Attribute/get_attr.html
INFO: [ app_begin ] --START--
INFO: Run Behavior\ReadHtmlCacheBehavior [ RunTime:0.000567s ]
INFO: [ app_begin ] --END-- [ RunTime:0.001003s ]
SQL: SHOW COLUMNS FROM `tp_cate` [ RunTime:0.0516s ]
SQL: SHOW COLUMNS FROM `tp_attribute` [ RunTime:0.0084s ]
SQL: SELECT * FROM `tp_attribute` WHERE ( cate_id=1 )  [ RunTime:0.0003s ]

[ 2017-06-06T11:35:36+08:00 ] 127.0.0.1 /Admin/Attribute/get_attr.html
INFO: [ app_begin ] --START--
INFO: Run Behavior\ReadHtmlCacheBehavior [ RunTime:0.000559s ]
INFO: [ app_begin ] --END-- [ RunTime:0.001022s ]
SQL: SHOW COLUMNS FROM `tp_cate` [ RunTime:0.0572s ]
SQL: SHOW COLUMNS FROM `tp_attribute` [ RunTime:0.0086s ]
SQL: SELECT * FROM `tp_attribute` WHERE ( cate_id=1 )  [ RunTime:0.0003s ]

[ 2017-06-06T11:35:49+08:00 ] 127.0.0.1 /Admin/Attribute/get_attr.html
INFO: [ app_begin ] --START--
INFO: Run Behavior\ReadHtmlCacheBehavior [ RunTime:0.000545s ]
INFO: [ app_begin ] --END-- [ RunTime:0.000957s ]
SQL: SHOW COLUMNS FROM `tp_cate` [ RunTime:0.0123s ]
SQL: SHOW COLUMNS FROM `tp_attribute` [ RunTime:0.0086s ]
SQL: SELECT * FROM `tp_attribute` WHERE ( cate_id=2 )  [ RunTime:0.0003s ]

[ 2017-06-06T11:35:54+08:00 ] 127.0.0.1 /Admin/Attribute/get_attr.html
INFO: [ app_begin ] --START--
INFO: Run Behavior\ReadHtmlCacheBehavior [ RunTime:0.000573s ]
INFO: [ app_begin ] --END-- [ RunTime:0.001004s ]
SQL: SHOW COLUMNS FROM `tp_cate` [ RunTime:0.0118s ]
SQL: SHOW COLUMNS FROM `tp_attribute` [ RunTime:0.0124s ]
SQL: SELECT * FROM `tp_attribute` WHERE ( cate_id=1 )  [ RunTime:0.0004s ]

[ 2017-06-06T11:36:22+08:00 ] 127.0.0.1 /Admin/Attribute/get_attr.html
INFO: [ app_begin ] --START--
INFO: Run Behavior\ReadHtmlCacheBehavior [ RunTime:0.000409s ]
INFO: [ app_begin ] --END-- [ RunTime:0.000800s ]
SQL: SHOW COLUMNS FROM `tp_cate` [ RunTime:0.0108s ]
SQL: SHOW COLUMNS FROM `tp_attribute` [ RunTime:0.0094s ]
SQL: SELECT * FROM `tp_attribute` WHERE ( cate_id=1 )  [ RunTime:0.0003s ]

[ 2017-06-06T11:37:43+08:00 ] 127.0.0.1 /Admin/Attribute/get_attr.html
INFO: [ app_begin ] --START--
INFO: Run Behavior\ReadHtmlCacheBehavior [ RunTime:0.000551s ]
INFO: [ app_begin ] --END-- [ RunTime:0.000973s ]
SQL: SHOW COLUMNS FROM `tp_cate` [ RunTime:0.0116s ]
SQL: SHOW COLUMNS FROM `tp_attribute` [ RunTime:0.0120s ]
SQL: SELECT * FROM `tp_attribute` WHERE ( cate_id=1 )  [ RunTime:0.0003s ]

[ 2017-06-06T12:02:43+08:00 ] 127.0.0.1 /Admin/Goods/delete
INFO: [ app_begin ] --START--
INFO: Run Behavior\ReadHtmlCacheBehavior [ RunTime:0.000549s ]
INFO: [ app_begin ] --END-- [ RunTime:0.000956s ]
SQL: SHOW COLUMNS FROM `tp_goods` [ RunTime:0.0127s ]
SQL: SELECT * FROM `tp_goods` WHERE `id` = 71 LIMIT 1   [ RunTime:0.0005s ]
SQL: UPDATE `tp_goods` SET `goods_status`='0' WHERE `id` = 71 [ RunTime:0.0005s ]

[ 2017-06-06T12:02:45+08:00 ] 127.0.0.1 /Admin/Goods/delete
INFO: [ app_begin ] --START--
INFO: Run Behavior\ReadHtmlCacheBehavior [ RunTime:0.000745s ]
INFO: [ app_begin ] --END-- [ RunTime:0.001171s ]
SQL: SHOW COLUMNS FROM `tp_goods` [ RunTime:0.0122s ]
SQL: SELECT * FROM `tp_goods` WHERE `id` = 70 LIMIT 1   [ RunTime:0.0004s ]
SQL: UPDATE `tp_goods` SET `goods_status`='0' WHERE `id` = 70 [ RunTime:0.0003s ]

[ 2017-06-06T12:02:46+08:00 ] 127.0.0.1 /Admin/Goods/delete
INFO: [ app_begin ] --START--
INFO: Run Behavior\ReadHtmlCacheBehavior [ RunTime:0.000545s ]
INFO: [ app_begin ] --END-- [ RunTime:0.000966s ]
SQL: SHOW COLUMNS FROM `tp_goods` [ RunTime:0.0120s ]
SQL: SELECT * FROM `tp_goods` WHERE `id` = 69 LIMIT 1   [ RunTime:0.0004s ]
SQL: UPDATE `tp_goods` SET `goods_status`='0' WHERE `id` = 69 [ RunTime:0.0003s ]

[ 2017-06-06T12:03:13+08:00 ] 127.0.0.1 /Admin/Attribute/get_attr.html
INFO: [ app_begin ] --START--
INFO: Run Behavior\ReadHtmlCacheBehavior [ RunTime:0.000583s ]
INFO: [ app_begin ] --END-- [ RunTime:0.000995s ]
SQL: SHOW COLUMNS FROM `tp_cate` [ RunTime:0.0121s ]
SQL: SHOW COLUMNS FROM `tp_attribute` [ RunTime:0.0093s ]
SQL: SELECT * FROM `tp_attribute` WHERE ( cate_id=1 )  [ RunTime:0.0004s ]

[ 2017-06-06T12:13:46+08:00 ] 127.0.0.1 /Admin/Attribute/get_attr.html
INFO: [ app_begin ] --START--
INFO: Run Behavior\ReadHtmlCacheBehavior [ RunTime:0.000594s ]
INFO: [ app_begin ] --END-- [ RunTime:0.001064s ]
SQL: SHOW COLUMNS FROM `tp_cate` [ RunTime:0.0124s ]
SQL: SHOW COLUMNS FROM `tp_attribute` [ RunTime:0.0135s ]
SQL: SELECT * FROM `tp_attribute` WHERE ( cate_id=1 )  [ RunTime:0.0003s ]

[ 2017-06-06T13:50:26+08:00 ] 127.0.0.1 /Admin/Attribute/get_attr.html
INFO: [ app_begin ] --START--
INFO: Run Behavior\ReadHtmlCacheBehavior [ RunTime:0.000587s ]
INFO: [ app_begin ] --END-- [ RunTime:0.001046s ]
SQL: SHOW COLUMNS FROM `tp_cate` [ RunTime:0.0120s ]
SQL: SHOW COLUMNS FROM `tp_attribute` [ RunTime:0.0116s ]
SQL: SELECT * FROM `tp_attribute` WHERE ( cate_id=1 )  [ RunTime:0.0004s ]

[ 2017-06-06T13:54:59+08:00 ] 127.0.0.1 /Admin/Attribute/get_attr.html
INFO: [ app_begin ] --START--
INFO: Run Behavior\ReadHtmlCacheBehavior [ RunTime:0.000592s ]
INFO: [ app_begin ] --END-- [ RunTime:0.001005s ]
SQL: SHOW COLUMNS FROM `tp_cate` [ RunTime:0.0115s ]
SQL: SHOW COLUMNS FROM `tp_attribute` [ RunTime:0.0095s ]
SQL: SELECT * FROM `tp_attribute` WHERE ( cate_id=1 )  [ RunTime:0.0004s ]

[ 2017-06-06T13:56:45+08:00 ] 127.0.0.1 /Admin/Attribute/get_attr.html
INFO: [ app_begin ] --START--
INFO: Run Behavior\ReadHtmlCacheBehavior [ RunTime:0.000565s ]
INFO: [ app_begin ] --END-- [ RunTime:0.001008s ]
SQL: SHOW COLUMNS FROM `tp_cate` [ RunTime:0.0122s ]
SQL: SHOW COLUMNS FROM `tp_attribute` [ RunTime:0.0086s ]
SQL: SELECT * FROM `tp_attribute` WHERE ( cate_id=1 )  [ RunTime:0.0004s ]

[ 2017-06-06T13:57:15+08:00 ] 127.0.0.1 /Admin/Attribute/get_attr.html
INFO: [ app_begin ] --START--
INFO: Run Behavior\ReadHtmlCacheBehavior [ RunTime:0.000935s ]
INFO: [ app_begin ] --END-- [ RunTime:0.001367s ]
SQL: SHOW COLUMNS FROM `tp_cate` [ RunTime:0.0124s ]
SQL: SHOW COLUMNS FROM `tp_attribute` [ RunTime:0.0089s ]
SQL: SELECT * FROM `tp_attribute` WHERE ( cate_id=1 )  [ RunTime:0.0003s ]

[ 2017-06-06T13:59:00+08:00 ] 127.0.0.1 /Admin/Attribute/get_attr.html
INFO: [ app_begin ] --START--
INFO: Run Behavior\ReadHtmlCacheBehavior [ RunTime:0.000647s ]
INFO: [ app_begin ] --END-- [ RunTime:0.001028s ]
SQL: SHOW COLUMNS FROM `tp_cate` [ RunTime:0.0136s ]
SQL: SHOW COLUMNS FROM `tp_attribute` [ RunTime:0.0098s ]
SQL: SELECT * FROM `tp_attribute` WHERE ( cate_id=1 )  [ RunTime:0.0005s ]

[ 2017-06-06T14:06:35+08:00 ] 127.0.0.1 /Admin/Attribute/get_attr.html
INFO: [ app_begin ] --START--
INFO: Run Behavior\ReadHtmlCacheBehavior [ RunTime:0.000500s ]
INFO: [ app_begin ] --END-- [ RunTime:0.000895s ]
SQL: SHOW COLUMNS FROM `tp_cate` [ RunTime:0.0118s ]
SQL: SHOW COLUMNS FROM `tp_attribute` [ RunTime:0.0111s ]
SQL: SELECT * FROM `tp_attribute` WHERE ( cate_id=1 )  [ RunTime:0.0004s ]

[ 2017-06-06T14:07:45+08:00 ] 127.0.0.1 /Admin/Attribute/get_attr.html
INFO: [ app_begin ] --START--
INFO: Run Behavior\ReadHtmlCacheBehavior [ RunTime:0.000466s ]
INFO: [ app_begin ] --END-- [ RunTime:0.000869s ]
SQL: SHOW COLUMNS FROM `tp_cate` [ RunTime:0.0118s ]
SQL: SHOW COLUMNS FROM `tp_attribute` [ RunTime:0.0207s ]
SQL: SELECT * FROM `tp_attribute` WHERE ( cate_id=1 )  [ RunTime:0.0004s ]

[ 2017-06-06T14:09:08+08:00 ] 127.0.0.1 /Admin/Attribute/get_attr.html
INFO: [ app_begin ] --START--
INFO: Run Behavior\ReadHtmlCacheBehavior [ RunTime:0.000727s ]
INFO: [ app_begin ] --END-- [ RunTime:0.001334s ]
SQL: SHOW COLUMNS FROM `tp_cate` [ RunTime:0.0114s ]
SQL: SHOW COLUMNS FROM `tp_attribute` [ RunTime:0.0085s ]
SQL: SELECT * FROM `tp_attribute` WHERE ( cate_id=1 )  [ RunTime:0.0003s ]

[ 2017-06-06T14:10:33+08:00 ] 127.0.0.1 /Admin/Attribute/get_attr.html
INFO: [ app_begin ] --START--
INFO: Run Behavior\ReadHtmlCacheBehavior [ RunTime:0.000848s ]
INFO: [ app_begin ] --END-- [ RunTime:0.001583s ]
SQL: SHOW COLUMNS FROM `tp_cate` [ RunTime:0.0120s ]
SQL: SHOW COLUMNS FROM `tp_attribute` [ RunTime:0.0086s ]
SQL: SELECT * FROM `tp_attribute` WHERE ( cate_id=1 )  [ RunTime:0.0004s ]

[ 2017-06-06T14:11:25+08:00 ] 127.0.0.1 /Admin/Attribute/get_attr.html
INFO: [ app_begin ] --START--
INFO: Run Behavior\ReadHtmlCacheBehavior [ RunTime:0.000574s ]
INFO: [ app_begin ] --END-- [ RunTime:0.000948s ]
SQL: SHOW COLUMNS FROM `tp_cate` [ RunTime:0.0124s ]
SQL: SHOW COLUMNS FROM `tp_attribute` [ RunTime:0.0096s ]
SQL: SELECT * FROM `tp_attribute` WHERE ( cate_id=1 )  [ RunTime:0.0004s ]

[ 2017-06-06T14:11:40+08:00 ] 127.0.0.1 /Admin/Attribute/get_attr.html
INFO: [ app_begin ] --START--
INFO: Run Behavior\ReadHtmlCacheBehavior [ RunTime:0.000591s ]
INFO: [ app_begin ] --END-- [ RunTime:0.001011s ]
SQL: SHOW COLUMNS FROM `tp_cate` [ RunTime:0.0124s ]
SQL: SHOW COLUMNS FROM `tp_attribute` [ RunTime:0.0090s ]
SQL: SELECT * FROM `tp_attribute` WHERE ( cate_id=1 )  [ RunTime:0.0004s ]

[ 2017-06-06T14:12:41+08:00 ] 127.0.0.1 /Admin/Attribute/get_attr.html
INFO: [ app_begin ] --START--
INFO: Run Behavior\ReadHtmlCacheBehavior [ RunTime:0.000601s ]
INFO: [ app_begin ] --END-- [ RunTime:0.001051s ]
SQL: SHOW COLUMNS FROM `tp_cate` [ RunTime:0.0224s ]
SQL: SHOW COLUMNS FROM `tp_attribute` [ RunTime:0.0590s ]
SQL: SELECT * FROM `tp_attribute` WHERE ( cate_id=1 )  [ RunTime:0.0007s ]

[ 2017-06-06T14:14:34+08:00 ] 127.0.0.1 /Admin/Attribute/get_attr.html
INFO: [ app_begin ] --START--
INFO: Run Behavior\ReadHtmlCacheBehavior [ RunTime:0.000676s ]
INFO: [ app_begin ] --END-- [ RunTime:0.001091s ]
SQL: SHOW COLUMNS FROM `tp_cate` [ RunTime:0.0122s ]
SQL: SHOW COLUMNS FROM `tp_attribute` [ RunTime:0.0095s ]
SQL: SELECT * FROM `tp_attribute` WHERE ( cate_id=1 )  [ RunTime:0.0004s ]

[ 2017-06-06T14:16:14+08:00 ] 127.0.0.1 /Admin/Attribute/get_attr.html
INFO: [ app_begin ] --START--
INFO: Run Behavior\ReadHtmlCacheBehavior [ RunTime:0.000551s ]
INFO: [ app_begin ] --END-- [ RunTime:0.000930s ]
SQL: SHOW COLUMNS FROM `tp_cate` [ RunTime:0.0126s ]
SQL: SHOW COLUMNS FROM `tp_attribute` [ RunTime:0.0088s ]
SQL: SELECT * FROM `tp_attribute` WHERE ( cate_id=1 )  [ RunTime:0.0004s ]

[ 2017-06-06T14:17:05+08:00 ] 127.0.0.1 /Admin/Attribute/get_attr.html
INFO: [ app_begin ] --START--
INFO: Run Behavior\ReadHtmlCacheBehavior [ RunTime:0.000561s ]
INFO: [ app_begin ] --END-- [ RunTime:0.001001s ]
SQL: SHOW COLUMNS FROM `tp_cate` [ RunTime:0.0124s ]
SQL: SHOW COLUMNS FROM `tp_attribute` [ RunTime:0.0083s ]
SQL: SELECT * FROM `tp_attribute` WHERE ( cate_id=1 )  [ RunTime:0.0004s ]

[ 2017-06-06T14:19:07+08:00 ] 127.0.0.1 /Admin/Attribute/get_attr.html
INFO: [ app_begin ] --START--
INFO: Run Behavior\ReadHtmlCacheBehavior [ RunTime:0.000625s ]
INFO: [ app_begin ] --END-- [ RunTime:0.001210s ]
SQL: SHOW COLUMNS FROM `tp_cate` [ RunTime:0.0122s ]
SQL: SHOW COLUMNS FROM `tp_attribute` [ RunTime:0.0087s ]
SQL: SELECT * FROM `tp_attribute` WHERE ( cate_id=1 )  [ RunTime:0.0004s ]

[ 2017-06-06T14:21:45+08:00 ] 127.0.0.1 /Admin/Attribute/get_attr.html
INFO: [ app_begin ] --START--
INFO: Run Behavior\ReadHtmlCacheBehavior [ RunTime:0.001302s ]
INFO: [ app_begin ] --END-- [ RunTime:0.002033s ]
SQL: SHOW COLUMNS FROM `tp_cate` [ RunTime:0.0119s ]
SQL: SHOW COLUMNS FROM `tp_attribute` [ RunTime:0.0081s ]
SQL: SELECT * FROM `tp_attribute` WHERE ( cate_id=2 )  [ RunTime:0.0007s ]

[ 2017-06-06T14:22:15+08:00 ] 127.0.0.1 /Admin/Attribute/get_attr.html
INFO: [ app_begin ] --START--
INFO: Run Behavior\ReadHtmlCacheBehavior [ RunTime:0.000558s ]
INFO: [ app_begin ] --END-- [ RunTime:0.000963s ]
SQL: SHOW COLUMNS FROM `tp_cate` [ RunTime:0.0121s ]
SQL: SHOW COLUMNS FROM `tp_attribute` [ RunTime:0.0089s ]
SQL: SELECT * FROM `tp_attribute` WHERE ( cate_id=1 )  [ RunTime:0.0004s ]

[ 2017-06-06T14:23:46+08:00 ] 127.0.0.1 /Admin/Attribute/get_attr.html
INFO: [ app_begin ] --START--
INFO: Run Behavior\ReadHtmlCacheBehavior [ RunTime:0.000814s ]
INFO: [ app_begin ] --END-- [ RunTime:0.001287s ]
SQL: SHOW COLUMNS FROM `tp_cate` [ RunTime:0.0685s ]
SQL: SHOW COLUMNS FROM `tp_attribute` [ RunTime:0.0198s ]
SQL: SELECT * FROM `tp_attribute` WHERE ( cate_id=1 )  [ RunTime:0.0005s ]

[ 2017-06-06T14:25:32+08:00 ] 127.0.0.1 /Admin/Attribute/get_attr.html
INFO: [ app_begin ] --START--
INFO: Run Behavior\ReadHtmlCacheBehavior [ RunTime:0.000589s ]
INFO: [ app_begin ] --END-- [ RunTime:0.001031s ]
SQL: SHOW COLUMNS FROM `tp_cate` [ RunTime:0.0113s ]
SQL: SHOW COLUMNS FROM `tp_attribute` [ RunTime:0.0091s ]
SQL: SELECT * FROM `tp_attribute` WHERE ( cate_id=1 )  [ RunTime:0.0004s ]

[ 2017-06-06T14:25:55+08:00 ] 127.0.0.1 /Admin/Attribute/get_attr.html
INFO: [ app_begin ] --START--
INFO: Run Behavior\ReadHtmlCacheBehavior [ RunTime:0.000648s ]
INFO: [ app_begin ] --END-- [ RunTime:0.001140s ]
SQL: SHOW COLUMNS FROM `tp_cate` [ RunTime:0.0326s ]
SQL: SHOW COLUMNS FROM `tp_attribute` [ RunTime:0.0086s ]
SQL: SELECT * FROM `tp_attribute` WHERE ( cate_id=1 )  [ RunTime:0.0004s ]

[ 2017-06-06T14:34:32+08:00 ] 127.0.0.1 /Admin/Attribute/get_attr.html
INFO: [ app_begin ] --START--
INFO: Run Behavior\ReadHtmlCacheBehavior [ RunTime:0.000560s ]
INFO: [ app_begin ] --END-- [ RunTime:0.000966s ]
SQL: SHOW COLUMNS FROM `tp_cate` [ RunTime:0.0123s ]
SQL: SHOW COLUMNS FROM `tp_attribute` [ RunTime:0.0084s ]
SQL: SELECT * FROM `tp_attribute` WHERE ( cate_id=1 )  [ RunTime:0.0003s ]

[ 2017-06-06T14:35:04+08:00 ] 127.0.0.1 /Admin/Attribute/get_attr.html
INFO: [ app_begin ] --START--
INFO: Run Behavior\ReadHtmlCacheBehavior [ RunTime:0.000895s ]
INFO: [ app_begin ] --END-- [ RunTime:0.001577s ]
SQL: SHOW COLUMNS FROM `tp_cate` [ RunTime:0.0107s ]
SQL: SHOW COLUMNS FROM `tp_attribute` [ RunTime:0.0130s ]
SQL: SELECT * FROM `tp_attribute` WHERE ( cate_id=1 )  [ RunTime:0.0004s ]

[ 2017-06-06T14:36:01+08:00 ] 127.0.0.1 /Admin/Attribute/get_attr.html
INFO: [ app_begin ] --START--
INFO: Run Behavior\ReadHtmlCacheBehavior [ RunTime:0.000533s ]
INFO: [ app_begin ] --END-- [ RunTime:0.000895s ]
SQL: SHOW COLUMNS FROM `tp_cate` [ RunTime:0.0119s ]
SQL: SHOW COLUMNS FROM `tp_attribute` [ RunTime:0.0090s ]
SQL: SELECT * FROM `tp_attribute` WHERE ( cate_id=1 )  [ RunTime:0.0004s ]

[ 2017-06-06T14:39:01+08:00 ] 127.0.0.1 /Admin/Attribute/get_attr.html
INFO: [ app_begin ] --START--
INFO: Run Behavior\ReadHtmlCacheBehavior [ RunTime:0.000803s ]
INFO: [ app_begin ] --END-- [ RunTime:0.001276s ]
SQL: SHOW COLUMNS FROM `tp_cate` [ RunTime:0.0124s ]
SQL: SHOW COLUMNS FROM `tp_attribute` [ RunTime:0.0133s ]
SQL: SELECT * FROM `tp_attribute` WHERE ( cate_id=1 )  [ RunTime:0.0004s ]

[ 2017-06-06T14:39:25+08:00 ] 127.0.0.1 /Admin/Attribute/get_attr.html
INFO: [ app_begin ] --START--
INFO: Run Behavior\ReadHtmlCacheBehavior [ RunTime:0.000732s ]
INFO: [ app_begin ] --END-- [ RunTime:0.001260s ]
SQL: SHOW COLUMNS FROM `tp_cate` [ RunTime:0.0122s ]
SQL: SHOW COLUMNS FROM `tp_attribute` [ RunTime:0.0098s ]
SQL: SELECT * FROM `tp_attribute` WHERE ( cate_id=1 )  [ RunTime:0.0004s ]

[ 2017-06-06T14:40:05+08:00 ] 127.0.0.1 /Admin/Attribute/get_attr.html
INFO: [ app_begin ] --START--
INFO: Run Behavior\ReadHtmlCacheBehavior [ RunTime:0.000573s ]
INFO: [ app_begin ] --END-- [ RunTime:0.000934s ]
SQL: SHOW COLUMNS FROM `tp_cate` [ RunTime:0.0120s ]
SQL: SHOW COLUMNS FROM `tp_attribute` [ RunTime:0.0085s ]
SQL: SELECT * FROM `tp_attribute` WHERE ( cate_id=1 )  [ RunTime:0.0003s ]

[ 2017-06-06T14:41:47+08:00 ] 127.0.0.1 /Admin/Attribute/get_attr.html
INFO: [ app_begin ] --START--
INFO: Run Behavior\ReadHtmlCacheBehavior [ RunTime:0.000570s ]
INFO: [ app_begin ] --END-- [ RunTime:0.000946s ]
SQL: SHOW COLUMNS FROM `tp_cate` [ RunTime:0.0460s ]
SQL: SHOW COLUMNS FROM `tp_attribute` [ RunTime:0.0081s ]
SQL: SELECT * FROM `tp_attribute` WHERE ( cate_id=1 )  [ RunTime:0.0004s ]

[ 2017-06-06T14:50:33+08:00 ] 127.0.0.1 /Admin/Attribute/get_attr.html
INFO: [ app_begin ] --START--
INFO: Run Behavior\ReadHtmlCacheBehavior [ RunTime:0.000664s ]
INFO: [ app_begin ] --END-- [ RunTime:0.001145s ]
SQL: SHOW COLUMNS FROM `tp_cate` [ RunTime:0.0111s ]
SQL: SHOW COLUMNS FROM `tp_attribute` [ RunTime:0.0098s ]
SQL: SELECT * FROM `tp_attribute` WHERE ( cate_id=1 )  [ RunTime:0.0003s ]

[ 2017-06-06T14:51:21+08:00 ] 127.0.0.1 /Admin/Attribute/get_attr.html
INFO: [ app_begin ] --START--
INFO: Run Behavior\ReadHtmlCacheBehavior [ RunTime:0.001232s ]
INFO: [ app_begin ] --END-- [ RunTime:0.001889s ]
SQL: SHOW COLUMNS FROM `tp_cate` [ RunTime:0.0619s ]
SQL: SHOW COLUMNS FROM `tp_attribute` [ RunTime:0.0083s ]
SQL: SELECT * FROM `tp_attribute` WHERE ( cate_id=1 )  [ RunTime:0.0004s ]

[ 2017-06-06T15:12:37+08:00 ] 127.0.0.1 /Admin/Attribute/get_attr.html
INFO: [ app_begin ] --START--
INFO: Run Behavior\ReadHtmlCacheBehavior [ RunTime:0.000612s ]
INFO: [ app_begin ] --END-- [ RunTime:0.001065s ]
SQL: SHOW COLUMNS FROM `tp_cate` [ RunTime:0.0116s ]
SQL: SHOW COLUMNS FROM `tp_attribute` [ RunTime:0.0083s ]
SQL: SELECT * FROM `tp_attribute` WHERE ( cate_id=1 )  [ RunTime:0.0004s ]

[ 2017-06-06T15:48:06+08:00 ] 127.0.0.1 /Admin/Cate/cate_delete
INFO: [ app_begin ] --START--
INFO: Run Behavior\ReadHtmlCacheBehavior [ RunTime:0.000559s ]
INFO: [ app_begin ] --END-- [ RunTime:0.000911s ]
SQL: SHOW COLUMNS FROM `tp_cate` [ RunTime:0.0108s ]
SQL: DELETE FROM `tp_cate` WHERE `id` = 5 [ RunTime:0.0003s ]

[ 2017-06-06T15:51:16+08:00 ] 127.0.0.1 /Admin/Cate/cate_delete
INFO: [ app_begin ] --START--
INFO: Run Behavior\ReadHtmlCacheBehavior [ RunTime:0.000536s ]
INFO: [ app_begin ] --END-- [ RunTime:0.000900s ]
SQL: SHOW COLUMNS FROM `tp_cate` [ RunTime:0.0118s ]
SQL: DELETE FROM `tp_cate` WHERE `id` = 4 [ RunTime:0.0003s ]

[ 2017-06-06T15:51:26+08:00 ] 127.0.0.1 /Admin/Cate/cate_delete
INFO: [ app_begin ] --START--
INFO: Run Behavior\ReadHtmlCacheBehavior [ RunTime:0.000529s ]
INFO: [ app_begin ] --END-- [ RunTime:0.000883s ]
SQL: SHOW COLUMNS FROM `tp_cate` [ RunTime:0.0108s ]
SQL: DELETE FROM `tp_cate` WHERE `id` = 4 [ RunTime:0.0003s ]

[ 2017-06-06T15:55:23+08:00 ] 127.0.0.1 /Admin/Cate/cate_delete
INFO: [ app_begin ] --START--
INFO: Run Behavior\ReadHtmlCacheBehavior [ RunTime:0.000556s ]
INFO: [ app_begin ] --END-- [ RunTime:0.000940s ]
SQL: SHOW COLUMNS FROM `tp_cate` [ RunTime:0.0110s ]
SQL: DELETE FROM `tp_cate` WHERE `id` = 6 [ RunTime:0.0003s ]

[ 2017-06-06T16:24:59+08:00 ] 127.0.0.1 /Admin/Attribute/attr_delete
INFO: [ app_begin ] --START--
INFO: Run Behavior\ReadHtmlCacheBehavior [ RunTime:0.000664s ]
INFO: [ app_begin ] --END-- [ RunTime:0.001141s ]
SQL: SHOW COLUMNS FROM `tp_cate` [ RunTime:0.0146s ]
SQL: SHOW COLUMNS FROM `tp_attribute` [ RunTime:0.0092s ]

[ 2017-06-06T16:25:24+08:00 ] 127.0.0.1 /Admin/Attribute/attr_delete
INFO: [ app_begin ] --START--
INFO: Run Behavior\ReadHtmlCacheBehavior [ RunTime:0.000771s ]
INFO: [ app_begin ] --END-- [ RunTime:0.001290s ]
SQL: SHOW COLUMNS FROM `tp_cate` [ RunTime:0.0118s ]
SQL: SHOW COLUMNS FROM `tp_attribute` [ RunTime:0.0083s ]

[ 2017-06-06T16:25:33+08:00 ] 127.0.0.1 /Admin/Attribute/attr_delete
INFO: [ app_begin ] --START--
INFO: Run Behavior\ReadHtmlCacheBehavior [ RunTime:0.000621s ]
INFO: [ app_begin ] --END-- [ RunTime:0.001009s ]
SQL: SHOW COLUMNS FROM `tp_cate` [ RunTime:0.0113s ]
SQL: SHOW COLUMNS FROM `tp_attribute` [ RunTime:0.0100s ]

[ 2017-06-06T16:26:14+08:00 ] 127.0.0.1 /Admin/Attribute/attr_delete
INFO: [ app_begin ] --START--
INFO: Run Behavior\ReadHtmlCacheBehavior [ RunTime:0.000554s ]
INFO: [ app_begin ] --END-- [ RunTime:0.000992s ]
SQL: SHOW COLUMNS FROM `tp_cate` [ RunTime:0.0123s ]
SQL: SHOW COLUMNS FROM `tp_attribute` [ RunTime:0.0087s ]
SQL: UPDATE `tp_attribute` SET `attr_status`='0' WHERE `id` = 3 [ RunTime:0.0004s ]

[ 2017-06-06T16:42:46+08:00 ] 127.0.0.1 /Admin/Attribute/attr_delete
INFO: [ app_begin ] --START--
INFO: Run Behavior\ReadHtmlCacheBehavior [ RunTime:0.000770s ]
INFO: [ app_begin ] --END-- [ RunTime:0.001157s ]
SQL: SHOW COLUMNS FROM `tp_cate` [ RunTime:0.0119s ]
SQL: SHOW COLUMNS FROM `tp_attribute` [ RunTime:0.0086s ]
SQL: UPDATE `tp_attribute` SET `attr_status`='0' WHERE `id` = 7 [ RunTime:0.0003s ]

[ 2017-06-06T16:42:57+08:00 ] 127.0.0.1 /Admin/Attribute/attr_delete
INFO: [ app_begin ] --START--
INFO: Run Behavior\ReadHtmlCacheBehavior [ RunTime:0.000551s ]
INFO: [ app_begin ] --END-- [ RunTime:0.000950s ]
SQL: SHOW COLUMNS FROM `tp_cate` [ RunTime:0.0120s ]
SQL: SHOW COLUMNS FROM `tp_attribute` [ RunTime:0.0093s ]
SQL: UPDATE `tp_attribute` SET `attr_status`='0' WHERE `id` = 6 [ RunTime:0.0003s ]

[ 2017-06-06T17:00:50+08:00 ] 127.0.0.1 /Admin/Attribute/cate_update/id/4.html
ERR: 非法操作:cate_update

[ 2017-06-06T17:01:20+08:00 ] 127.0.0.1 /Admin/Attribute/cate_update/id/4.html
ERR: 非法操作:cate_update

[ 2017-06-06T17:01:24+08:00 ] 127.0.0.1 /Admin/Attribute/cate_update/id/4.html
ERR: 非法操作:cate_update

[ 2017-06-06T17:01:27+08:00 ] 127.0.0.1 /Admin/Attribute/cate_update/id/4.html
ERR: 非法操作:cate_update

[ 2017-06-06T17:06:49+08:00 ] 127.0.0.1 /Admin/Attribute/attr_update/id/4.html
ERR: 1052:Champ: 'id' dans where clause est ambigu
 [ SQL语句 ] : SELECT a.*,b.cate_name FROM tp_attribute a left join tp_cate as b on a.cate_id=b.id  WHERE `id` = '4' LIMIT 1  

[ 2017-06-06T20:28:47+08:00 ] 127.0.0.1 /Admin/System/__ADMIN_js/jquery-1.7.2.min.js
ERR: 非法操作:__ADMIN_js

[ 2017-06-06T20:28:57+08:00 ] 127.0.0.1 /Admin/System/__ADMIN_js/jquery-1.7.2.min.js
ERR: 非法操作:__ADMIN_js

[ 2017-06-06T20:29:11+08:00 ] 127.0.0.1 /Admin/System/__ADMIN_js/jquery-1.7.2.min.js
ERR: 非法操作:__ADMIN_js

[ 2017-06-06T20:30:30+08:00 ] 127.0.0.1 /Admin/System/__ADMIN_js/jquery-1.7.2.min.js
ERR: 非法操作:__ADMIN_js

[ 2017-06-06T20:31:00+08:00 ] 127.0.0.1 /Admin/System/__CONTROLLER/role_delete
INFO: [ app_begin ] --START--
INFO: Run Behavior\ReadHtmlCacheBehavior [ RunTime:0.000557s ]
INFO: [ app_begin ] --END-- [ RunTime:0.000928s ]
SQL: SHOW COLUMNS FROM `tp_menu` [ RunTime:0.0329s ]
SQL: SHOW COLUMNS FROM `tp_role` [ RunTime:0.0126s ]
SQL: SHOW COLUMNS FROM `tp_access` [ RunTime:0.0087s ]
ERR: 非法操作:__CONTROLLER

[ 2017-06-06T20:31:25+08:00 ] 127.0.0.1 /Admin/System/__CONTROLLER/role_delete
INFO: [ app_begin ] --START--
INFO: Run Behavior\ReadHtmlCacheBehavior [ RunTime:0.000610s ]
INFO: [ app_begin ] --END-- [ RunTime:0.001047s ]
SQL: SHOW COLUMNS FROM `tp_menu` [ RunTime:0.0232s ]
SQL: SHOW COLUMNS FROM `tp_role` [ RunTime:0.0361s ]
SQL: SHOW COLUMNS FROM `tp_access` [ RunTime:0.0092s ]
ERR: 非法操作:__CONTROLLER

[ 2017-06-06T20:31:29+08:00 ] 127.0.0.1 /Admin/System/__CONTROLLER/role_delete
INFO: [ app_begin ] --START--
INFO: Run Behavior\ReadHtmlCacheBehavior [ RunTime:0.000793s ]
INFO: [ app_begin ] --END-- [ RunTime:0.001336s ]
SQL: SHOW COLUMNS FROM `tp_menu` [ RunTime:0.0122s ]
SQL: SHOW COLUMNS FROM `tp_role` [ RunTime:0.0085s ]
SQL: SHOW COLUMNS FROM `tp_access` [ RunTime:0.0076s ]
ERR: 非法操作:__CONTROLLER

[ 2017-06-06T20:31:38+08:00 ] 127.0.0.1 /Admin/System/__CONTROLLER/role_delete
INFO: [ app_begin ] --START--
INFO: Run Behavior\ReadHtmlCacheBehavior [ RunTime:0.001030s ]
INFO: [ app_begin ] --END-- [ RunTime:0.001729s ]
SQL: SHOW COLUMNS FROM `tp_menu` [ RunTime:0.0139s ]
SQL: SHOW COLUMNS FROM `tp_role` [ RunTime:0.0162s ]
SQL: SHOW COLUMNS FROM `tp_access` [ RunTime:0.0086s ]
ERR: 非法操作:__CONTROLLER

[ 2017-06-06T20:32:20+08:00 ] 127.0.0.1 /Admin/System/role_delete
INFO: [ app_begin ] --START--
INFO: Run Behavior\ReadHtmlCacheBehavior [ RunTime:0.000529s ]
INFO: [ app_begin ] --END-- [ RunTime:0.000897s ]
SQL: SHOW COLUMNS FROM `tp_menu` [ RunTime:0.0132s ]
SQL: SHOW COLUMNS FROM `tp_role` [ RunTime:0.0086s ]
SQL: SHOW COLUMNS FROM `tp_access` [ RunTime:0.0091s ]

[ 2017-06-06T20:32:28+08:00 ] 127.0.0.1 /Admin/System/role_delete
INFO: [ app_begin ] --START--
INFO: Run Behavior\ReadHtmlCacheBehavior [ RunTime:0.000928s ]
INFO: [ app_begin ] --END-- [ RunTime:0.001717s ]
SQL: SHOW COLUMNS FROM `tp_menu` [ RunTime:0.0133s ]
SQL: SHOW COLUMNS FROM `tp_role` [ RunTime:0.0088s ]
SQL: SHOW COLUMNS FROM `tp_access` [ RunTime:0.0096s ]

[ 2017-06-06T20:33:14+08:00 ] 127.0.0.1 /Admin/System/role_delete
INFO: [ app_begin ] --START--
INFO: Run Behavior\ReadHtmlCacheBehavior [ RunTime:0.000739s ]
INFO: [ app_begin ] --END-- [ RunTime:0.001156s ]
SQL: SHOW COLUMNS FROM `tp_menu` [ RunTime:0.0121s ]
SQL: SHOW COLUMNS FROM `tp_role` [ RunTime:0.0085s ]
SQL: SHOW COLUMNS FROM `tp_access` [ RunTime:0.0131s ]

[ 2017-06-06T20:34:15+08:00 ] 127.0.0.1 /Admin/System/role_delete
INFO: [ app_begin ] --START--
INFO: Run Behavior\ReadHtmlCacheBehavior [ RunTime:0.000579s ]
INFO: [ app_begin ] --END-- [ RunTime:0.000957s ]
SQL: SHOW COLUMNS FROM `tp_menu` [ RunTime:0.0117s ]
SQL: SHOW COLUMNS FROM `tp_role` [ RunTime:0.0088s ]
SQL: SHOW COLUMNS FROM `tp_access` [ RunTime:0.0078s ]

[ 2017-06-06T20:34:19+08:00 ] 127.0.0.1 /Admin/System/role_delete
INFO: [ app_begin ] --START--
INFO: Run Behavior\ReadHtmlCacheBehavior [ RunTime:0.000547s ]
INFO: [ app_begin ] --END-- [ RunTime:0.000902s ]
SQL: SHOW COLUMNS FROM `tp_menu` [ RunTime:0.0113s ]
SQL: SHOW COLUMNS FROM `tp_role` [ RunTime:0.0088s ]
SQL: SHOW COLUMNS FROM `tp_access` [ RunTime:0.0352s ]

[ 2017-06-06T20:34:40+08:00 ] 127.0.0.1 /Admin/System/role_delete
INFO: [ app_begin ] --START--
INFO: Run Behavior\ReadHtmlCacheBehavior [ RunTime:0.000552s ]
INFO: [ app_begin ] --END-- [ RunTime:0.000924s ]
SQL: SHOW COLUMNS FROM `tp_menu` [ RunTime:0.0123s ]
SQL: SHOW COLUMNS FROM `tp_role` [ RunTime:0.0128s ]
SQL: SHOW COLUMNS FROM `tp_access` [ RunTime:0.0094s ]

[ 2017-06-06T20:34:41+08:00 ] 127.0.0.1 /Admin/System/role_delete
INFO: [ app_begin ] --START--
INFO: Run Behavior\ReadHtmlCacheBehavior [ RunTime:0.000557s ]
INFO: [ app_begin ] --END-- [ RunTime:0.000935s ]
SQL: SHOW COLUMNS FROM `tp_menu` [ RunTime:0.0115s ]
SQL: SHOW COLUMNS FROM `tp_role` [ RunTime:0.0090s ]
SQL: SHOW COLUMNS FROM `tp_access` [ RunTime:0.0081s ]

[ 2017-06-06T20:34:42+08:00 ] 127.0.0.1 /Admin/System/role_delete
INFO: [ app_begin ] --START--
INFO: Run Behavior\ReadHtmlCacheBehavior [ RunTime:0.000557s ]
INFO: [ app_begin ] --END-- [ RunTime:0.000914s ]
SQL: SHOW COLUMNS FROM `tp_menu` [ RunTime:0.0666s ]
SQL: SHOW COLUMNS FROM `tp_role` [ RunTime:0.0088s ]
SQL: SHOW COLUMNS FROM `tp_access` [ RunTime:0.0084s ]

[ 2017-06-06T20:34:46+08:00 ] 127.0.0.1 /Admin/System/role_delete
INFO: [ app_begin ] --START--
INFO: Run Behavior\ReadHtmlCacheBehavior [ RunTime:0.000785s ]
INFO: [ app_begin ] --END-- [ RunTime:0.001314s ]
SQL: SHOW COLUMNS FROM `tp_menu` [ RunTime:0.0121s ]
SQL: SHOW COLUMNS FROM `tp_role` [ RunTime:0.0091s ]
SQL: SHOW COLUMNS FROM `tp_access` [ RunTime:0.0087s ]

[ 2017-06-06T20:34:54+08:00 ] 127.0.0.1 /Admin/System/role_delete
INFO: [ app_begin ] --START--
INFO: Run Behavior\ReadHtmlCacheBehavior [ RunTime:0.000647s ]
INFO: [ app_begin ] --END-- [ RunTime:0.001052s ]
SQL: SHOW COLUMNS FROM `tp_menu` [ RunTime:0.0591s ]
SQL: SHOW COLUMNS FROM `tp_role` [ RunTime:0.0079s ]
SQL: SHOW COLUMNS FROM `tp_access` [ RunTime:0.0078s ]

[ 2017-06-06T20:35:00+08:00 ] 127.0.0.1 /Admin/System/role_delete
INFO: [ app_begin ] --START--
INFO: Run Behavior\ReadHtmlCacheBehavior [ RunTime:0.000702s ]
INFO: [ app_begin ] --END-- [ RunTime:0.001171s ]
SQL: SHOW COLUMNS FROM `tp_menu` [ RunTime:0.0154s ]
SQL: SHOW COLUMNS FROM `tp_role` [ RunTime:0.0077s ]
SQL: SHOW COLUMNS FROM `tp_access` [ RunTime:0.0095s ]

[ 2017-06-06T20:35:15+08:00 ] 127.0.0.1 /Admin/System/role_delete
INFO: [ app_begin ] --START--
INFO: Run Behavior\ReadHtmlCacheBehavior [ RunTime:0.000555s ]
INFO: [ app_begin ] --END-- [ RunTime:0.000897s ]
SQL: SHOW COLUMNS FROM `tp_menu` [ RunTime:0.0618s ]
SQL: SHOW COLUMNS FROM `tp_role` [ RunTime:0.0089s ]
SQL: SHOW COLUMNS FROM `tp_access` [ RunTime:0.0077s ]

[ 2017-06-06T20:35:19+08:00 ] 127.0.0.1 /Admin/System/role_delete
INFO: [ app_begin ] --START--
INFO: Run Behavior\ReadHtmlCacheBehavior [ RunTime:0.000633s ]
INFO: [ app_begin ] --END-- [ RunTime:0.001033s ]
SQL: SHOW COLUMNS FROM `tp_menu` [ RunTime:0.0115s ]
SQL: SHOW COLUMNS FROM `tp_role` [ RunTime:0.0086s ]
SQL: SHOW COLUMNS FROM `tp_access` [ RunTime:0.0086s ]

[ 2017-06-06T20:35:20+08:00 ] 127.0.0.1 /Admin/System/role_delete
INFO: [ app_begin ] --START--
INFO: Run Behavior\ReadHtmlCacheBehavior [ RunTime:0.000531s ]
INFO: [ app_begin ] --END-- [ RunTime:0.000895s ]
SQL: SHOW COLUMNS FROM `tp_menu` [ RunTime:0.0114s ]
SQL: SHOW COLUMNS FROM `tp_role` [ RunTime:0.0087s ]
SQL: SHOW COLUMNS FROM `tp_access` [ RunTime:0.0090s ]

[ 2017-06-06T20:36:16+08:00 ] 127.0.0.1 /Admin/System/role_delete
INFO: [ app_begin ] --START--
INFO: Run Behavior\ReadHtmlCacheBehavior [ RunTime:0.000598s ]
INFO: [ app_begin ] --END-- [ RunTime:0.001015s ]
SQL: SHOW COLUMNS FROM `tp_menu` [ RunTime:0.0140s ]
SQL: SHOW COLUMNS FROM `tp_role` [ RunTime:0.0089s ]
SQL: SHOW COLUMNS FROM `tp_access` [ RunTime:0.0093s ]

[ 2017-06-06T20:37:49+08:00 ] 127.0.0.1 /Admin/System/role_delete
INFO: [ app_begin ] --START--
INFO: Run Behavior\ReadHtmlCacheBehavior [ RunTime:0.000569s ]
INFO: [ app_begin ] --END-- [ RunTime:0.000973s ]
SQL: SHOW COLUMNS FROM `tp_menu` [ RunTime:0.0142s ]
SQL: SHOW COLUMNS FROM `tp_role` [ RunTime:0.0100s ]
SQL: SHOW COLUMNS FROM `tp_access` [ RunTime:0.0170s ]

[ 2017-06-06T20:40:05+08:00 ] 127.0.0.1 /Admin/System/role_delete
INFO: [ app_begin ] --START--
INFO: Run Behavior\ReadHtmlCacheBehavior [ RunTime:0.000863s ]
INFO: [ app_begin ] --END-- [ RunTime:0.001570s ]
SQL: SHOW COLUMNS FROM `tp_menu` [ RunTime:0.0155s ]
SQL: SHOW COLUMNS FROM `tp_role` [ RunTime:0.0100s ]
SQL: SHOW COLUMNS FROM `tp_access` [ RunTime:0.0086s ]

[ 2017-06-06T20:40:25+08:00 ] 127.0.0.1 /Admin/System/role_delete
INFO: [ app_begin ] --START--
INFO: Run Behavior\ReadHtmlCacheBehavior [ RunTime:0.000627s ]
INFO: [ app_begin ] --END-- [ RunTime:0.001014s ]
SQL: SHOW COLUMNS FROM `tp_menu` [ RunTime:0.0120s ]
SQL: SHOW COLUMNS FROM `tp_role` [ RunTime:0.0084s ]
SQL: SHOW COLUMNS FROM `tp_access` [ RunTime:0.0090s ]

[ 2017-06-06T20:40:47+08:00 ] 127.0.0.1 /Admin/System/role_delete
INFO: [ app_begin ] --START--
INFO: Run Behavior\ReadHtmlCacheBehavior [ RunTime:0.001142s ]
INFO: [ app_begin ] --END-- [ RunTime:0.002828s ]
SQL: SHOW COLUMNS FROM `tp_menu` [ RunTime:0.0146s ]
SQL: SHOW COLUMNS FROM `tp_role` [ RunTime:0.0098s ]
SQL: SHOW COLUMNS FROM `tp_access` [ RunTime:0.0089s ]
SQL: DELETE FROM `tp_role` WHERE `id` = 4 [ RunTime:0.0006s ]

